+ KEY=stress_poti_5_nodes_735647
+ GUIX_DAEMON_SOCKET=guix://192.168.30.23
+ export GUIX_DAEMON_SOCKET
+ GUIX_LOCPATH=/var/guix/profiles/per-user/root/guix-profile/lib/locale
+ export GUIX_LOCPATH
+ for GUIX_PROFILE in "$HOME/.config/guix/current"
+ '[' -f /home/users/ojsmarcondes/.config/guix/current/etc/profile ']'
+ . /home/users/ojsmarcondes/.config/guix/current/etc/profile
++ export PATH=/home/users/ojsmarcondes/.config/guix/current/bin:/usr/local/bin:/usr/bin:/bin:/usr/local/games:/usr/games:/usr/local/go/bin:/usr/local/cuda/bin
++ PATH=/home/users/ojsmarcondes/.config/guix/current/bin:/usr/local/bin:/usr/bin:/bin:/usr/local/games:/usr/games:/usr/local/go/bin:/usr/local/cuda/bin
+ GUIX_MANIFEST=stress_poti_5_nodes_735647/stress_poti_5_nodes_735647.scm
+ cat
+ set +u
++ guix shell -m stress_poti_5_nodes_735647/stress_poti_5_nodes_735647.scm --search-paths
hint: Consider installing the `glibc-locales' package and defining
`GUIX_LOCPATH', along these lines:

     guix install glibc-locales
     export GUIX_LOCPATH="$HOME/.guix-profile/lib/locale"

See the "Application Setup" section in the manual, for more info.

+ eval 'export PATH="/gnu/store/9wlnqbvkmdwjysi56xcwmym1xaprd2cm-profile/bin${PATH:+:}$PATH"'
++ export PATH=/gnu/store/9wlnqbvkmdwjysi56xcwmym1xaprd2cm-profile/bin:/home/users/ojsmarcondes/.config/guix/current/bin:/usr/local/bin:/usr/bin:/bin:/usr/local/games:/usr/games:/usr/local/go/bin:/usr/local/cuda/bin
++ PATH=/gnu/store/9wlnqbvkmdwjysi56xcwmym1xaprd2cm-profile/bin:/home/users/ojsmarcondes/.config/guix/current/bin:/usr/local/bin:/usr/bin:/bin:/usr/local/games:/usr/games:/usr/local/go/bin:/usr/local/cuda/bin
+ set -u
+ HOSTFILE=stress_poti_5_nodes_735647/735647.nodes
+ srun -l hostname
+ sort -n
+ awk '{print $2}'
+ CSV_FILE=stress_poti_5_nodes_experimental_project.csv
+ rsync stress_poti_5_nodes_experimental_project.csv ./stress_poti_5_nodes_735647/
+ rsync /var/spool/slurmd/job735647/slurm_script ./stress_poti_5_nodes_735647/stress_poti_5_nodes_735647.slurm
++ cut '-d ' -f1
++ cat stress_poti_5_nodes_735647/735647.nodes
+ for machine in $(cat $HOSTFILE | cut -d" " -f1)
+ ssh poti1 'for i in $(seq 0 $(( $(nproc) - 1 ))); do maxf=$(cat /sys/devices/system/cpu/cpu$i/cpufreq/cpuinfo_max_freq); cpufreq-set -c $i -g performance -d $maxf -u $maxf; done'
+ for machine in $(cat $HOSTFILE | cut -d" " -f1)
+ ssh poti2 'for i in $(seq 0 $(( $(nproc) - 1 ))); do maxf=$(cat /sys/devices/system/cpu/cpu$i/cpufreq/cpuinfo_max_freq); cpufreq-set -c $i -g performance -d $maxf -u $maxf; done'
+ for machine in $(cat $HOSTFILE | cut -d" " -f1)
+ ssh poti3 'for i in $(seq 0 $(( $(nproc) - 1 ))); do maxf=$(cat /sys/devices/system/cpu/cpu$i/cpufreq/cpuinfo_max_freq); cpufreq-set -c $i -g performance -d $maxf -u $maxf; done'
+ for machine in $(cat $HOSTFILE | cut -d" " -f1)
+ ssh poti4 'for i in $(seq 0 $(( $(nproc) - 1 ))); do maxf=$(cat /sys/devices/system/cpu/cpu$i/cpufreq/cpuinfo_max_freq); cpufreq-set -c $i -g performance -d $maxf -u $maxf; done'
+ for machine in $(cat $HOSTFILE | cut -d" " -f1)
+ ssh poti5 'for i in $(seq 0 $(( $(nproc) - 1 ))); do maxf=$(cat /sys/devices/system/cpu/cpu$i/cpufreq/cpuinfo_max_freq); cpufreq-set -c $i -g performance -d $maxf -u $maxf; done'
+ OUT_FILE=stress_poti_5_nodes_735647/stress_poti_5_nodes_735647_output.csv
+ echo time,cpu,io,memory,nodes,exp,order,start_ts,end_ts
+ sleep 30
+ tail -n +2 stress_poti_5_nodes_experimental_project.csv
+ IFS=,
+ read -r time cpu io memory nodes exp order
+ STRESS_PARAMETERS=
+ (( cpu > 0 ))
+ STRESS_PARAMETERS+=' --cpu 8'
+ (( io > 0 ))
+ STRESS_PARAMETERS+=' --io 8'
+ (( memory > 0 ))
+ STRESS_PARAMETERS+=' --vm 8'
+ STRESS_PARAMETERS+=' --timeout 5m'
++ date '+%F %T'
+ start_ts='2025-11-25 17:15:33'
++ head -n 3 stress_poti_5_nodes_735647/735647.nodes
++ cut '-d ' -f1
+ for machine in $(head -n "$nodes" "$HOSTFILE" | cut -d" " -f1)
+ for machine in $(head -n "$nodes" "$HOSTFILE" | cut -d" " -f1)
+ for machine in $(head -n "$nodes" "$HOSTFILE" | cut -d" " -f1)
++ which stress
+ sleep 5m
++ which stress
++ which stress
+ ssh -n poti2 '/gnu/store/9wlnqbvkmdwjysi56xcwmym1xaprd2cm-profile/bin/stress  --cpu 8 --io 8 --vm 8 --timeout 5m'
+ ssh -n poti3 '/gnu/store/9wlnqbvkmdwjysi56xcwmym1xaprd2cm-profile/bin/stress  --cpu 8 --io 8 --vm 8 --timeout 5m'
+ ssh -n poti1 '/gnu/store/9wlnqbvkmdwjysi56xcwmym1xaprd2cm-profile/bin/stress  --cpu 8 --io 8 --vm 8 --timeout 5m'
++ date '+%F %T'
+ end_ts='2025-11-25 17:20:33'
+ echo '5m,8,8,8,3,stress_poti_5_nodes,stress_poti_5_nodes_5m_CPU8_IO8_MEM8_N3_1,2025-11-25 17:15:33,2025-11-25 17:20:33'
+ sleep 30
+ IFS=,
+ read -r time cpu io memory nodes exp order
+ STRESS_PARAMETERS=
+ (( cpu > 0 ))
+ STRESS_PARAMETERS+=' --cpu 12'
+ (( io > 0 ))
+ STRESS_PARAMETERS+=' --io 12'
+ (( memory > 0 ))
+ STRESS_PARAMETERS+=' --timeout 5m'
++ date '+%F %T'
+ start_ts='2025-11-25 17:21:03'
++ head -n 3 stress_poti_5_nodes_735647/735647.nodes
++ cut '-d ' -f1
+ for machine in $(head -n "$nodes" "$HOSTFILE" | cut -d" " -f1)
+ for machine in $(head -n "$nodes" "$HOSTFILE" | cut -d" " -f1)
+ for machine in $(head -n "$nodes" "$HOSTFILE" | cut -d" " -f1)
+ sleep 5m
++ which stress
++ which stress
++ which stress
+ ssh -n poti2 '/gnu/store/9wlnqbvkmdwjysi56xcwmym1xaprd2cm-profile/bin/stress  --cpu 12 --io 12 --timeout 5m'
+ ssh -n poti1 '/gnu/store/9wlnqbvkmdwjysi56xcwmym1xaprd2cm-profile/bin/stress  --cpu 12 --io 12 --timeout 5m'
+ ssh -n poti3 '/gnu/store/9wlnqbvkmdwjysi56xcwmym1xaprd2cm-profile/bin/stress  --cpu 12 --io 12 --timeout 5m'
++ date '+%F %T'
+ end_ts='2025-11-25 17:26:03'
+ echo '5m,12,12,0,3,stress_poti_5_nodes,stress_poti_5_nodes_5m_CPU12_IO12_MEM0_N3_2,2025-11-25 17:21:03,2025-11-25 17:26:03'
+ sleep 30
+ IFS=,
+ read -r time cpu io memory nodes exp order
+ STRESS_PARAMETERS=
+ (( cpu > 0 ))
+ (( io > 0 ))
+ STRESS_PARAMETERS+=' --io 24'
+ (( memory > 0 ))
+ STRESS_PARAMETERS+=' --timeout 5m'
++ date '+%F %T'
+ start_ts='2025-11-25 17:26:33'
++ head -n 5 stress_poti_5_nodes_735647/735647.nodes
++ cut '-d ' -f1
+ for machine in $(head -n "$nodes" "$HOSTFILE" | cut -d" " -f1)
+ for machine in $(head -n "$nodes" "$HOSTFILE" | cut -d" " -f1)
+ for machine in $(head -n "$nodes" "$HOSTFILE" | cut -d" " -f1)
+ for machine in $(head -n "$nodes" "$HOSTFILE" | cut -d" " -f1)
+ for machine in $(head -n "$nodes" "$HOSTFILE" | cut -d" " -f1)
++ which stress
+ sleep 5m
++ which stress
++ which stress
++ which stress
++ which stress
+ ssh -n poti4 '/gnu/store/9wlnqbvkmdwjysi56xcwmym1xaprd2cm-profile/bin/stress  --io 24 --timeout 5m'
+ ssh -n poti5 '/gnu/store/9wlnqbvkmdwjysi56xcwmym1xaprd2cm-profile/bin/stress  --io 24 --timeout 5m'
+ ssh -n poti1 '/gnu/store/9wlnqbvkmdwjysi56xcwmym1xaprd2cm-profile/bin/stress  --io 24 --timeout 5m'
+ ssh -n poti3 '/gnu/store/9wlnqbvkmdwjysi56xcwmym1xaprd2cm-profile/bin/stress  --io 24 --timeout 5m'
+ ssh -n poti2 '/gnu/store/9wlnqbvkmdwjysi56xcwmym1xaprd2cm-profile/bin/stress  --io 24 --timeout 5m'
++ date '+%F %T'
+ end_ts='2025-11-25 17:31:33'
+ echo '5m,0,24,0,5,stress_poti_5_nodes,stress_poti_5_nodes_5m_CPU0_IO24_MEM0_N5_3,2025-11-25 17:26:33,2025-11-25 17:31:33'
+ sleep 30
+ IFS=,
+ read -r time cpu io memory nodes exp order
+ STRESS_PARAMETERS=
+ (( cpu > 0 ))
+ (( io > 0 ))
+ STRESS_PARAMETERS+=' --io 12'
+ (( memory > 0 ))
+ STRESS_PARAMETERS+=' --vm 12'
+ STRESS_PARAMETERS+=' --timeout 5m'
++ date '+%F %T'
+ start_ts='2025-11-25 17:32:03'
++ head -n 4 stress_poti_5_nodes_735647/735647.nodes
++ cut '-d ' -f1
+ for machine in $(head -n "$nodes" "$HOSTFILE" | cut -d" " -f1)
+ for machine in $(head -n "$nodes" "$HOSTFILE" | cut -d" " -f1)
+ for machine in $(head -n "$nodes" "$HOSTFILE" | cut -d" " -f1)
+ for machine in $(head -n "$nodes" "$HOSTFILE" | cut -d" " -f1)
+ sleep 5m
++ which stress
++ which stress
++ which stress
++ which stress
+ ssh -n poti4 '/gnu/store/9wlnqbvkmdwjysi56xcwmym1xaprd2cm-profile/bin/stress  --io 12 --vm 12 --timeout 5m'
+ ssh -n poti2 '/gnu/store/9wlnqbvkmdwjysi56xcwmym1xaprd2cm-profile/bin/stress  --io 12 --vm 12 --timeout 5m'
+ ssh -n poti3 '/gnu/store/9wlnqbvkmdwjysi56xcwmym1xaprd2cm-profile/bin/stress  --io 12 --vm 12 --timeout 5m'
+ ssh -n poti1 '/gnu/store/9wlnqbvkmdwjysi56xcwmym1xaprd2cm-profile/bin/stress  --io 12 --vm 12 --timeout 5m'
++ date '+%F %T'
+ end_ts='2025-11-25 17:37:04'
+ echo '5m,0,12,12,4,stress_poti_5_nodes,stress_poti_5_nodes_5m_CPU0_IO12_MEM12_N4_4,2025-11-25 17:32:03,2025-11-25 17:37:04'
+ sleep 30
+ IFS=,
+ read -r time cpu io memory nodes exp order
+ STRESS_PARAMETERS=
+ (( cpu > 0 ))
+ STRESS_PARAMETERS+=' --cpu 8'
+ (( io > 0 ))
+ STRESS_PARAMETERS+=' --io 8'
+ (( memory > 0 ))
+ STRESS_PARAMETERS+=' --vm 8'
+ STRESS_PARAMETERS+=' --timeout 5m'
++ date '+%F %T'
+ start_ts='2025-11-25 17:37:34'
++ head -n 1 stress_poti_5_nodes_735647/735647.nodes
++ cut '-d ' -f1
+ for machine in $(head -n "$nodes" "$HOSTFILE" | cut -d" " -f1)
+ sleep 5m
++ which stress
+ ssh -n poti1 '/gnu/store/9wlnqbvkmdwjysi56xcwmym1xaprd2cm-profile/bin/stress  --cpu 8 --io 8 --vm 8 --timeout 5m'
++ date '+%F %T'
+ end_ts='2025-11-25 17:42:34'
+ echo '5m,8,8,8,1,stress_poti_5_nodes,stress_poti_5_nodes_5m_CPU8_IO8_MEM8_N1_5,2025-11-25 17:37:34,2025-11-25 17:42:34'
+ sleep 30
+ IFS=,
+ read -r time cpu io memory nodes exp order
+ STRESS_PARAMETERS=
+ (( cpu > 0 ))
+ STRESS_PARAMETERS+=' --cpu 24'
+ (( io > 0 ))
+ (( memory > 0 ))
+ STRESS_PARAMETERS+=' --timeout 5m'
++ date '+%F %T'
+ start_ts='2025-11-25 17:43:04'
++ head -n 2 stress_poti_5_nodes_735647/735647.nodes
++ cut '-d ' -f1
+ for machine in $(head -n "$nodes" "$HOSTFILE" | cut -d" " -f1)
+ for machine in $(head -n "$nodes" "$HOSTFILE" | cut -d" " -f1)
+ sleep 5m
++ which stress
++ which stress
+ ssh -n poti2 '/gnu/store/9wlnqbvkmdwjysi56xcwmym1xaprd2cm-profile/bin/stress  --cpu 24 --timeout 5m'
+ ssh -n poti1 '/gnu/store/9wlnqbvkmdwjysi56xcwmym1xaprd2cm-profile/bin/stress  --cpu 24 --timeout 5m'
++ date '+%F %T'
+ end_ts='2025-11-25 17:48:04'
+ echo '5m,24,0,0,2,stress_poti_5_nodes,stress_poti_5_nodes_5m_CPU24_IO0_MEM0_N2_6,2025-11-25 17:43:04,2025-11-25 17:48:04'
+ sleep 30
+ IFS=,
+ read -r time cpu io memory nodes exp order
+ STRESS_PARAMETERS=
+ (( cpu > 0 ))
+ (( io > 0 ))
+ STRESS_PARAMETERS+=' --io 24'
+ (( memory > 0 ))
+ STRESS_PARAMETERS+=' --timeout 5m'
++ date '+%F %T'
+ start_ts='2025-11-25 17:48:34'
++ head -n 2 stress_poti_5_nodes_735647/735647.nodes
++ cut '-d ' -f1
+ for machine in $(head -n "$nodes" "$HOSTFILE" | cut -d" " -f1)
+ for machine in $(head -n "$nodes" "$HOSTFILE" | cut -d" " -f1)
+ sleep 5m
++ which stress
++ which stress
+ ssh -n poti1 '/gnu/store/9wlnqbvkmdwjysi56xcwmym1xaprd2cm-profile/bin/stress  --io 24 --timeout 5m'
+ ssh -n poti2 '/gnu/store/9wlnqbvkmdwjysi56xcwmym1xaprd2cm-profile/bin/stress  --io 24 --timeout 5m'
++ date '+%F %T'
+ end_ts='2025-11-25 17:53:34'
+ echo '5m,0,24,0,2,stress_poti_5_nodes,stress_poti_5_nodes_5m_CPU0_IO24_MEM0_N2_7,2025-11-25 17:48:34,2025-11-25 17:53:34'
+ sleep 30
+ IFS=,
+ read -r time cpu io memory nodes exp order
+ STRESS_PARAMETERS=
+ (( cpu > 0 ))
+ (( io > 0 ))
+ STRESS_PARAMETERS+=' --io 12'
+ (( memory > 0 ))
+ STRESS_PARAMETERS+=' --vm 12'
+ STRESS_PARAMETERS+=' --timeout 5m'
++ date '+%F %T'
+ start_ts='2025-11-25 17:54:04'
++ head -n 2 stress_poti_5_nodes_735647/735647.nodes
++ cut '-d ' -f1
+ for machine in $(head -n "$nodes" "$HOSTFILE" | cut -d" " -f1)
+ for machine in $(head -n "$nodes" "$HOSTFILE" | cut -d" " -f1)
+ sleep 5m
++ which stress
++ which stress
+ ssh -n poti1 '/gnu/store/9wlnqbvkmdwjysi56xcwmym1xaprd2cm-profile/bin/stress  --io 12 --vm 12 --timeout 5m'
+ ssh -n poti2 '/gnu/store/9wlnqbvkmdwjysi56xcwmym1xaprd2cm-profile/bin/stress  --io 12 --vm 12 --timeout 5m'
++ date '+%F %T'
+ end_ts='2025-11-25 17:59:04'
+ echo '5m,0,12,12,2,stress_poti_5_nodes,stress_poti_5_nodes_5m_CPU0_IO12_MEM12_N2_8,2025-11-25 17:54:04,2025-11-25 17:59:04'
+ sleep 30
+ IFS=,
+ read -r time cpu io memory nodes exp order
+ STRESS_PARAMETERS=
+ (( cpu > 0 ))
+ (( io > 0 ))
+ (( memory > 0 ))
+ STRESS_PARAMETERS+=' --vm 24'
+ STRESS_PARAMETERS+=' --timeout 5m'
++ date '+%F %T'
+ start_ts='2025-11-25 17:59:34'
++ head -n 1 stress_poti_5_nodes_735647/735647.nodes
++ cut '-d ' -f1
+ for machine in $(head -n "$nodes" "$HOSTFILE" | cut -d" " -f1)
+ sleep 5m
++ which stress
+ ssh -n poti1 '/gnu/store/9wlnqbvkmdwjysi56xcwmym1xaprd2cm-profile/bin/stress  --vm 24 --timeout 5m'
++ date '+%F %T'
+ end_ts='2025-11-25 18:04:34'
+ echo '5m,0,0,24,1,stress_poti_5_nodes,stress_poti_5_nodes_5m_CPU0_IO0_MEM24_N1_9,2025-11-25 17:59:34,2025-11-25 18:04:34'
+ sleep 30
+ IFS=,
+ read -r time cpu io memory nodes exp order
+ STRESS_PARAMETERS=
+ (( cpu > 0 ))
+ STRESS_PARAMETERS+=' --cpu 12'
+ (( io > 0 ))
+ (( memory > 0 ))
+ STRESS_PARAMETERS+=' --vm 12'
+ STRESS_PARAMETERS+=' --timeout 5m'
++ date '+%F %T'
+ start_ts='2025-11-25 18:05:04'
++ head -n 2 stress_poti_5_nodes_735647/735647.nodes
++ cut '-d ' -f1
+ for machine in $(head -n "$nodes" "$HOSTFILE" | cut -d" " -f1)
+ for machine in $(head -n "$nodes" "$HOSTFILE" | cut -d" " -f1)
+ sleep 5m
++ which stress
++ which stress
+ ssh -n poti1 '/gnu/store/9wlnqbvkmdwjysi56xcwmym1xaprd2cm-profile/bin/stress  --cpu 12 --vm 12 --timeout 5m'
+ ssh -n poti2 '/gnu/store/9wlnqbvkmdwjysi56xcwmym1xaprd2cm-profile/bin/stress  --cpu 12 --vm 12 --timeout 5m'
++ date '+%F %T'
+ end_ts='2025-11-25 18:10:04'
+ echo '5m,12,0,12,2,stress_poti_5_nodes,stress_poti_5_nodes_5m_CPU12_IO0_MEM12_N2_10,2025-11-25 18:05:04,2025-11-25 18:10:04'
+ sleep 30
+ IFS=,
+ read -r time cpu io memory nodes exp order
+ STRESS_PARAMETERS=
+ (( cpu > 0 ))
+ (( io > 0 ))
+ (( memory > 0 ))
+ STRESS_PARAMETERS+=' --vm 24'
+ STRESS_PARAMETERS+=' --timeout 5m'
++ date '+%F %T'
+ start_ts='2025-11-25 18:10:34'
++ head -n 3 stress_poti_5_nodes_735647/735647.nodes
++ cut '-d ' -f1
+ for machine in $(head -n "$nodes" "$HOSTFILE" | cut -d" " -f1)
+ for machine in $(head -n "$nodes" "$HOSTFILE" | cut -d" " -f1)
+ for machine in $(head -n "$nodes" "$HOSTFILE" | cut -d" " -f1)
+ sleep 5m
++ which stress
++ which stress
++ which stress
+ ssh -n poti1 '/gnu/store/9wlnqbvkmdwjysi56xcwmym1xaprd2cm-profile/bin/stress  --vm 24 --timeout 5m'
+ ssh -n poti2 '/gnu/store/9wlnqbvkmdwjysi56xcwmym1xaprd2cm-profile/bin/stress  --vm 24 --timeout 5m'
+ ssh -n poti3 '/gnu/store/9wlnqbvkmdwjysi56xcwmym1xaprd2cm-profile/bin/stress  --vm 24 --timeout 5m'
++ date '+%F %T'
+ end_ts='2025-11-25 18:15:34'
+ echo '5m,0,0,24,3,stress_poti_5_nodes,stress_poti_5_nodes_5m_CPU0_IO0_MEM24_N3_11,2025-11-25 18:10:34,2025-11-25 18:15:34'
+ sleep 30
+ IFS=,
+ read -r time cpu io memory nodes exp order
+ STRESS_PARAMETERS=
+ (( cpu > 0 ))
+ (( io > 0 ))
+ STRESS_PARAMETERS+=' --io 24'
+ (( memory > 0 ))
+ STRESS_PARAMETERS+=' --timeout 5m'
++ date '+%F %T'
+ start_ts='2025-11-25 18:16:04'
++ head -n 1 stress_poti_5_nodes_735647/735647.nodes
++ cut '-d ' -f1
+ for machine in $(head -n "$nodes" "$HOSTFILE" | cut -d" " -f1)
+ sleep 5m
++ which stress
+ ssh -n poti1 '/gnu/store/9wlnqbvkmdwjysi56xcwmym1xaprd2cm-profile/bin/stress  --io 24 --timeout 5m'
++ date '+%F %T'
+ end_ts='2025-11-25 18:21:04'
+ echo '5m,0,24,0,1,stress_poti_5_nodes,stress_poti_5_nodes_5m_CPU0_IO24_MEM0_N1_12,2025-11-25 18:16:04,2025-11-25 18:21:04'
+ sleep 30
+ IFS=,
+ read -r time cpu io memory nodes exp order
+ STRESS_PARAMETERS=
+ (( cpu > 0 ))
+ (( io > 0 ))
+ STRESS_PARAMETERS+=' --io 12'
+ (( memory > 0 ))
+ STRESS_PARAMETERS+=' --vm 12'
+ STRESS_PARAMETERS+=' --timeout 5m'
++ date '+%F %T'
+ start_ts='2025-11-25 18:21:34'
++ head -n 1 stress_poti_5_nodes_735647/735647.nodes
++ cut '-d ' -f1
+ for machine in $(head -n "$nodes" "$HOSTFILE" | cut -d" " -f1)
+ sleep 5m
++ which stress
+ ssh -n poti1 '/gnu/store/9wlnqbvkmdwjysi56xcwmym1xaprd2cm-profile/bin/stress  --io 12 --vm 12 --timeout 5m'
++ date '+%F %T'
+ end_ts='2025-11-25 18:26:34'
+ echo '5m,0,12,12,1,stress_poti_5_nodes,stress_poti_5_nodes_5m_CPU0_IO12_MEM12_N1_13,2025-11-25 18:21:34,2025-11-25 18:26:34'
+ sleep 30
+ IFS=,
+ read -r time cpu io memory nodes exp order
+ STRESS_PARAMETERS=
+ (( cpu > 0 ))
+ (( io > 0 ))
+ STRESS_PARAMETERS+=' --io 12'
+ (( memory > 0 ))
+ STRESS_PARAMETERS+=' --vm 12'
+ STRESS_PARAMETERS+=' --timeout 5m'
++ date '+%F %T'
+ start_ts='2025-11-25 18:27:04'
++ head -n 5 stress_poti_5_nodes_735647/735647.nodes
++ cut '-d ' -f1
+ for machine in $(head -n "$nodes" "$HOSTFILE" | cut -d" " -f1)
+ for machine in $(head -n "$nodes" "$HOSTFILE" | cut -d" " -f1)
+ for machine in $(head -n "$nodes" "$HOSTFILE" | cut -d" " -f1)
+ for machine in $(head -n "$nodes" "$HOSTFILE" | cut -d" " -f1)
+ for machine in $(head -n "$nodes" "$HOSTFILE" | cut -d" " -f1)
++ which stress
+ sleep 5m
++ which stress
++ which stress
++ which stress
++ which stress
+ ssh -n poti1 '/gnu/store/9wlnqbvkmdwjysi56xcwmym1xaprd2cm-profile/bin/stress  --io 12 --vm 12 --timeout 5m'
+ ssh -n poti5 '/gnu/store/9wlnqbvkmdwjysi56xcwmym1xaprd2cm-profile/bin/stress  --io 12 --vm 12 --timeout 5m'
+ ssh -n poti2 '/gnu/store/9wlnqbvkmdwjysi56xcwmym1xaprd2cm-profile/bin/stress  --io 12 --vm 12 --timeout 5m'
+ ssh -n poti3 '/gnu/store/9wlnqbvkmdwjysi56xcwmym1xaprd2cm-profile/bin/stress  --io 12 --vm 12 --timeout 5m'
+ ssh -n poti4 '/gnu/store/9wlnqbvkmdwjysi56xcwmym1xaprd2cm-profile/bin/stress  --io 12 --vm 12 --timeout 5m'
++ date '+%F %T'
+ end_ts='2025-11-25 18:32:04'
+ echo '5m,0,12,12,5,stress_poti_5_nodes,stress_poti_5_nodes_5m_CPU0_IO12_MEM12_N5_14,2025-11-25 18:27:04,2025-11-25 18:32:04'
+ sleep 30
+ IFS=,
+ read -r time cpu io memory nodes exp order
+ STRESS_PARAMETERS=
+ (( cpu > 0 ))
+ STRESS_PARAMETERS+=' --cpu 8'
+ (( io > 0 ))
+ STRESS_PARAMETERS+=' --io 8'
+ (( memory > 0 ))
+ STRESS_PARAMETERS+=' --vm 8'
+ STRESS_PARAMETERS+=' --timeout 5m'
++ date '+%F %T'
+ start_ts='2025-11-25 18:32:34'
++ head -n 4 stress_poti_5_nodes_735647/735647.nodes
++ cut '-d ' -f1
+ for machine in $(head -n "$nodes" "$HOSTFILE" | cut -d" " -f1)
+ for machine in $(head -n "$nodes" "$HOSTFILE" | cut -d" " -f1)
+ for machine in $(head -n "$nodes" "$HOSTFILE" | cut -d" " -f1)
+ for machine in $(head -n "$nodes" "$HOSTFILE" | cut -d" " -f1)
+ sleep 5m
++ which stress
++ which stress
++ which stress
++ which stress
+ ssh -n poti2 '/gnu/store/9wlnqbvkmdwjysi56xcwmym1xaprd2cm-profile/bin/stress  --cpu 8 --io 8 --vm 8 --timeout 5m'
+ ssh -n poti4 '/gnu/store/9wlnqbvkmdwjysi56xcwmym1xaprd2cm-profile/bin/stress  --cpu 8 --io 8 --vm 8 --timeout 5m'
+ ssh -n poti1 '/gnu/store/9wlnqbvkmdwjysi56xcwmym1xaprd2cm-profile/bin/stress  --cpu 8 --io 8 --vm 8 --timeout 5m'
+ ssh -n poti3 '/gnu/store/9wlnqbvkmdwjysi56xcwmym1xaprd2cm-profile/bin/stress  --cpu 8 --io 8 --vm 8 --timeout 5m'
++ date '+%F %T'
+ end_ts='2025-11-25 18:37:34'
+ echo '5m,8,8,8,4,stress_poti_5_nodes,stress_poti_5_nodes_5m_CPU8_IO8_MEM8_N4_15,2025-11-25 18:32:34,2025-11-25 18:37:34'
+ sleep 30
+ IFS=,
+ read -r time cpu io memory nodes exp order
+ STRESS_PARAMETERS=
+ (( cpu > 0 ))
+ STRESS_PARAMETERS+=' --cpu 12'
+ (( io > 0 ))
+ STRESS_PARAMETERS+=' --io 12'
+ (( memory > 0 ))
+ STRESS_PARAMETERS+=' --timeout 5m'
++ date '+%F %T'
+ start_ts='2025-11-25 18:38:04'
++ head -n 5 stress_poti_5_nodes_735647/735647.nodes
++ cut '-d ' -f1
+ for machine in $(head -n "$nodes" "$HOSTFILE" | cut -d" " -f1)
+ for machine in $(head -n "$nodes" "$HOSTFILE" | cut -d" " -f1)
+ for machine in $(head -n "$nodes" "$HOSTFILE" | cut -d" " -f1)
+ for machine in $(head -n "$nodes" "$HOSTFILE" | cut -d" " -f1)
+ for machine in $(head -n "$nodes" "$HOSTFILE" | cut -d" " -f1)
+ sleep 5m
++ which stress
++ which stress
++ which stress
++ which stress
++ which stress
+ ssh -n poti5 '/gnu/store/9wlnqbvkmdwjysi56xcwmym1xaprd2cm-profile/bin/stress  --cpu 12 --io 12 --timeout 5m'
+ ssh -n poti1 '/gnu/store/9wlnqbvkmdwjysi56xcwmym1xaprd2cm-profile/bin/stress  --cpu 12 --io 12 --timeout 5m'
+ ssh -n poti2 '/gnu/store/9wlnqbvkmdwjysi56xcwmym1xaprd2cm-profile/bin/stress  --cpu 12 --io 12 --timeout 5m'
+ ssh -n poti3 '/gnu/store/9wlnqbvkmdwjysi56xcwmym1xaprd2cm-profile/bin/stress  --cpu 12 --io 12 --timeout 5m'
+ ssh -n poti4 '/gnu/store/9wlnqbvkmdwjysi56xcwmym1xaprd2cm-profile/bin/stress  --cpu 12 --io 12 --timeout 5m'
++ date '+%F %T'
+ end_ts='2025-11-25 18:43:04'
+ echo '5m,12,12,0,5,stress_poti_5_nodes,stress_poti_5_nodes_5m_CPU12_IO12_MEM0_N5_16,2025-11-25 18:38:04,2025-11-25 18:43:04'
+ sleep 30
+ IFS=,
+ read -r time cpu io memory nodes exp order
+ STRESS_PARAMETERS=
+ (( cpu > 0 ))
+ STRESS_PARAMETERS+=' --cpu 12'
+ (( io > 0 ))
+ STRESS_PARAMETERS+=' --io 12'
+ (( memory > 0 ))
+ STRESS_PARAMETERS+=' --timeout 5m'
++ date '+%F %T'
+ start_ts='2025-11-25 18:43:34'
++ head -n 1 stress_poti_5_nodes_735647/735647.nodes
++ cut '-d ' -f1
+ for machine in $(head -n "$nodes" "$HOSTFILE" | cut -d" " -f1)
+ sleep 5m
++ which stress
+ ssh -n poti1 '/gnu/store/9wlnqbvkmdwjysi56xcwmym1xaprd2cm-profile/bin/stress  --cpu 12 --io 12 --timeout 5m'
++ date '+%F %T'
+ end_ts='2025-11-25 18:48:34'
+ echo '5m,12,12,0,1,stress_poti_5_nodes,stress_poti_5_nodes_5m_CPU12_IO12_MEM0_N1_17,2025-11-25 18:43:34,2025-11-25 18:48:34'
+ sleep 30
+ IFS=,
+ read -r time cpu io memory nodes exp order
+ STRESS_PARAMETERS=
+ (( cpu > 0 ))
+ (( io > 0 ))
+ STRESS_PARAMETERS+=' --io 24'
+ (( memory > 0 ))
+ STRESS_PARAMETERS+=' --timeout 5m'
++ date '+%F %T'
+ start_ts='2025-11-25 18:49:04'
++ head -n 4 stress_poti_5_nodes_735647/735647.nodes
++ cut '-d ' -f1
+ for machine in $(head -n "$nodes" "$HOSTFILE" | cut -d" " -f1)
+ for machine in $(head -n "$nodes" "$HOSTFILE" | cut -d" " -f1)
+ for machine in $(head -n "$nodes" "$HOSTFILE" | cut -d" " -f1)
+ for machine in $(head -n "$nodes" "$HOSTFILE" | cut -d" " -f1)
+ sleep 5m
++ which stress
++ which stress
++ which stress
++ which stress
+ ssh -n poti2 '/gnu/store/9wlnqbvkmdwjysi56xcwmym1xaprd2cm-profile/bin/stress  --io 24 --timeout 5m'
+ ssh -n poti1 '/gnu/store/9wlnqbvkmdwjysi56xcwmym1xaprd2cm-profile/bin/stress  --io 24 --timeout 5m'
+ ssh -n poti4 '/gnu/store/9wlnqbvkmdwjysi56xcwmym1xaprd2cm-profile/bin/stress  --io 24 --timeout 5m'
+ ssh -n poti3 '/gnu/store/9wlnqbvkmdwjysi56xcwmym1xaprd2cm-profile/bin/stress  --io 24 --timeout 5m'
++ date '+%F %T'
+ end_ts='2025-11-25 18:54:04'
+ echo '5m,0,24,0,4,stress_poti_5_nodes,stress_poti_5_nodes_5m_CPU0_IO24_MEM0_N4_18,2025-11-25 18:49:04,2025-11-25 18:54:04'
+ sleep 30
+ IFS=,
+ read -r time cpu io memory nodes exp order
+ STRESS_PARAMETERS=
+ (( cpu > 0 ))
+ STRESS_PARAMETERS+=' --cpu 12'
+ (( io > 0 ))
+ (( memory > 0 ))
+ STRESS_PARAMETERS+=' --vm 12'
+ STRESS_PARAMETERS+=' --timeout 5m'
++ date '+%F %T'
+ start_ts='2025-11-25 18:54:34'
++ head -n 1 stress_poti_5_nodes_735647/735647.nodes
++ cut '-d ' -f1
+ for machine in $(head -n "$nodes" "$HOSTFILE" | cut -d" " -f1)
+ sleep 5m
++ which stress
+ ssh -n poti1 '/gnu/store/9wlnqbvkmdwjysi56xcwmym1xaprd2cm-profile/bin/stress  --cpu 12 --vm 12 --timeout 5m'
++ date '+%F %T'
+ end_ts='2025-11-25 18:59:34'
+ echo '5m,12,0,12,1,stress_poti_5_nodes,stress_poti_5_nodes_5m_CPU12_IO0_MEM12_N1_19,2025-11-25 18:54:34,2025-11-25 18:59:34'
+ sleep 30
+ IFS=,
+ read -r time cpu io memory nodes exp order
+ STRESS_PARAMETERS=
+ (( cpu > 0 ))
+ (( io > 0 ))
+ (( memory > 0 ))
+ STRESS_PARAMETERS+=' --vm 24'
+ STRESS_PARAMETERS+=' --timeout 5m'
++ date '+%F %T'
+ start_ts='2025-11-25 19:00:04'
++ head -n 4 stress_poti_5_nodes_735647/735647.nodes
++ cut '-d ' -f1
+ for machine in $(head -n "$nodes" "$HOSTFILE" | cut -d" " -f1)
+ for machine in $(head -n "$nodes" "$HOSTFILE" | cut -d" " -f1)
+ for machine in $(head -n "$nodes" "$HOSTFILE" | cut -d" " -f1)
+ for machine in $(head -n "$nodes" "$HOSTFILE" | cut -d" " -f1)
+ sleep 5m
++ which stress
++ which stress
++ which stress
++ which stress
+ ssh -n poti3 '/gnu/store/9wlnqbvkmdwjysi56xcwmym1xaprd2cm-profile/bin/stress  --vm 24 --timeout 5m'
+ ssh -n poti4 '/gnu/store/9wlnqbvkmdwjysi56xcwmym1xaprd2cm-profile/bin/stress  --vm 24 --timeout 5m'
+ ssh -n poti2 '/gnu/store/9wlnqbvkmdwjysi56xcwmym1xaprd2cm-profile/bin/stress  --vm 24 --timeout 5m'
+ ssh -n poti1 '/gnu/store/9wlnqbvkmdwjysi56xcwmym1xaprd2cm-profile/bin/stress  --vm 24 --timeout 5m'
++ date '+%F %T'
+ end_ts='2025-11-25 19:05:04'
+ echo '5m,0,0,24,4,stress_poti_5_nodes,stress_poti_5_nodes_5m_CPU0_IO0_MEM24_N4_20,2025-11-25 19:00:04,2025-11-25 19:05:04'
+ sleep 30
+ IFS=,
+ read -r time cpu io memory nodes exp order
+ STRESS_PARAMETERS=
+ (( cpu > 0 ))
+ STRESS_PARAMETERS+=' --cpu 12'
+ (( io > 0 ))
+ (( memory > 0 ))
+ STRESS_PARAMETERS+=' --vm 12'
+ STRESS_PARAMETERS+=' --timeout 5m'
++ date '+%F %T'
+ start_ts='2025-11-25 19:05:34'
++ head -n 5 stress_poti_5_nodes_735647/735647.nodes
++ cut '-d ' -f1
+ for machine in $(head -n "$nodes" "$HOSTFILE" | cut -d" " -f1)
+ for machine in $(head -n "$nodes" "$HOSTFILE" | cut -d" " -f1)
+ for machine in $(head -n "$nodes" "$HOSTFILE" | cut -d" " -f1)
+ for machine in $(head -n "$nodes" "$HOSTFILE" | cut -d" " -f1)
+ for machine in $(head -n "$nodes" "$HOSTFILE" | cut -d" " -f1)
+ sleep 5m
++ which stress
++ which stress
++ which stress
++ which stress
++ which stress
+ ssh -n poti5 '/gnu/store/9wlnqbvkmdwjysi56xcwmym1xaprd2cm-profile/bin/stress  --cpu 12 --vm 12 --timeout 5m'
+ ssh -n poti2 '/gnu/store/9wlnqbvkmdwjysi56xcwmym1xaprd2cm-profile/bin/stress  --cpu 12 --vm 12 --timeout 5m'
+ ssh -n poti4 '/gnu/store/9wlnqbvkmdwjysi56xcwmym1xaprd2cm-profile/bin/stress  --cpu 12 --vm 12 --timeout 5m'
+ ssh -n poti1 '/gnu/store/9wlnqbvkmdwjysi56xcwmym1xaprd2cm-profile/bin/stress  --cpu 12 --vm 12 --timeout 5m'
+ ssh -n poti3 '/gnu/store/9wlnqbvkmdwjysi56xcwmym1xaprd2cm-profile/bin/stress  --cpu 12 --vm 12 --timeout 5m'
++ date '+%F %T'
+ end_ts='2025-11-25 19:10:34'
+ echo '5m,12,0,12,5,stress_poti_5_nodes,stress_poti_5_nodes_5m_CPU12_IO0_MEM12_N5_21,2025-11-25 19:05:34,2025-11-25 19:10:34'
+ sleep 30
+ IFS=,
+ read -r time cpu io memory nodes exp order
+ STRESS_PARAMETERS=
+ (( cpu > 0 ))
+ STRESS_PARAMETERS+=' --cpu 24'
+ (( io > 0 ))
+ (( memory > 0 ))
+ STRESS_PARAMETERS+=' --timeout 5m'
++ date '+%F %T'
+ start_ts='2025-11-25 19:11:04'
++ head -n 1 stress_poti_5_nodes_735647/735647.nodes
++ cut '-d ' -f1
+ for machine in $(head -n "$nodes" "$HOSTFILE" | cut -d" " -f1)
+ sleep 5m
++ which stress
+ ssh -n poti1 '/gnu/store/9wlnqbvkmdwjysi56xcwmym1xaprd2cm-profile/bin/stress  --cpu 24 --timeout 5m'
++ date '+%F %T'
+ end_ts='2025-11-25 19:16:04'
+ echo '5m,24,0,0,1,stress_poti_5_nodes,stress_poti_5_nodes_5m_CPU24_IO0_MEM0_N1_22,2025-11-25 19:11:04,2025-11-25 19:16:04'
+ sleep 30
+ IFS=,
+ read -r time cpu io memory nodes exp order
+ STRESS_PARAMETERS=
+ (( cpu > 0 ))
+ STRESS_PARAMETERS+=' --cpu 8'
+ (( io > 0 ))
+ STRESS_PARAMETERS+=' --io 8'
+ (( memory > 0 ))
+ STRESS_PARAMETERS+=' --vm 8'
+ STRESS_PARAMETERS+=' --timeout 5m'
++ date '+%F %T'
+ start_ts='2025-11-25 19:16:34'
++ head -n 5 stress_poti_5_nodes_735647/735647.nodes
++ cut '-d ' -f1
+ for machine in $(head -n "$nodes" "$HOSTFILE" | cut -d" " -f1)
+ for machine in $(head -n "$nodes" "$HOSTFILE" | cut -d" " -f1)
+ for machine in $(head -n "$nodes" "$HOSTFILE" | cut -d" " -f1)
+ for machine in $(head -n "$nodes" "$HOSTFILE" | cut -d" " -f1)
+ for machine in $(head -n "$nodes" "$HOSTFILE" | cut -d" " -f1)
+ sleep 5m
++ which stress
++ which stress
++ which stress
++ which stress
++ which stress
+ ssh -n poti5 '/gnu/store/9wlnqbvkmdwjysi56xcwmym1xaprd2cm-profile/bin/stress  --cpu 8 --io 8 --vm 8 --timeout 5m'
+ ssh -n poti4 '/gnu/store/9wlnqbvkmdwjysi56xcwmym1xaprd2cm-profile/bin/stress  --cpu 8 --io 8 --vm 8 --timeout 5m'
+ ssh -n poti1 '/gnu/store/9wlnqbvkmdwjysi56xcwmym1xaprd2cm-profile/bin/stress  --cpu 8 --io 8 --vm 8 --timeout 5m'
+ ssh -n poti3 '/gnu/store/9wlnqbvkmdwjysi56xcwmym1xaprd2cm-profile/bin/stress  --cpu 8 --io 8 --vm 8 --timeout 5m'
+ ssh -n poti2 '/gnu/store/9wlnqbvkmdwjysi56xcwmym1xaprd2cm-profile/bin/stress  --cpu 8 --io 8 --vm 8 --timeout 5m'
++ date '+%F %T'
+ end_ts='2025-11-25 19:21:34'
+ echo '5m,8,8,8,5,stress_poti_5_nodes,stress_poti_5_nodes_5m_CPU8_IO8_MEM8_N5_23,2025-11-25 19:16:34,2025-11-25 19:21:34'
+ sleep 30
+ IFS=,
+ read -r time cpu io memory nodes exp order
+ STRESS_PARAMETERS=
+ (( cpu > 0 ))
+ (( io > 0 ))
+ STRESS_PARAMETERS+=' --io 24'
+ (( memory > 0 ))
+ STRESS_PARAMETERS+=' --timeout 5m'
++ date '+%F %T'
+ start_ts='2025-11-25 19:22:04'
++ head -n 3 stress_poti_5_nodes_735647/735647.nodes
++ cut '-d ' -f1
+ for machine in $(head -n "$nodes" "$HOSTFILE" | cut -d" " -f1)
+ for machine in $(head -n "$nodes" "$HOSTFILE" | cut -d" " -f1)
+ for machine in $(head -n "$nodes" "$HOSTFILE" | cut -d" " -f1)
+ sleep 5m
++ which stress
++ which stress
++ which stress
+ ssh -n poti2 '/gnu/store/9wlnqbvkmdwjysi56xcwmym1xaprd2cm-profile/bin/stress  --io 24 --timeout 5m'
+ ssh -n poti3 '/gnu/store/9wlnqbvkmdwjysi56xcwmym1xaprd2cm-profile/bin/stress  --io 24 --timeout 5m'
+ ssh -n poti1 '/gnu/store/9wlnqbvkmdwjysi56xcwmym1xaprd2cm-profile/bin/stress  --io 24 --timeout 5m'
++ date '+%F %T'
+ end_ts='2025-11-25 19:27:04'
+ echo '5m,0,24,0,3,stress_poti_5_nodes,stress_poti_5_nodes_5m_CPU0_IO24_MEM0_N3_24,2025-11-25 19:22:04,2025-11-25 19:27:04'
+ sleep 30
+ IFS=,
+ read -r time cpu io memory nodes exp order
+ STRESS_PARAMETERS=
+ (( cpu > 0 ))
+ (( io > 0 ))
+ STRESS_PARAMETERS+=' --io 12'
+ (( memory > 0 ))
+ STRESS_PARAMETERS+=' --vm 12'
+ STRESS_PARAMETERS+=' --timeout 5m'
++ date '+%F %T'
+ start_ts='2025-11-25 19:27:34'
++ head -n 3 stress_poti_5_nodes_735647/735647.nodes
++ cut '-d ' -f1
+ for machine in $(head -n "$nodes" "$HOSTFILE" | cut -d" " -f1)
+ for machine in $(head -n "$nodes" "$HOSTFILE" | cut -d" " -f1)
+ for machine in $(head -n "$nodes" "$HOSTFILE" | cut -d" " -f1)
+ sleep 5m
++ which stress
++ which stress
++ which stress
+ ssh -n poti2 '/gnu/store/9wlnqbvkmdwjysi56xcwmym1xaprd2cm-profile/bin/stress  --io 12 --vm 12 --timeout 5m'
+ ssh -n poti3 '/gnu/store/9wlnqbvkmdwjysi56xcwmym1xaprd2cm-profile/bin/stress  --io 12 --vm 12 --timeout 5m'
+ ssh -n poti1 '/gnu/store/9wlnqbvkmdwjysi56xcwmym1xaprd2cm-profile/bin/stress  --io 12 --vm 12 --timeout 5m'
++ date '+%F %T'
+ end_ts='2025-11-25 19:32:34'
+ echo '5m,0,12,12,3,stress_poti_5_nodes,stress_poti_5_nodes_5m_CPU0_IO12_MEM12_N3_25,2025-11-25 19:27:34,2025-11-25 19:32:34'
+ sleep 30
+ IFS=,
+ read -r time cpu io memory nodes exp order
+ STRESS_PARAMETERS=
+ (( cpu > 0 ))
+ STRESS_PARAMETERS+=' --cpu 12'
+ (( io > 0 ))
+ STRESS_PARAMETERS+=' --io 12'
+ (( memory > 0 ))
+ STRESS_PARAMETERS+=' --timeout 5m'
++ date '+%F %T'
+ start_ts='2025-11-25 19:33:04'
++ head -n 4 stress_poti_5_nodes_735647/735647.nodes
++ cut '-d ' -f1
+ for machine in $(head -n "$nodes" "$HOSTFILE" | cut -d" " -f1)
+ for machine in $(head -n "$nodes" "$HOSTFILE" | cut -d" " -f1)
+ for machine in $(head -n "$nodes" "$HOSTFILE" | cut -d" " -f1)
+ for machine in $(head -n "$nodes" "$HOSTFILE" | cut -d" " -f1)
+ sleep 5m
++ which stress
++ which stress
++ which stress
++ which stress
+ ssh -n poti2 '/gnu/store/9wlnqbvkmdwjysi56xcwmym1xaprd2cm-profile/bin/stress  --cpu 12 --io 12 --timeout 5m'
+ ssh -n poti4 '/gnu/store/9wlnqbvkmdwjysi56xcwmym1xaprd2cm-profile/bin/stress  --cpu 12 --io 12 --timeout 5m'
+ ssh -n poti3 '/gnu/store/9wlnqbvkmdwjysi56xcwmym1xaprd2cm-profile/bin/stress  --cpu 12 --io 12 --timeout 5m'
+ ssh -n poti1 '/gnu/store/9wlnqbvkmdwjysi56xcwmym1xaprd2cm-profile/bin/stress  --cpu 12 --io 12 --timeout 5m'
++ date '+%F %T'
+ end_ts='2025-11-25 19:38:04'
+ echo '5m,12,12,0,4,stress_poti_5_nodes,stress_poti_5_nodes_5m_CPU12_IO12_MEM0_N4_26,2025-11-25 19:33:04,2025-11-25 19:38:04'
+ sleep 30
+ IFS=,
+ read -r time cpu io memory nodes exp order
+ STRESS_PARAMETERS=
+ (( cpu > 0 ))
+ STRESS_PARAMETERS+=' --cpu 12'
+ (( io > 0 ))
+ (( memory > 0 ))
+ STRESS_PARAMETERS+=' --vm 12'
+ STRESS_PARAMETERS+=' --timeout 5m'
++ date '+%F %T'
+ start_ts='2025-11-25 19:38:34'
++ head -n 3 stress_poti_5_nodes_735647/735647.nodes
++ cut '-d ' -f1
+ for machine in $(head -n "$nodes" "$HOSTFILE" | cut -d" " -f1)
+ for machine in $(head -n "$nodes" "$HOSTFILE" | cut -d" " -f1)
+ for machine in $(head -n "$nodes" "$HOSTFILE" | cut -d" " -f1)
+ sleep 5m
++ which stress
++ which stress
++ which stress
+ ssh -n poti3 '/gnu/store/9wlnqbvkmdwjysi56xcwmym1xaprd2cm-profile/bin/stress  --cpu 12 --vm 12 --timeout 5m'
+ ssh -n poti2 '/gnu/store/9wlnqbvkmdwjysi56xcwmym1xaprd2cm-profile/bin/stress  --cpu 12 --vm 12 --timeout 5m'
+ ssh -n poti1 '/gnu/store/9wlnqbvkmdwjysi56xcwmym1xaprd2cm-profile/bin/stress  --cpu 12 --vm 12 --timeout 5m'
++ date '+%F %T'
+ end_ts='2025-11-25 19:43:34'
+ echo '5m,12,0,12,3,stress_poti_5_nodes,stress_poti_5_nodes_5m_CPU12_IO0_MEM12_N3_27,2025-11-25 19:38:34,2025-11-25 19:43:34'
+ sleep 30
+ IFS=,
+ read -r time cpu io memory nodes exp order
+ STRESS_PARAMETERS=
+ (( cpu > 0 ))
+ STRESS_PARAMETERS+=' --cpu 24'
+ (( io > 0 ))
+ (( memory > 0 ))
+ STRESS_PARAMETERS+=' --timeout 5m'
++ date '+%F %T'
+ start_ts='2025-11-25 19:44:04'
++ head -n 5 stress_poti_5_nodes_735647/735647.nodes
++ cut '-d ' -f1
+ for machine in $(head -n "$nodes" "$HOSTFILE" | cut -d" " -f1)
+ for machine in $(head -n "$nodes" "$HOSTFILE" | cut -d" " -f1)
+ for machine in $(head -n "$nodes" "$HOSTFILE" | cut -d" " -f1)
+ for machine in $(head -n "$nodes" "$HOSTFILE" | cut -d" " -f1)
+ for machine in $(head -n "$nodes" "$HOSTFILE" | cut -d" " -f1)
++ which stress
+ sleep 5m
++ which stress
++ which stress
++ which stress
++ which stress
+ ssh -n poti3 '/gnu/store/9wlnqbvkmdwjysi56xcwmym1xaprd2cm-profile/bin/stress  --cpu 24 --timeout 5m'
+ ssh -n poti4 '/gnu/store/9wlnqbvkmdwjysi56xcwmym1xaprd2cm-profile/bin/stress  --cpu 24 --timeout 5m'
+ ssh -n poti5 '/gnu/store/9wlnqbvkmdwjysi56xcwmym1xaprd2cm-profile/bin/stress  --cpu 24 --timeout 5m'
+ ssh -n poti1 '/gnu/store/9wlnqbvkmdwjysi56xcwmym1xaprd2cm-profile/bin/stress  --cpu 24 --timeout 5m'
+ ssh -n poti2 '/gnu/store/9wlnqbvkmdwjysi56xcwmym1xaprd2cm-profile/bin/stress  --cpu 24 --timeout 5m'
++ date '+%F %T'
+ end_ts='2025-11-25 19:49:04'
+ echo '5m,24,0,0,5,stress_poti_5_nodes,stress_poti_5_nodes_5m_CPU24_IO0_MEM0_N5_28,2025-11-25 19:44:04,2025-11-25 19:49:04'
+ sleep 30
+ IFS=,
+ read -r time cpu io memory nodes exp order
+ STRESS_PARAMETERS=
+ (( cpu > 0 ))
+ STRESS_PARAMETERS+=' --cpu 12'
+ (( io > 0 ))
+ STRESS_PARAMETERS+=' --io 12'
+ (( memory > 0 ))
+ STRESS_PARAMETERS+=' --timeout 5m'
++ date '+%F %T'
+ start_ts='2025-11-25 19:49:35'
++ head -n 2 stress_poti_5_nodes_735647/735647.nodes
++ cut '-d ' -f1
+ for machine in $(head -n "$nodes" "$HOSTFILE" | cut -d" " -f1)
+ for machine in $(head -n "$nodes" "$HOSTFILE" | cut -d" " -f1)
+ sleep 5m
++ which stress
++ which stress
+ ssh -n poti1 '/gnu/store/9wlnqbvkmdwjysi56xcwmym1xaprd2cm-profile/bin/stress  --cpu 12 --io 12 --timeout 5m'
+ ssh -n poti2 '/gnu/store/9wlnqbvkmdwjysi56xcwmym1xaprd2cm-profile/bin/stress  --cpu 12 --io 12 --timeout 5m'
++ date '+%F %T'
+ end_ts='2025-11-25 19:54:35'
+ echo '5m,12,12,0,2,stress_poti_5_nodes,stress_poti_5_nodes_5m_CPU12_IO12_MEM0_N2_29,2025-11-25 19:49:35,2025-11-25 19:54:35'
+ sleep 30
+ IFS=,
+ read -r time cpu io memory nodes exp order
+ STRESS_PARAMETERS=
+ (( cpu > 0 ))
+ (( io > 0 ))
+ (( memory > 0 ))
+ STRESS_PARAMETERS+=' --vm 24'
+ STRESS_PARAMETERS+=' --timeout 5m'
++ date '+%F %T'
+ start_ts='2025-11-25 19:55:05'
++ head -n 5 stress_poti_5_nodes_735647/735647.nodes
++ cut '-d ' -f1
+ for machine in $(head -n "$nodes" "$HOSTFILE" | cut -d" " -f1)
+ for machine in $(head -n "$nodes" "$HOSTFILE" | cut -d" " -f1)
+ for machine in $(head -n "$nodes" "$HOSTFILE" | cut -d" " -f1)
+ for machine in $(head -n "$nodes" "$HOSTFILE" | cut -d" " -f1)
+ for machine in $(head -n "$nodes" "$HOSTFILE" | cut -d" " -f1)
+ sleep 5m
++ which stress
++ which stress
++ which stress
++ which stress
++ which stress
+ ssh -n poti2 '/gnu/store/9wlnqbvkmdwjysi56xcwmym1xaprd2cm-profile/bin/stress  --vm 24 --timeout 5m'
+ ssh -n poti5 '/gnu/store/9wlnqbvkmdwjysi56xcwmym1xaprd2cm-profile/bin/stress  --vm 24 --timeout 5m'
+ ssh -n poti3 '/gnu/store/9wlnqbvkmdwjysi56xcwmym1xaprd2cm-profile/bin/stress  --vm 24 --timeout 5m'
+ ssh -n poti4 '/gnu/store/9wlnqbvkmdwjysi56xcwmym1xaprd2cm-profile/bin/stress  --vm 24 --timeout 5m'
+ ssh -n poti1 '/gnu/store/9wlnqbvkmdwjysi56xcwmym1xaprd2cm-profile/bin/stress  --vm 24 --timeout 5m'
++ date '+%F %T'
+ end_ts='2025-11-25 20:00:05'
+ echo '5m,0,0,24,5,stress_poti_5_nodes,stress_poti_5_nodes_5m_CPU0_IO0_MEM24_N5_30,2025-11-25 19:55:05,2025-11-25 20:00:05'
+ sleep 30
+ IFS=,
+ read -r time cpu io memory nodes exp order
+ STRESS_PARAMETERS=
+ (( cpu > 0 ))
+ STRESS_PARAMETERS+=' --cpu 12'
+ (( io > 0 ))
+ (( memory > 0 ))
+ STRESS_PARAMETERS+=' --vm 12'
+ STRESS_PARAMETERS+=' --timeout 5m'
++ date '+%F %T'
+ start_ts='2025-11-25 20:00:35'
++ cut '-d ' -f1
++ head -n 4 stress_poti_5_nodes_735647/735647.nodes
+ for machine in $(head -n "$nodes" "$HOSTFILE" | cut -d" " -f1)
+ for machine in $(head -n "$nodes" "$HOSTFILE" | cut -d" " -f1)
+ for machine in $(head -n "$nodes" "$HOSTFILE" | cut -d" " -f1)
+ for machine in $(head -n "$nodes" "$HOSTFILE" | cut -d" " -f1)
+ sleep 5m
++ which stress
++ which stress
++ which stress
++ which stress
+ ssh -n poti3 '/gnu/store/9wlnqbvkmdwjysi56xcwmym1xaprd2cm-profile/bin/stress  --cpu 12 --vm 12 --timeout 5m'
+ ssh -n poti4 '/gnu/store/9wlnqbvkmdwjysi56xcwmym1xaprd2cm-profile/bin/stress  --cpu 12 --vm 12 --timeout 5m'
+ ssh -n poti2 '/gnu/store/9wlnqbvkmdwjysi56xcwmym1xaprd2cm-profile/bin/stress  --cpu 12 --vm 12 --timeout 5m'
+ ssh -n poti1 '/gnu/store/9wlnqbvkmdwjysi56xcwmym1xaprd2cm-profile/bin/stress  --cpu 12 --vm 12 --timeout 5m'
++ date '+%F %T'
+ end_ts='2025-11-25 20:05:35'
+ echo '5m,12,0,12,4,stress_poti_5_nodes,stress_poti_5_nodes_5m_CPU12_IO0_MEM12_N4_31,2025-11-25 20:00:35,2025-11-25 20:05:35'
+ sleep 30
+ IFS=,
+ read -r time cpu io memory nodes exp order
+ STRESS_PARAMETERS=
+ (( cpu > 0 ))
+ (( io > 0 ))
+ (( memory > 0 ))
+ STRESS_PARAMETERS+=' --vm 24'
+ STRESS_PARAMETERS+=' --timeout 5m'
++ date '+%F %T'
+ start_ts='2025-11-25 20:06:05'
++ head -n 2 stress_poti_5_nodes_735647/735647.nodes
++ cut '-d ' -f1
+ for machine in $(head -n "$nodes" "$HOSTFILE" | cut -d" " -f1)
+ for machine in $(head -n "$nodes" "$HOSTFILE" | cut -d" " -f1)
+ sleep 5m
++ which stress
++ which stress
+ ssh -n poti1 '/gnu/store/9wlnqbvkmdwjysi56xcwmym1xaprd2cm-profile/bin/stress  --vm 24 --timeout 5m'
+ ssh -n poti2 '/gnu/store/9wlnqbvkmdwjysi56xcwmym1xaprd2cm-profile/bin/stress  --vm 24 --timeout 5m'
++ date '+%F %T'
+ end_ts='2025-11-25 20:11:05'
+ echo '5m,0,0,24,2,stress_poti_5_nodes,stress_poti_5_nodes_5m_CPU0_IO0_MEM24_N2_32,2025-11-25 20:06:05,2025-11-25 20:11:05'
+ sleep 30
+ IFS=,
+ read -r time cpu io memory nodes exp order
+ STRESS_PARAMETERS=
+ (( cpu > 0 ))
+ STRESS_PARAMETERS+=' --cpu 24'
+ (( io > 0 ))
+ (( memory > 0 ))
+ STRESS_PARAMETERS+=' --timeout 5m'
++ date '+%F %T'
+ start_ts='2025-11-25 20:11:35'
++ head -n 4 stress_poti_5_nodes_735647/735647.nodes
++ cut '-d ' -f1
+ for machine in $(head -n "$nodes" "$HOSTFILE" | cut -d" " -f1)
+ for machine in $(head -n "$nodes" "$HOSTFILE" | cut -d" " -f1)
+ for machine in $(head -n "$nodes" "$HOSTFILE" | cut -d" " -f1)
+ for machine in $(head -n "$nodes" "$HOSTFILE" | cut -d" " -f1)
+ sleep 5m
++ which stress
++ which stress
++ which stress
++ which stress
+ ssh -n poti1 '/gnu/store/9wlnqbvkmdwjysi56xcwmym1xaprd2cm-profile/bin/stress  --cpu 24 --timeout 5m'
+ ssh -n poti3 '/gnu/store/9wlnqbvkmdwjysi56xcwmym1xaprd2cm-profile/bin/stress  --cpu 24 --timeout 5m'
+ ssh -n poti4 '/gnu/store/9wlnqbvkmdwjysi56xcwmym1xaprd2cm-profile/bin/stress  --cpu 24 --timeout 5m'
+ ssh -n poti2 '/gnu/store/9wlnqbvkmdwjysi56xcwmym1xaprd2cm-profile/bin/stress  --cpu 24 --timeout 5m'
++ date '+%F %T'
+ end_ts='2025-11-25 20:16:35'
+ echo '5m,24,0,0,4,stress_poti_5_nodes,stress_poti_5_nodes_5m_CPU24_IO0_MEM0_N4_33,2025-11-25 20:11:35,2025-11-25 20:16:35'
+ sleep 30
+ IFS=,
+ read -r time cpu io memory nodes exp order
+ STRESS_PARAMETERS=
+ (( cpu > 0 ))
+ STRESS_PARAMETERS+=' --cpu 24'
+ (( io > 0 ))
+ (( memory > 0 ))
+ STRESS_PARAMETERS+=' --timeout 5m'
++ date '+%F %T'
+ start_ts='2025-11-25 20:17:05'
++ head -n 3 stress_poti_5_nodes_735647/735647.nodes
++ cut '-d ' -f1
+ for machine in $(head -n "$nodes" "$HOSTFILE" | cut -d" " -f1)
+ for machine in $(head -n "$nodes" "$HOSTFILE" | cut -d" " -f1)
+ for machine in $(head -n "$nodes" "$HOSTFILE" | cut -d" " -f1)
+ sleep 5m
++ which stress
++ which stress
++ which stress
+ ssh -n poti3 '/gnu/store/9wlnqbvkmdwjysi56xcwmym1xaprd2cm-profile/bin/stress  --cpu 24 --timeout 5m'
+ ssh -n poti2 '/gnu/store/9wlnqbvkmdwjysi56xcwmym1xaprd2cm-profile/bin/stress  --cpu 24 --timeout 5m'
+ ssh -n poti1 '/gnu/store/9wlnqbvkmdwjysi56xcwmym1xaprd2cm-profile/bin/stress  --cpu 24 --timeout 5m'
++ date '+%F %T'
+ end_ts='2025-11-25 20:22:05'
+ echo '5m,24,0,0,3,stress_poti_5_nodes,stress_poti_5_nodes_5m_CPU24_IO0_MEM0_N3_34,2025-11-25 20:17:05,2025-11-25 20:22:05'
+ sleep 30
+ IFS=,
+ read -r time cpu io memory nodes exp order
+ STRESS_PARAMETERS=
+ (( cpu > 0 ))
+ STRESS_PARAMETERS+=' --cpu 8'
+ (( io > 0 ))
+ STRESS_PARAMETERS+=' --io 8'
+ (( memory > 0 ))
+ STRESS_PARAMETERS+=' --vm 8'
+ STRESS_PARAMETERS+=' --timeout 5m'
++ date '+%F %T'
+ start_ts='2025-11-25 20:22:35'
++ head -n 2 stress_poti_5_nodes_735647/735647.nodes
++ cut '-d ' -f1
+ for machine in $(head -n "$nodes" "$HOSTFILE" | cut -d" " -f1)
+ for machine in $(head -n "$nodes" "$HOSTFILE" | cut -d" " -f1)
+ sleep 5m
++ which stress
++ which stress
+ ssh -n poti2 '/gnu/store/9wlnqbvkmdwjysi56xcwmym1xaprd2cm-profile/bin/stress  --cpu 8 --io 8 --vm 8 --timeout 5m'
+ ssh -n poti1 '/gnu/store/9wlnqbvkmdwjysi56xcwmym1xaprd2cm-profile/bin/stress  --cpu 8 --io 8 --vm 8 --timeout 5m'
++ date '+%F %T'
+ end_ts='2025-11-25 20:27:35'
+ echo '5m,8,8,8,2,stress_poti_5_nodes,stress_poti_5_nodes_5m_CPU8_IO8_MEM8_N2_35,2025-11-25 20:22:35,2025-11-25 20:27:35'
+ sleep 30
+ IFS=,
+ read -r time cpu io memory nodes exp order
+ echo 'End of executions'
