+ KEY=stress_poti_5_nodes_736356
+ GUIX_DAEMON_SOCKET=guix://192.168.30.23
+ export GUIX_DAEMON_SOCKET
+ GUIX_LOCPATH=/var/guix/profiles/per-user/root/guix-profile/lib/locale
+ export GUIX_LOCPATH
+ for GUIX_PROFILE in "$HOME/.config/guix/current"
+ '[' -f /home/users/ojsmarcondes/.config/guix/current/etc/profile ']'
+ . /home/users/ojsmarcondes/.config/guix/current/etc/profile
++ export PATH=/home/users/ojsmarcondes/.config/guix/current/bin:/usr/local/bin:/usr/bin:/bin:/usr/local/games:/usr/games:/usr/local/go/bin:/usr/local/cuda/bin
++ PATH=/home/users/ojsmarcondes/.config/guix/current/bin:/usr/local/bin:/usr/bin:/bin:/usr/local/games:/usr/games:/usr/local/go/bin:/usr/local/cuda/bin
+ GUIX_MANIFEST=stress_poti_5_nodes_736356/stress_poti_5_nodes_736356.scm
+ cat
+ set +u
++ guix shell -m stress_poti_5_nodes_736356/stress_poti_5_nodes_736356.scm --search-paths
hint: Consider installing the `glibc-locales' package and defining
`GUIX_LOCPATH', along these lines:

     guix install glibc-locales
     export GUIX_LOCPATH="$HOME/.guix-profile/lib/locale"

See the "Application Setup" section in the manual, for more info.

+ eval 'export PATH="/gnu/store/9wlnqbvkmdwjysi56xcwmym1xaprd2cm-profile/bin${PATH:+:}$PATH"'
++ export PATH=/gnu/store/9wlnqbvkmdwjysi56xcwmym1xaprd2cm-profile/bin:/home/users/ojsmarcondes/.config/guix/current/bin:/usr/local/bin:/usr/bin:/bin:/usr/local/games:/usr/games:/usr/local/go/bin:/usr/local/cuda/bin
++ PATH=/gnu/store/9wlnqbvkmdwjysi56xcwmym1xaprd2cm-profile/bin:/home/users/ojsmarcondes/.config/guix/current/bin:/usr/local/bin:/usr/bin:/bin:/usr/local/games:/usr/games:/usr/local/go/bin:/usr/local/cuda/bin
+ set -u
+ HOSTFILE=stress_poti_5_nodes_736356/736356.nodes
+ srun -l hostname
+ sort -n
+ awk '{print $2}'
+ CSV_FILE=stress_poti_5_nodes_experimental_project.csv
+ rsync stress_poti_5_nodes_experimental_project.csv ./stress_poti_5_nodes_736356/
+ rsync /var/spool/slurmd/job736356/slurm_script ./stress_poti_5_nodes_736356/stress_poti_5_nodes_736356.slurm
++ cat stress_poti_5_nodes_736356/736356.nodes
++ cut '-d ' -f1
+ for machine in $(cat $HOSTFILE | cut -d" " -f1)
+ ssh poti1 'for i in $(seq 0 $(( $(nproc) - 1 ))); do maxf=$(cat /sys/devices/system/cpu/cpu$i/cpufreq/cpuinfo_max_freq); cpufreq-set -c $i -g performance -d $maxf -u $maxf; done'
+ for machine in $(cat $HOSTFILE | cut -d" " -f1)
+ ssh poti2 'for i in $(seq 0 $(( $(nproc) - 1 ))); do maxf=$(cat /sys/devices/system/cpu/cpu$i/cpufreq/cpuinfo_max_freq); cpufreq-set -c $i -g performance -d $maxf -u $maxf; done'
+ for machine in $(cat $HOSTFILE | cut -d" " -f1)
+ ssh poti3 'for i in $(seq 0 $(( $(nproc) - 1 ))); do maxf=$(cat /sys/devices/system/cpu/cpu$i/cpufreq/cpuinfo_max_freq); cpufreq-set -c $i -g performance -d $maxf -u $maxf; done'
+ for machine in $(cat $HOSTFILE | cut -d" " -f1)
+ ssh poti4 'for i in $(seq 0 $(( $(nproc) - 1 ))); do maxf=$(cat /sys/devices/system/cpu/cpu$i/cpufreq/cpuinfo_max_freq); cpufreq-set -c $i -g performance -d $maxf -u $maxf; done'
+ for machine in $(cat $HOSTFILE | cut -d" " -f1)
+ ssh poti5 'for i in $(seq 0 $(( $(nproc) - 1 ))); do maxf=$(cat /sys/devices/system/cpu/cpu$i/cpufreq/cpuinfo_max_freq); cpufreq-set -c $i -g performance -d $maxf -u $maxf; done'
+ OUT_FILE=stress_poti_5_nodes_736356/stress_poti_5_nodes_736356_output.csv
+ echo time,cpu,io,memory,nodes,exp,order,start_ts,end_ts
+ sleep 30
+ tail -n +2 stress_poti_5_nodes_experimental_project.csv
+ IFS=,
+ read -r time cpu io memory nodes exp order
+ STRESS_PARAMETERS=
+ (( cpu > 0 ))
+ STRESS_PARAMETERS+=' --cpu 12'
+ (( io > 0 ))
+ (( memory > 0 ))
+ STRESS_PARAMETERS+=' --vm 12'
+ STRESS_PARAMETERS+=' --timeout 5m'
++ date '+%F %T'
+ start_ts='2025-11-28 06:39:08'
++ head -n 4 stress_poti_5_nodes_736356/736356.nodes
++ cut '-d ' -f1
+ for machine in $(head -n "$nodes" "$HOSTFILE" | cut -d" " -f1)
+ for machine in $(head -n "$nodes" "$HOSTFILE" | cut -d" " -f1)
+ for machine in $(head -n "$nodes" "$HOSTFILE" | cut -d" " -f1)
+ for machine in $(head -n "$nodes" "$HOSTFILE" | cut -d" " -f1)
+ sleep 5m
++ which stress
++ which stress
++ which stress
++ which stress
+ ssh -n poti4 '/gnu/store/9wlnqbvkmdwjysi56xcwmym1xaprd2cm-profile/bin/stress  --cpu 12 --vm 12 --timeout 5m'
+ ssh -n poti3 '/gnu/store/9wlnqbvkmdwjysi56xcwmym1xaprd2cm-profile/bin/stress  --cpu 12 --vm 12 --timeout 5m'
+ ssh -n poti2 '/gnu/store/9wlnqbvkmdwjysi56xcwmym1xaprd2cm-profile/bin/stress  --cpu 12 --vm 12 --timeout 5m'
+ ssh -n poti1 '/gnu/store/9wlnqbvkmdwjysi56xcwmym1xaprd2cm-profile/bin/stress  --cpu 12 --vm 12 --timeout 5m'
++ date '+%F %T'
+ end_ts='2025-11-28 06:44:09'
+ echo '5m,12,0,12,4,stress_poti_5_nodes,stress_poti_5_nodes_5m_CPU12_IO0_MEM12_N4_1,2025-11-28 06:39:08,2025-11-28 06:44:09'
+ sleep 30
+ IFS=,
+ read -r time cpu io memory nodes exp order
+ STRESS_PARAMETERS=
+ (( cpu > 0 ))
+ (( io > 0 ))
+ STRESS_PARAMETERS+=' --io 24'
+ (( memory > 0 ))
+ STRESS_PARAMETERS+=' --timeout 5m'
++ date '+%F %T'
+ start_ts='2025-11-28 06:44:39'
++ head -n 1 stress_poti_5_nodes_736356/736356.nodes
++ cut '-d ' -f1
+ for machine in $(head -n "$nodes" "$HOSTFILE" | cut -d" " -f1)
+ sleep 5m
++ which stress
+ ssh -n poti1 '/gnu/store/9wlnqbvkmdwjysi56xcwmym1xaprd2cm-profile/bin/stress  --io 24 --timeout 5m'
++ date '+%F %T'
+ end_ts='2025-11-28 06:49:39'
+ echo '5m,0,24,0,1,stress_poti_5_nodes,stress_poti_5_nodes_5m_CPU0_IO24_MEM0_N1_2,2025-11-28 06:44:39,2025-11-28 06:49:39'
+ sleep 30
+ IFS=,
+ read -r time cpu io memory nodes exp order
+ STRESS_PARAMETERS=
+ (( cpu > 0 ))
+ (( io > 0 ))
+ STRESS_PARAMETERS+=' --io 12'
+ (( memory > 0 ))
+ STRESS_PARAMETERS+=' --vm 12'
+ STRESS_PARAMETERS+=' --timeout 5m'
++ date '+%F %T'
+ start_ts='2025-11-28 06:50:09'
++ head -n 5 stress_poti_5_nodes_736356/736356.nodes
++ cut '-d ' -f1
+ for machine in $(head -n "$nodes" "$HOSTFILE" | cut -d" " -f1)
+ for machine in $(head -n "$nodes" "$HOSTFILE" | cut -d" " -f1)
+ for machine in $(head -n "$nodes" "$HOSTFILE" | cut -d" " -f1)
+ for machine in $(head -n "$nodes" "$HOSTFILE" | cut -d" " -f1)
+ for machine in $(head -n "$nodes" "$HOSTFILE" | cut -d" " -f1)
+ sleep 5m
++ which stress
++ which stress
++ which stress
++ which stress
++ which stress
+ ssh -n poti2 '/gnu/store/9wlnqbvkmdwjysi56xcwmym1xaprd2cm-profile/bin/stress  --io 12 --vm 12 --timeout 5m'
+ ssh -n poti5 '/gnu/store/9wlnqbvkmdwjysi56xcwmym1xaprd2cm-profile/bin/stress  --io 12 --vm 12 --timeout 5m'
+ ssh -n poti4 '/gnu/store/9wlnqbvkmdwjysi56xcwmym1xaprd2cm-profile/bin/stress  --io 12 --vm 12 --timeout 5m'
+ ssh -n poti1 '/gnu/store/9wlnqbvkmdwjysi56xcwmym1xaprd2cm-profile/bin/stress  --io 12 --vm 12 --timeout 5m'
+ ssh -n poti3 '/gnu/store/9wlnqbvkmdwjysi56xcwmym1xaprd2cm-profile/bin/stress  --io 12 --vm 12 --timeout 5m'
++ date '+%F %T'
+ end_ts='2025-11-28 06:55:09'
+ echo '5m,0,12,12,5,stress_poti_5_nodes,stress_poti_5_nodes_5m_CPU0_IO12_MEM12_N5_3,2025-11-28 06:50:09,2025-11-28 06:55:09'
+ sleep 30
+ IFS=,
+ read -r time cpu io memory nodes exp order
+ STRESS_PARAMETERS=
+ (( cpu > 0 ))
+ (( io > 0 ))
+ STRESS_PARAMETERS+=' --io 12'
+ (( memory > 0 ))
+ STRESS_PARAMETERS+=' --vm 12'
+ STRESS_PARAMETERS+=' --timeout 5m'
++ date '+%F %T'
+ start_ts='2025-11-28 06:55:39'
++ head -n 1 stress_poti_5_nodes_736356/736356.nodes
++ cut '-d ' -f1
+ for machine in $(head -n "$nodes" "$HOSTFILE" | cut -d" " -f1)
+ sleep 5m
++ which stress
+ ssh -n poti1 '/gnu/store/9wlnqbvkmdwjysi56xcwmym1xaprd2cm-profile/bin/stress  --io 12 --vm 12 --timeout 5m'
++ date '+%F %T'
+ end_ts='2025-11-28 07:00:39'
+ echo '5m,0,12,12,1,stress_poti_5_nodes,stress_poti_5_nodes_5m_CPU0_IO12_MEM12_N1_4,2025-11-28 06:55:39,2025-11-28 07:00:39'
+ sleep 30
+ IFS=,
+ read -r time cpu io memory nodes exp order
+ STRESS_PARAMETERS=
+ (( cpu > 0 ))
+ STRESS_PARAMETERS+=' --cpu 12'
+ (( io > 0 ))
+ (( memory > 0 ))
+ STRESS_PARAMETERS+=' --vm 12'
+ STRESS_PARAMETERS+=' --timeout 5m'
++ date '+%F %T'
+ start_ts='2025-11-28 07:01:09'
++ head -n 5 stress_poti_5_nodes_736356/736356.nodes
++ cut '-d ' -f1
+ for machine in $(head -n "$nodes" "$HOSTFILE" | cut -d" " -f1)
+ for machine in $(head -n "$nodes" "$HOSTFILE" | cut -d" " -f1)
+ for machine in $(head -n "$nodes" "$HOSTFILE" | cut -d" " -f1)
+ for machine in $(head -n "$nodes" "$HOSTFILE" | cut -d" " -f1)
+ for machine in $(head -n "$nodes" "$HOSTFILE" | cut -d" " -f1)
++ which stress
+ sleep 5m
++ which stress
++ which stress
++ which stress
++ which stress
+ ssh -n poti2 '/gnu/store/9wlnqbvkmdwjysi56xcwmym1xaprd2cm-profile/bin/stress  --cpu 12 --vm 12 --timeout 5m'
+ ssh -n poti4 '/gnu/store/9wlnqbvkmdwjysi56xcwmym1xaprd2cm-profile/bin/stress  --cpu 12 --vm 12 --timeout 5m'
+ ssh -n poti5 '/gnu/store/9wlnqbvkmdwjysi56xcwmym1xaprd2cm-profile/bin/stress  --cpu 12 --vm 12 --timeout 5m'
+ ssh -n poti1 '/gnu/store/9wlnqbvkmdwjysi56xcwmym1xaprd2cm-profile/bin/stress  --cpu 12 --vm 12 --timeout 5m'
+ ssh -n poti3 '/gnu/store/9wlnqbvkmdwjysi56xcwmym1xaprd2cm-profile/bin/stress  --cpu 12 --vm 12 --timeout 5m'
++ date '+%F %T'
+ end_ts='2025-11-28 07:06:09'
+ echo '5m,12,0,12,5,stress_poti_5_nodes,stress_poti_5_nodes_5m_CPU12_IO0_MEM12_N5_5,2025-11-28 07:01:09,2025-11-28 07:06:09'
+ sleep 30
+ IFS=,
+ read -r time cpu io memory nodes exp order
+ STRESS_PARAMETERS=
+ (( cpu > 0 ))
+ (( io > 0 ))
+ (( memory > 0 ))
+ STRESS_PARAMETERS+=' --vm 24'
+ STRESS_PARAMETERS+=' --timeout 5m'
++ date '+%F %T'
+ start_ts='2025-11-28 07:06:39'
++ head -n 1 stress_poti_5_nodes_736356/736356.nodes
++ cut '-d ' -f1
+ for machine in $(head -n "$nodes" "$HOSTFILE" | cut -d" " -f1)
+ sleep 5m
++ which stress
+ ssh -n poti1 '/gnu/store/9wlnqbvkmdwjysi56xcwmym1xaprd2cm-profile/bin/stress  --vm 24 --timeout 5m'
++ date '+%F %T'
+ end_ts='2025-11-28 07:11:39'
+ echo '5m,0,0,24,1,stress_poti_5_nodes,stress_poti_5_nodes_5m_CPU0_IO0_MEM24_N1_6,2025-11-28 07:06:39,2025-11-28 07:11:39'
+ sleep 30
+ IFS=,
+ read -r time cpu io memory nodes exp order
+ STRESS_PARAMETERS=
+ (( cpu > 0 ))
+ STRESS_PARAMETERS+=' --cpu 12'
+ (( io > 0 ))
+ (( memory > 0 ))
+ STRESS_PARAMETERS+=' --vm 12'
+ STRESS_PARAMETERS+=' --timeout 5m'
++ date '+%F %T'
+ start_ts='2025-11-28 07:12:09'
++ head -n 3 stress_poti_5_nodes_736356/736356.nodes
++ cut '-d ' -f1
+ for machine in $(head -n "$nodes" "$HOSTFILE" | cut -d" " -f1)
+ for machine in $(head -n "$nodes" "$HOSTFILE" | cut -d" " -f1)
+ for machine in $(head -n "$nodes" "$HOSTFILE" | cut -d" " -f1)
+ sleep 5m
++ which stress
++ which stress
++ which stress
+ ssh -n poti3 '/gnu/store/9wlnqbvkmdwjysi56xcwmym1xaprd2cm-profile/bin/stress  --cpu 12 --vm 12 --timeout 5m'
+ ssh -n poti2 '/gnu/store/9wlnqbvkmdwjysi56xcwmym1xaprd2cm-profile/bin/stress  --cpu 12 --vm 12 --timeout 5m'
+ ssh -n poti1 '/gnu/store/9wlnqbvkmdwjysi56xcwmym1xaprd2cm-profile/bin/stress  --cpu 12 --vm 12 --timeout 5m'
++ date '+%F %T'
+ end_ts='2025-11-28 07:17:09'
+ echo '5m,12,0,12,3,stress_poti_5_nodes,stress_poti_5_nodes_5m_CPU12_IO0_MEM12_N3_7,2025-11-28 07:12:09,2025-11-28 07:17:09'
+ sleep 30
+ IFS=,
+ read -r time cpu io memory nodes exp order
+ STRESS_PARAMETERS=
+ (( cpu > 0 ))
+ STRESS_PARAMETERS+=' --cpu 12'
+ (( io > 0 ))
+ (( memory > 0 ))
+ STRESS_PARAMETERS+=' --vm 12'
+ STRESS_PARAMETERS+=' --timeout 5m'
++ date '+%F %T'
+ start_ts='2025-11-28 07:17:39'
++ head -n 1 stress_poti_5_nodes_736356/736356.nodes
++ cut '-d ' -f1
+ for machine in $(head -n "$nodes" "$HOSTFILE" | cut -d" " -f1)
+ sleep 5m
++ which stress
+ ssh -n poti1 '/gnu/store/9wlnqbvkmdwjysi56xcwmym1xaprd2cm-profile/bin/stress  --cpu 12 --vm 12 --timeout 5m'
++ date '+%F %T'
+ end_ts='2025-11-28 07:22:39'
+ echo '5m,12,0,12,1,stress_poti_5_nodes,stress_poti_5_nodes_5m_CPU12_IO0_MEM12_N1_8,2025-11-28 07:17:39,2025-11-28 07:22:39'
+ sleep 30
+ IFS=,
+ read -r time cpu io memory nodes exp order
+ STRESS_PARAMETERS=
+ (( cpu > 0 ))
+ STRESS_PARAMETERS+=' --cpu 12'
+ (( io > 0 ))
+ (( memory > 0 ))
+ STRESS_PARAMETERS+=' --vm 12'
+ STRESS_PARAMETERS+=' --timeout 5m'
++ date '+%F %T'
+ start_ts='2025-11-28 07:23:09'
++ head -n 2 stress_poti_5_nodes_736356/736356.nodes
++ cut '-d ' -f1
+ for machine in $(head -n "$nodes" "$HOSTFILE" | cut -d" " -f1)
+ for machine in $(head -n "$nodes" "$HOSTFILE" | cut -d" " -f1)
+ sleep 5m
++ which stress
++ which stress
+ ssh -n poti2 '/gnu/store/9wlnqbvkmdwjysi56xcwmym1xaprd2cm-profile/bin/stress  --cpu 12 --vm 12 --timeout 5m'
+ ssh -n poti1 '/gnu/store/9wlnqbvkmdwjysi56xcwmym1xaprd2cm-profile/bin/stress  --cpu 12 --vm 12 --timeout 5m'
++ date '+%F %T'
+ end_ts='2025-11-28 07:28:09'
+ echo '5m,12,0,12,2,stress_poti_5_nodes,stress_poti_5_nodes_5m_CPU12_IO0_MEM12_N2_9,2025-11-28 07:23:09,2025-11-28 07:28:09'
+ sleep 30
+ IFS=,
+ read -r time cpu io memory nodes exp order
+ STRESS_PARAMETERS=
+ (( cpu > 0 ))
+ (( io > 0 ))
+ STRESS_PARAMETERS+=' --io 24'
+ (( memory > 0 ))
+ STRESS_PARAMETERS+=' --timeout 5m'
++ date '+%F %T'
+ start_ts='2025-11-28 07:28:39'
++ head -n 2 stress_poti_5_nodes_736356/736356.nodes
++ cut '-d ' -f1
+ for machine in $(head -n "$nodes" "$HOSTFILE" | cut -d" " -f1)
+ for machine in $(head -n "$nodes" "$HOSTFILE" | cut -d" " -f1)
+ sleep 5m
++ which stress
++ which stress
+ ssh -n poti1 '/gnu/store/9wlnqbvkmdwjysi56xcwmym1xaprd2cm-profile/bin/stress  --io 24 --timeout 5m'
+ ssh -n poti2 '/gnu/store/9wlnqbvkmdwjysi56xcwmym1xaprd2cm-profile/bin/stress  --io 24 --timeout 5m'
++ date '+%F %T'
+ end_ts='2025-11-28 07:33:39'
+ echo '5m,0,24,0,2,stress_poti_5_nodes,stress_poti_5_nodes_5m_CPU0_IO24_MEM0_N2_10,2025-11-28 07:28:39,2025-11-28 07:33:39'
+ sleep 30
+ IFS=,
+ read -r time cpu io memory nodes exp order
+ STRESS_PARAMETERS=
+ (( cpu > 0 ))
+ (( io > 0 ))
+ STRESS_PARAMETERS+=' --io 24'
+ (( memory > 0 ))
+ STRESS_PARAMETERS+=' --timeout 5m'
++ date '+%F %T'
+ start_ts='2025-11-28 07:34:09'
++ head -n 3 stress_poti_5_nodes_736356/736356.nodes
++ cut '-d ' -f1
+ for machine in $(head -n "$nodes" "$HOSTFILE" | cut -d" " -f1)
+ for machine in $(head -n "$nodes" "$HOSTFILE" | cut -d" " -f1)
+ for machine in $(head -n "$nodes" "$HOSTFILE" | cut -d" " -f1)
+ sleep 5m
++ which stress
++ which stress
++ which stress
+ ssh -n poti2 '/gnu/store/9wlnqbvkmdwjysi56xcwmym1xaprd2cm-profile/bin/stress  --io 24 --timeout 5m'
+ ssh -n poti1 '/gnu/store/9wlnqbvkmdwjysi56xcwmym1xaprd2cm-profile/bin/stress  --io 24 --timeout 5m'
+ ssh -n poti3 '/gnu/store/9wlnqbvkmdwjysi56xcwmym1xaprd2cm-profile/bin/stress  --io 24 --timeout 5m'
++ date '+%F %T'
+ end_ts='2025-11-28 07:39:09'
+ echo '5m,0,24,0,3,stress_poti_5_nodes,stress_poti_5_nodes_5m_CPU0_IO24_MEM0_N3_11,2025-11-28 07:34:09,2025-11-28 07:39:09'
+ sleep 30
+ IFS=,
+ read -r time cpu io memory nodes exp order
+ STRESS_PARAMETERS=
+ (( cpu > 0 ))
+ (( io > 0 ))
+ STRESS_PARAMETERS+=' --io 12'
+ (( memory > 0 ))
+ STRESS_PARAMETERS+=' --vm 12'
+ STRESS_PARAMETERS+=' --timeout 5m'
++ date '+%F %T'
+ start_ts='2025-11-28 07:39:39'
++ head -n 4 stress_poti_5_nodes_736356/736356.nodes
++ cut '-d ' -f1
+ for machine in $(head -n "$nodes" "$HOSTFILE" | cut -d" " -f1)
+ for machine in $(head -n "$nodes" "$HOSTFILE" | cut -d" " -f1)
+ for machine in $(head -n "$nodes" "$HOSTFILE" | cut -d" " -f1)
+ for machine in $(head -n "$nodes" "$HOSTFILE" | cut -d" " -f1)
+ sleep 5m
++ which stress
++ which stress
++ which stress
++ which stress
+ ssh -n poti1 '/gnu/store/9wlnqbvkmdwjysi56xcwmym1xaprd2cm-profile/bin/stress  --io 12 --vm 12 --timeout 5m'
+ ssh -n poti3 '/gnu/store/9wlnqbvkmdwjysi56xcwmym1xaprd2cm-profile/bin/stress  --io 12 --vm 12 --timeout 5m'
+ ssh -n poti2 '/gnu/store/9wlnqbvkmdwjysi56xcwmym1xaprd2cm-profile/bin/stress  --io 12 --vm 12 --timeout 5m'
+ ssh -n poti4 '/gnu/store/9wlnqbvkmdwjysi56xcwmym1xaprd2cm-profile/bin/stress  --io 12 --vm 12 --timeout 5m'
++ date '+%F %T'
+ end_ts='2025-11-28 07:44:39'
+ echo '5m,0,12,12,4,stress_poti_5_nodes,stress_poti_5_nodes_5m_CPU0_IO12_MEM12_N4_12,2025-11-28 07:39:39,2025-11-28 07:44:39'
+ sleep 30
+ IFS=,
+ read -r time cpu io memory nodes exp order
+ STRESS_PARAMETERS=
+ (( cpu > 0 ))
+ STRESS_PARAMETERS+=' --cpu 12'
+ (( io > 0 ))
+ STRESS_PARAMETERS+=' --io 12'
+ (( memory > 0 ))
+ STRESS_PARAMETERS+=' --timeout 5m'
++ date '+%F %T'
+ start_ts='2025-11-28 07:45:09'
++ head -n 1 stress_poti_5_nodes_736356/736356.nodes
++ cut '-d ' -f1
+ for machine in $(head -n "$nodes" "$HOSTFILE" | cut -d" " -f1)
+ sleep 5m
++ which stress
+ ssh -n poti1 '/gnu/store/9wlnqbvkmdwjysi56xcwmym1xaprd2cm-profile/bin/stress  --cpu 12 --io 12 --timeout 5m'
++ date '+%F %T'
+ end_ts='2025-11-28 07:50:09'
+ echo '5m,12,12,0,1,stress_poti_5_nodes,stress_poti_5_nodes_5m_CPU12_IO12_MEM0_N1_13,2025-11-28 07:45:09,2025-11-28 07:50:09'
+ sleep 30
+ IFS=,
+ read -r time cpu io memory nodes exp order
+ STRESS_PARAMETERS=
+ (( cpu > 0 ))
+ STRESS_PARAMETERS+=' --cpu 8'
+ (( io > 0 ))
+ STRESS_PARAMETERS+=' --io 8'
+ (( memory > 0 ))
+ STRESS_PARAMETERS+=' --vm 8'
+ STRESS_PARAMETERS+=' --timeout 5m'
++ date '+%F %T'
+ start_ts='2025-11-28 07:50:39'
++ head -n 5 stress_poti_5_nodes_736356/736356.nodes
++ cut '-d ' -f1
+ for machine in $(head -n "$nodes" "$HOSTFILE" | cut -d" " -f1)
+ for machine in $(head -n "$nodes" "$HOSTFILE" | cut -d" " -f1)
+ for machine in $(head -n "$nodes" "$HOSTFILE" | cut -d" " -f1)
+ for machine in $(head -n "$nodes" "$HOSTFILE" | cut -d" " -f1)
+ for machine in $(head -n "$nodes" "$HOSTFILE" | cut -d" " -f1)
++ which stress
+ sleep 5m
++ which stress
++ which stress
++ which stress
++ which stress
+ ssh -n poti5 '/gnu/store/9wlnqbvkmdwjysi56xcwmym1xaprd2cm-profile/bin/stress  --cpu 8 --io 8 --vm 8 --timeout 5m'
+ ssh -n poti3 '/gnu/store/9wlnqbvkmdwjysi56xcwmym1xaprd2cm-profile/bin/stress  --cpu 8 --io 8 --vm 8 --timeout 5m'
+ ssh -n poti1 '/gnu/store/9wlnqbvkmdwjysi56xcwmym1xaprd2cm-profile/bin/stress  --cpu 8 --io 8 --vm 8 --timeout 5m'
+ ssh -n poti2 '/gnu/store/9wlnqbvkmdwjysi56xcwmym1xaprd2cm-profile/bin/stress  --cpu 8 --io 8 --vm 8 --timeout 5m'
+ ssh -n poti4 '/gnu/store/9wlnqbvkmdwjysi56xcwmym1xaprd2cm-profile/bin/stress  --cpu 8 --io 8 --vm 8 --timeout 5m'
++ date '+%F %T'
+ end_ts='2025-11-28 07:55:39'
+ echo '5m,8,8,8,5,stress_poti_5_nodes,stress_poti_5_nodes_5m_CPU8_IO8_MEM8_N5_14,2025-11-28 07:50:39,2025-11-28 07:55:39'
+ sleep 30
+ IFS=,
+ read -r time cpu io memory nodes exp order
+ STRESS_PARAMETERS=
+ (( cpu > 0 ))
+ STRESS_PARAMETERS+=' --cpu 8'
+ (( io > 0 ))
+ STRESS_PARAMETERS+=' --io 8'
+ (( memory > 0 ))
+ STRESS_PARAMETERS+=' --vm 8'
+ STRESS_PARAMETERS+=' --timeout 5m'
++ date '+%F %T'
+ start_ts='2025-11-28 07:56:09'
++ head -n 3 stress_poti_5_nodes_736356/736356.nodes
++ cut '-d ' -f1
+ for machine in $(head -n "$nodes" "$HOSTFILE" | cut -d" " -f1)
+ for machine in $(head -n "$nodes" "$HOSTFILE" | cut -d" " -f1)
+ for machine in $(head -n "$nodes" "$HOSTFILE" | cut -d" " -f1)
+ sleep 5m
++ which stress
++ which stress
++ which stress
+ ssh -n poti2 '/gnu/store/9wlnqbvkmdwjysi56xcwmym1xaprd2cm-profile/bin/stress  --cpu 8 --io 8 --vm 8 --timeout 5m'
+ ssh -n poti1 '/gnu/store/9wlnqbvkmdwjysi56xcwmym1xaprd2cm-profile/bin/stress  --cpu 8 --io 8 --vm 8 --timeout 5m'
+ ssh -n poti3 '/gnu/store/9wlnqbvkmdwjysi56xcwmym1xaprd2cm-profile/bin/stress  --cpu 8 --io 8 --vm 8 --timeout 5m'
++ date '+%F %T'
+ end_ts='2025-11-28 08:01:09'
+ echo '5m,8,8,8,3,stress_poti_5_nodes,stress_poti_5_nodes_5m_CPU8_IO8_MEM8_N3_15,2025-11-28 07:56:09,2025-11-28 08:01:09'
+ sleep 30
+ IFS=,
+ read -r time cpu io memory nodes exp order
+ STRESS_PARAMETERS=
+ (( cpu > 0 ))
+ (( io > 0 ))
+ STRESS_PARAMETERS+=' --io 24'
+ (( memory > 0 ))
+ STRESS_PARAMETERS+=' --timeout 5m'
++ date '+%F %T'
+ start_ts='2025-11-28 08:01:39'
++ head -n 4 stress_poti_5_nodes_736356/736356.nodes
++ cut '-d ' -f1
+ for machine in $(head -n "$nodes" "$HOSTFILE" | cut -d" " -f1)
+ for machine in $(head -n "$nodes" "$HOSTFILE" | cut -d" " -f1)
+ for machine in $(head -n "$nodes" "$HOSTFILE" | cut -d" " -f1)
+ for machine in $(head -n "$nodes" "$HOSTFILE" | cut -d" " -f1)
+ sleep 5m
++ which stress
++ which stress
++ which stress
++ which stress
+ ssh -n poti2 '/gnu/store/9wlnqbvkmdwjysi56xcwmym1xaprd2cm-profile/bin/stress  --io 24 --timeout 5m'
+ ssh -n poti4 '/gnu/store/9wlnqbvkmdwjysi56xcwmym1xaprd2cm-profile/bin/stress  --io 24 --timeout 5m'
+ ssh -n poti1 '/gnu/store/9wlnqbvkmdwjysi56xcwmym1xaprd2cm-profile/bin/stress  --io 24 --timeout 5m'
+ ssh -n poti3 '/gnu/store/9wlnqbvkmdwjysi56xcwmym1xaprd2cm-profile/bin/stress  --io 24 --timeout 5m'
++ date '+%F %T'
+ end_ts='2025-11-28 08:06:39'
+ echo '5m,0,24,0,4,stress_poti_5_nodes,stress_poti_5_nodes_5m_CPU0_IO24_MEM0_N4_16,2025-11-28 08:01:39,2025-11-28 08:06:39'
+ sleep 30
+ IFS=,
+ read -r time cpu io memory nodes exp order
+ STRESS_PARAMETERS=
+ (( cpu > 0 ))
+ STRESS_PARAMETERS+=' --cpu 12'
+ (( io > 0 ))
+ STRESS_PARAMETERS+=' --io 12'
+ (( memory > 0 ))
+ STRESS_PARAMETERS+=' --timeout 5m'
++ date '+%F %T'
+ start_ts='2025-11-28 08:07:09'
++ head -n 5 stress_poti_5_nodes_736356/736356.nodes
++ cut '-d ' -f1
+ for machine in $(head -n "$nodes" "$HOSTFILE" | cut -d" " -f1)
+ for machine in $(head -n "$nodes" "$HOSTFILE" | cut -d" " -f1)
+ for machine in $(head -n "$nodes" "$HOSTFILE" | cut -d" " -f1)
+ for machine in $(head -n "$nodes" "$HOSTFILE" | cut -d" " -f1)
+ for machine in $(head -n "$nodes" "$HOSTFILE" | cut -d" " -f1)
++ which stress
++ which stress
+ sleep 5m
++ which stress
++ which stress
++ which stress
+ ssh -n poti5 '/gnu/store/9wlnqbvkmdwjysi56xcwmym1xaprd2cm-profile/bin/stress  --cpu 12 --io 12 --timeout 5m'
+ ssh -n poti4 '/gnu/store/9wlnqbvkmdwjysi56xcwmym1xaprd2cm-profile/bin/stress  --cpu 12 --io 12 --timeout 5m'
+ ssh -n poti1 '/gnu/store/9wlnqbvkmdwjysi56xcwmym1xaprd2cm-profile/bin/stress  --cpu 12 --io 12 --timeout 5m'
+ ssh -n poti3 '/gnu/store/9wlnqbvkmdwjysi56xcwmym1xaprd2cm-profile/bin/stress  --cpu 12 --io 12 --timeout 5m'
+ ssh -n poti2 '/gnu/store/9wlnqbvkmdwjysi56xcwmym1xaprd2cm-profile/bin/stress  --cpu 12 --io 12 --timeout 5m'
++ date '+%F %T'
+ end_ts='2025-11-28 08:12:09'
+ echo '5m,12,12,0,5,stress_poti_5_nodes,stress_poti_5_nodes_5m_CPU12_IO12_MEM0_N5_17,2025-11-28 08:07:09,2025-11-28 08:12:09'
+ sleep 30
+ IFS=,
+ read -r time cpu io memory nodes exp order
+ STRESS_PARAMETERS=
+ (( cpu > 0 ))
+ (( io > 0 ))
+ STRESS_PARAMETERS+=' --io 12'
+ (( memory > 0 ))
+ STRESS_PARAMETERS+=' --vm 12'
+ STRESS_PARAMETERS+=' --timeout 5m'
++ date '+%F %T'
+ start_ts='2025-11-28 08:12:39'
++ head -n 2 stress_poti_5_nodes_736356/736356.nodes
++ cut '-d ' -f1
+ for machine in $(head -n "$nodes" "$HOSTFILE" | cut -d" " -f1)
+ for machine in $(head -n "$nodes" "$HOSTFILE" | cut -d" " -f1)
+ sleep 5m
++ which stress
++ which stress
+ ssh -n poti2 '/gnu/store/9wlnqbvkmdwjysi56xcwmym1xaprd2cm-profile/bin/stress  --io 12 --vm 12 --timeout 5m'
+ ssh -n poti1 '/gnu/store/9wlnqbvkmdwjysi56xcwmym1xaprd2cm-profile/bin/stress  --io 12 --vm 12 --timeout 5m'
++ date '+%F %T'
+ end_ts='2025-11-28 08:17:39'
+ echo '5m,0,12,12,2,stress_poti_5_nodes,stress_poti_5_nodes_5m_CPU0_IO12_MEM12_N2_18,2025-11-28 08:12:39,2025-11-28 08:17:39'
+ sleep 30
+ IFS=,
+ read -r time cpu io memory nodes exp order
+ STRESS_PARAMETERS=
+ (( cpu > 0 ))
+ STRESS_PARAMETERS+=' --cpu 8'
+ (( io > 0 ))
+ STRESS_PARAMETERS+=' --io 8'
+ (( memory > 0 ))
+ STRESS_PARAMETERS+=' --vm 8'
+ STRESS_PARAMETERS+=' --timeout 5m'
++ date '+%F %T'
+ start_ts='2025-11-28 08:18:09'
++ head -n 2 stress_poti_5_nodes_736356/736356.nodes
++ cut '-d ' -f1
+ for machine in $(head -n "$nodes" "$HOSTFILE" | cut -d" " -f1)
+ for machine in $(head -n "$nodes" "$HOSTFILE" | cut -d" " -f1)
+ sleep 5m
++ which stress
++ which stress
+ ssh -n poti1 '/gnu/store/9wlnqbvkmdwjysi56xcwmym1xaprd2cm-profile/bin/stress  --cpu 8 --io 8 --vm 8 --timeout 5m'
+ ssh -n poti2 '/gnu/store/9wlnqbvkmdwjysi56xcwmym1xaprd2cm-profile/bin/stress  --cpu 8 --io 8 --vm 8 --timeout 5m'
++ date '+%F %T'
+ end_ts='2025-11-28 08:23:09'
+ echo '5m,8,8,8,2,stress_poti_5_nodes,stress_poti_5_nodes_5m_CPU8_IO8_MEM8_N2_19,2025-11-28 08:18:09,2025-11-28 08:23:09'
+ sleep 30
+ IFS=,
+ read -r time cpu io memory nodes exp order
+ STRESS_PARAMETERS=
+ (( cpu > 0 ))
+ STRESS_PARAMETERS+=' --cpu 24'
+ (( io > 0 ))
+ (( memory > 0 ))
+ STRESS_PARAMETERS+=' --timeout 5m'
++ date '+%F %T'
+ start_ts='2025-11-28 08:23:39'
++ head -n 4 stress_poti_5_nodes_736356/736356.nodes
++ cut '-d ' -f1
+ for machine in $(head -n "$nodes" "$HOSTFILE" | cut -d" " -f1)
+ for machine in $(head -n "$nodes" "$HOSTFILE" | cut -d" " -f1)
+ for machine in $(head -n "$nodes" "$HOSTFILE" | cut -d" " -f1)
+ for machine in $(head -n "$nodes" "$HOSTFILE" | cut -d" " -f1)
++ which stress
+ sleep 5m
++ which stress
++ which stress
++ which stress
+ ssh -n poti4 '/gnu/store/9wlnqbvkmdwjysi56xcwmym1xaprd2cm-profile/bin/stress  --cpu 24 --timeout 5m'
+ ssh -n poti3 '/gnu/store/9wlnqbvkmdwjysi56xcwmym1xaprd2cm-profile/bin/stress  --cpu 24 --timeout 5m'
+ ssh -n poti1 '/gnu/store/9wlnqbvkmdwjysi56xcwmym1xaprd2cm-profile/bin/stress  --cpu 24 --timeout 5m'
+ ssh -n poti2 '/gnu/store/9wlnqbvkmdwjysi56xcwmym1xaprd2cm-profile/bin/stress  --cpu 24 --timeout 5m'
++ date '+%F %T'
+ end_ts='2025-11-28 08:28:39'
+ echo '5m,24,0,0,4,stress_poti_5_nodes,stress_poti_5_nodes_5m_CPU24_IO0_MEM0_N4_20,2025-11-28 08:23:39,2025-11-28 08:28:39'
+ sleep 30
+ IFS=,
+ read -r time cpu io memory nodes exp order
+ STRESS_PARAMETERS=
+ (( cpu > 0 ))
+ (( io > 0 ))
+ STRESS_PARAMETERS+=' --io 24'
+ (( memory > 0 ))
+ STRESS_PARAMETERS+=' --timeout 5m'
++ date '+%F %T'
+ start_ts='2025-11-28 08:29:09'
++ head -n 5 stress_poti_5_nodes_736356/736356.nodes
++ cut '-d ' -f1
+ for machine in $(head -n "$nodes" "$HOSTFILE" | cut -d" " -f1)
+ for machine in $(head -n "$nodes" "$HOSTFILE" | cut -d" " -f1)
+ for machine in $(head -n "$nodes" "$HOSTFILE" | cut -d" " -f1)
+ for machine in $(head -n "$nodes" "$HOSTFILE" | cut -d" " -f1)
+ for machine in $(head -n "$nodes" "$HOSTFILE" | cut -d" " -f1)
++ which stress
++ which stress
+ sleep 5m
++ which stress
++ which stress
++ which stress
+ ssh -n poti3 '/gnu/store/9wlnqbvkmdwjysi56xcwmym1xaprd2cm-profile/bin/stress  --io 24 --timeout 5m'
+ ssh -n poti5 '/gnu/store/9wlnqbvkmdwjysi56xcwmym1xaprd2cm-profile/bin/stress  --io 24 --timeout 5m'
+ ssh -n poti4 '/gnu/store/9wlnqbvkmdwjysi56xcwmym1xaprd2cm-profile/bin/stress  --io 24 --timeout 5m'
+ ssh -n poti1 '/gnu/store/9wlnqbvkmdwjysi56xcwmym1xaprd2cm-profile/bin/stress  --io 24 --timeout 5m'
+ ssh -n poti2 '/gnu/store/9wlnqbvkmdwjysi56xcwmym1xaprd2cm-profile/bin/stress  --io 24 --timeout 5m'
++ date '+%F %T'
+ end_ts='2025-11-28 08:34:09'
+ echo '5m,0,24,0,5,stress_poti_5_nodes,stress_poti_5_nodes_5m_CPU0_IO24_MEM0_N5_21,2025-11-28 08:29:09,2025-11-28 08:34:09'
+ sleep 30
+ IFS=,
+ read -r time cpu io memory nodes exp order
+ STRESS_PARAMETERS=
+ (( cpu > 0 ))
+ STRESS_PARAMETERS+=' --cpu 12'
+ (( io > 0 ))
+ STRESS_PARAMETERS+=' --io 12'
+ (( memory > 0 ))
+ STRESS_PARAMETERS+=' --timeout 5m'
++ date '+%F %T'
+ start_ts='2025-11-28 08:34:39'
++ head -n 2 stress_poti_5_nodes_736356/736356.nodes
++ cut '-d ' -f1
+ for machine in $(head -n "$nodes" "$HOSTFILE" | cut -d" " -f1)
+ for machine in $(head -n "$nodes" "$HOSTFILE" | cut -d" " -f1)
+ sleep 5m
++ which stress
++ which stress
+ ssh -n poti2 '/gnu/store/9wlnqbvkmdwjysi56xcwmym1xaprd2cm-profile/bin/stress  --cpu 12 --io 12 --timeout 5m'
+ ssh -n poti1 '/gnu/store/9wlnqbvkmdwjysi56xcwmym1xaprd2cm-profile/bin/stress  --cpu 12 --io 12 --timeout 5m'
++ date '+%F %T'
+ end_ts='2025-11-28 08:39:39'
+ echo '5m,12,12,0,2,stress_poti_5_nodes,stress_poti_5_nodes_5m_CPU12_IO12_MEM0_N2_22,2025-11-28 08:34:39,2025-11-28 08:39:39'
+ sleep 30
+ IFS=,
+ read -r time cpu io memory nodes exp order
+ STRESS_PARAMETERS=
+ (( cpu > 0 ))
+ (( io > 0 ))
+ (( memory > 0 ))
+ STRESS_PARAMETERS+=' --vm 24'
+ STRESS_PARAMETERS+=' --timeout 5m'
++ date '+%F %T'
+ start_ts='2025-11-28 08:40:09'
++ head -n 3 stress_poti_5_nodes_736356/736356.nodes
++ cut '-d ' -f1
+ for machine in $(head -n "$nodes" "$HOSTFILE" | cut -d" " -f1)
+ for machine in $(head -n "$nodes" "$HOSTFILE" | cut -d" " -f1)
+ for machine in $(head -n "$nodes" "$HOSTFILE" | cut -d" " -f1)
+ sleep 5m
++ which stress
++ which stress
++ which stress
+ ssh -n poti2 '/gnu/store/9wlnqbvkmdwjysi56xcwmym1xaprd2cm-profile/bin/stress  --vm 24 --timeout 5m'
+ ssh -n poti3 '/gnu/store/9wlnqbvkmdwjysi56xcwmym1xaprd2cm-profile/bin/stress  --vm 24 --timeout 5m'
+ ssh -n poti1 '/gnu/store/9wlnqbvkmdwjysi56xcwmym1xaprd2cm-profile/bin/stress  --vm 24 --timeout 5m'
++ date '+%F %T'
+ end_ts='2025-11-28 08:45:09'
+ echo '5m,0,0,24,3,stress_poti_5_nodes,stress_poti_5_nodes_5m_CPU0_IO0_MEM24_N3_23,2025-11-28 08:40:09,2025-11-28 08:45:09'
+ sleep 30
+ IFS=,
+ read -r time cpu io memory nodes exp order
+ STRESS_PARAMETERS=
+ (( cpu > 0 ))
+ STRESS_PARAMETERS+=' --cpu 24'
+ (( io > 0 ))
+ (( memory > 0 ))
+ STRESS_PARAMETERS+=' --timeout 5m'
++ date '+%F %T'
+ start_ts='2025-11-28 08:45:39'
++ head -n 2 stress_poti_5_nodes_736356/736356.nodes
++ cut '-d ' -f1
+ for machine in $(head -n "$nodes" "$HOSTFILE" | cut -d" " -f1)
+ for machine in $(head -n "$nodes" "$HOSTFILE" | cut -d" " -f1)
+ sleep 5m
++ which stress
++ which stress
+ ssh -n poti1 '/gnu/store/9wlnqbvkmdwjysi56xcwmym1xaprd2cm-profile/bin/stress  --cpu 24 --timeout 5m'
+ ssh -n poti2 '/gnu/store/9wlnqbvkmdwjysi56xcwmym1xaprd2cm-profile/bin/stress  --cpu 24 --timeout 5m'
++ date '+%F %T'
+ end_ts='2025-11-28 08:50:39'
+ echo '5m,24,0,0,2,stress_poti_5_nodes,stress_poti_5_nodes_5m_CPU24_IO0_MEM0_N2_24,2025-11-28 08:45:39,2025-11-28 08:50:39'
+ sleep 30
+ IFS=,
+ read -r time cpu io memory nodes exp order
+ STRESS_PARAMETERS=
+ (( cpu > 0 ))
+ STRESS_PARAMETERS+=' --cpu 24'
+ (( io > 0 ))
+ (( memory > 0 ))
+ STRESS_PARAMETERS+=' --timeout 5m'
++ date '+%F %T'
+ start_ts='2025-11-28 08:51:09'
++ head -n 1 stress_poti_5_nodes_736356/736356.nodes
++ cut '-d ' -f1
+ for machine in $(head -n "$nodes" "$HOSTFILE" | cut -d" " -f1)
+ sleep 5m
++ which stress
+ ssh -n poti1 '/gnu/store/9wlnqbvkmdwjysi56xcwmym1xaprd2cm-profile/bin/stress  --cpu 24 --timeout 5m'
++ date '+%F %T'
+ end_ts='2025-11-28 08:56:10'
+ echo '5m,24,0,0,1,stress_poti_5_nodes,stress_poti_5_nodes_5m_CPU24_IO0_MEM0_N1_25,2025-11-28 08:51:09,2025-11-28 08:56:10'
+ sleep 30
+ IFS=,
+ read -r time cpu io memory nodes exp order
+ STRESS_PARAMETERS=
+ (( cpu > 0 ))
+ STRESS_PARAMETERS+=' --cpu 12'
+ (( io > 0 ))
+ STRESS_PARAMETERS+=' --io 12'
+ (( memory > 0 ))
+ STRESS_PARAMETERS+=' --timeout 5m'
++ date '+%F %T'
+ start_ts='2025-11-28 08:56:40'
++ head -n 3 stress_poti_5_nodes_736356/736356.nodes
++ cut '-d ' -f1
+ for machine in $(head -n "$nodes" "$HOSTFILE" | cut -d" " -f1)
+ for machine in $(head -n "$nodes" "$HOSTFILE" | cut -d" " -f1)
+ for machine in $(head -n "$nodes" "$HOSTFILE" | cut -d" " -f1)
+ sleep 5m
++ which stress
++ which stress
++ which stress
+ ssh -n poti1 '/gnu/store/9wlnqbvkmdwjysi56xcwmym1xaprd2cm-profile/bin/stress  --cpu 12 --io 12 --timeout 5m'
+ ssh -n poti3 '/gnu/store/9wlnqbvkmdwjysi56xcwmym1xaprd2cm-profile/bin/stress  --cpu 12 --io 12 --timeout 5m'
+ ssh -n poti2 '/gnu/store/9wlnqbvkmdwjysi56xcwmym1xaprd2cm-profile/bin/stress  --cpu 12 --io 12 --timeout 5m'
++ date '+%F %T'
+ end_ts='2025-11-28 09:01:40'
+ echo '5m,12,12,0,3,stress_poti_5_nodes,stress_poti_5_nodes_5m_CPU12_IO12_MEM0_N3_26,2025-11-28 08:56:40,2025-11-28 09:01:40'
+ sleep 30
+ IFS=,
+ read -r time cpu io memory nodes exp order
+ STRESS_PARAMETERS=
+ (( cpu > 0 ))
+ (( io > 0 ))
+ STRESS_PARAMETERS+=' --io 12'
+ (( memory > 0 ))
+ STRESS_PARAMETERS+=' --vm 12'
+ STRESS_PARAMETERS+=' --timeout 5m'
++ date '+%F %T'
+ start_ts='2025-11-28 09:02:10'
++ head -n 3 stress_poti_5_nodes_736356/736356.nodes
++ cut '-d ' -f1
+ for machine in $(head -n "$nodes" "$HOSTFILE" | cut -d" " -f1)
+ for machine in $(head -n "$nodes" "$HOSTFILE" | cut -d" " -f1)
+ for machine in $(head -n "$nodes" "$HOSTFILE" | cut -d" " -f1)
+ sleep 5m
++ which stress
++ which stress
++ which stress
+ ssh -n poti1 '/gnu/store/9wlnqbvkmdwjysi56xcwmym1xaprd2cm-profile/bin/stress  --io 12 --vm 12 --timeout 5m'
+ ssh -n poti3 '/gnu/store/9wlnqbvkmdwjysi56xcwmym1xaprd2cm-profile/bin/stress  --io 12 --vm 12 --timeout 5m'
+ ssh -n poti2 '/gnu/store/9wlnqbvkmdwjysi56xcwmym1xaprd2cm-profile/bin/stress  --io 12 --vm 12 --timeout 5m'
++ date '+%F %T'
+ end_ts='2025-11-28 09:07:10'
+ echo '5m,0,12,12,3,stress_poti_5_nodes,stress_poti_5_nodes_5m_CPU0_IO12_MEM12_N3_27,2025-11-28 09:02:10,2025-11-28 09:07:10'
+ sleep 30
+ IFS=,
+ read -r time cpu io memory nodes exp order
+ STRESS_PARAMETERS=
+ (( cpu > 0 ))
+ STRESS_PARAMETERS+=' --cpu 24'
+ (( io > 0 ))
+ (( memory > 0 ))
+ STRESS_PARAMETERS+=' --timeout 5m'
++ date '+%F %T'
+ start_ts='2025-11-28 09:07:40'
++ head -n 3 stress_poti_5_nodes_736356/736356.nodes
++ cut '-d ' -f1
+ for machine in $(head -n "$nodes" "$HOSTFILE" | cut -d" " -f1)
+ for machine in $(head -n "$nodes" "$HOSTFILE" | cut -d" " -f1)
+ for machine in $(head -n "$nodes" "$HOSTFILE" | cut -d" " -f1)
+ sleep 5m
++ which stress
++ which stress
++ which stress
+ ssh -n poti1 '/gnu/store/9wlnqbvkmdwjysi56xcwmym1xaprd2cm-profile/bin/stress  --cpu 24 --timeout 5m'
+ ssh -n poti2 '/gnu/store/9wlnqbvkmdwjysi56xcwmym1xaprd2cm-profile/bin/stress  --cpu 24 --timeout 5m'
+ ssh -n poti3 '/gnu/store/9wlnqbvkmdwjysi56xcwmym1xaprd2cm-profile/bin/stress  --cpu 24 --timeout 5m'
++ date '+%F %T'
+ end_ts='2025-11-28 09:12:40'
+ echo '5m,24,0,0,3,stress_poti_5_nodes,stress_poti_5_nodes_5m_CPU24_IO0_MEM0_N3_28,2025-11-28 09:07:40,2025-11-28 09:12:40'
+ sleep 30
+ IFS=,
+ read -r time cpu io memory nodes exp order
+ STRESS_PARAMETERS=
+ (( cpu > 0 ))
+ STRESS_PARAMETERS+=' --cpu 8'
+ (( io > 0 ))
+ STRESS_PARAMETERS+=' --io 8'
+ (( memory > 0 ))
+ STRESS_PARAMETERS+=' --vm 8'
+ STRESS_PARAMETERS+=' --timeout 5m'
++ date '+%F %T'
+ start_ts='2025-11-28 09:13:10'
++ head -n 4 stress_poti_5_nodes_736356/736356.nodes
++ cut '-d ' -f1
+ for machine in $(head -n "$nodes" "$HOSTFILE" | cut -d" " -f1)
+ for machine in $(head -n "$nodes" "$HOSTFILE" | cut -d" " -f1)
+ for machine in $(head -n "$nodes" "$HOSTFILE" | cut -d" " -f1)
+ for machine in $(head -n "$nodes" "$HOSTFILE" | cut -d" " -f1)
+ sleep 5m
++ which stress
++ which stress
++ which stress
++ which stress
+ ssh -n poti1 '/gnu/store/9wlnqbvkmdwjysi56xcwmym1xaprd2cm-profile/bin/stress  --cpu 8 --io 8 --vm 8 --timeout 5m'
+ ssh -n poti4 '/gnu/store/9wlnqbvkmdwjysi56xcwmym1xaprd2cm-profile/bin/stress  --cpu 8 --io 8 --vm 8 --timeout 5m'
+ ssh -n poti2 '/gnu/store/9wlnqbvkmdwjysi56xcwmym1xaprd2cm-profile/bin/stress  --cpu 8 --io 8 --vm 8 --timeout 5m'
+ ssh -n poti3 '/gnu/store/9wlnqbvkmdwjysi56xcwmym1xaprd2cm-profile/bin/stress  --cpu 8 --io 8 --vm 8 --timeout 5m'
++ date '+%F %T'
+ end_ts='2025-11-28 09:18:10'
+ echo '5m,8,8,8,4,stress_poti_5_nodes,stress_poti_5_nodes_5m_CPU8_IO8_MEM8_N4_29,2025-11-28 09:13:10,2025-11-28 09:18:10'
+ sleep 30
+ IFS=,
+ read -r time cpu io memory nodes exp order
+ STRESS_PARAMETERS=
+ (( cpu > 0 ))
+ (( io > 0 ))
+ (( memory > 0 ))
+ STRESS_PARAMETERS+=' --vm 24'
+ STRESS_PARAMETERS+=' --timeout 5m'
++ date '+%F %T'
+ start_ts='2025-11-28 09:18:40'
++ head -n 4 stress_poti_5_nodes_736356/736356.nodes
++ cut '-d ' -f1
+ for machine in $(head -n "$nodes" "$HOSTFILE" | cut -d" " -f1)
+ for machine in $(head -n "$nodes" "$HOSTFILE" | cut -d" " -f1)
+ for machine in $(head -n "$nodes" "$HOSTFILE" | cut -d" " -f1)
+ for machine in $(head -n "$nodes" "$HOSTFILE" | cut -d" " -f1)
+ sleep 5m
++ which stress
++ which stress
++ which stress
++ which stress
+ ssh -n poti4 '/gnu/store/9wlnqbvkmdwjysi56xcwmym1xaprd2cm-profile/bin/stress  --vm 24 --timeout 5m'
+ ssh -n poti2 '/gnu/store/9wlnqbvkmdwjysi56xcwmym1xaprd2cm-profile/bin/stress  --vm 24 --timeout 5m'
+ ssh -n poti3 '/gnu/store/9wlnqbvkmdwjysi56xcwmym1xaprd2cm-profile/bin/stress  --vm 24 --timeout 5m'
+ ssh -n poti1 '/gnu/store/9wlnqbvkmdwjysi56xcwmym1xaprd2cm-profile/bin/stress  --vm 24 --timeout 5m'
++ date '+%F %T'
+ end_ts='2025-11-28 09:23:40'
+ echo '5m,0,0,24,4,stress_poti_5_nodes,stress_poti_5_nodes_5m_CPU0_IO0_MEM24_N4_30,2025-11-28 09:18:40,2025-11-28 09:23:40'
+ sleep 30
+ IFS=,
+ read -r time cpu io memory nodes exp order
+ STRESS_PARAMETERS=
+ (( cpu > 0 ))
+ (( io > 0 ))
+ (( memory > 0 ))
+ STRESS_PARAMETERS+=' --vm 24'
+ STRESS_PARAMETERS+=' --timeout 5m'
++ date '+%F %T'
+ start_ts='2025-11-28 09:24:10'
++ head -n 5 stress_poti_5_nodes_736356/736356.nodes
++ cut '-d ' -f1
+ for machine in $(head -n "$nodes" "$HOSTFILE" | cut -d" " -f1)
+ for machine in $(head -n "$nodes" "$HOSTFILE" | cut -d" " -f1)
+ for machine in $(head -n "$nodes" "$HOSTFILE" | cut -d" " -f1)
+ for machine in $(head -n "$nodes" "$HOSTFILE" | cut -d" " -f1)
+ for machine in $(head -n "$nodes" "$HOSTFILE" | cut -d" " -f1)
++ which stress
++ which stress
+ sleep 5m
++ which stress
++ which stress
++ which stress
+ ssh -n poti1 '/gnu/store/9wlnqbvkmdwjysi56xcwmym1xaprd2cm-profile/bin/stress  --vm 24 --timeout 5m'
+ ssh -n poti3 '/gnu/store/9wlnqbvkmdwjysi56xcwmym1xaprd2cm-profile/bin/stress  --vm 24 --timeout 5m'
+ ssh -n poti5 '/gnu/store/9wlnqbvkmdwjysi56xcwmym1xaprd2cm-profile/bin/stress  --vm 24 --timeout 5m'
+ ssh -n poti4 '/gnu/store/9wlnqbvkmdwjysi56xcwmym1xaprd2cm-profile/bin/stress  --vm 24 --timeout 5m'
+ ssh -n poti2 '/gnu/store/9wlnqbvkmdwjysi56xcwmym1xaprd2cm-profile/bin/stress  --vm 24 --timeout 5m'
++ date '+%F %T'
+ end_ts='2025-11-28 09:29:10'
+ echo '5m,0,0,24,5,stress_poti_5_nodes,stress_poti_5_nodes_5m_CPU0_IO0_MEM24_N5_31,2025-11-28 09:24:10,2025-11-28 09:29:10'
+ sleep 30
+ IFS=,
+ read -r time cpu io memory nodes exp order
+ STRESS_PARAMETERS=
+ (( cpu > 0 ))
+ (( io > 0 ))
+ (( memory > 0 ))
+ STRESS_PARAMETERS+=' --vm 24'
+ STRESS_PARAMETERS+=' --timeout 5m'
++ date '+%F %T'
+ start_ts='2025-11-28 09:29:40'
++ head -n 2 stress_poti_5_nodes_736356/736356.nodes
++ cut '-d ' -f1
+ for machine in $(head -n "$nodes" "$HOSTFILE" | cut -d" " -f1)
+ for machine in $(head -n "$nodes" "$HOSTFILE" | cut -d" " -f1)
+ sleep 5m
++ which stress
++ which stress
+ ssh -n poti1 '/gnu/store/9wlnqbvkmdwjysi56xcwmym1xaprd2cm-profile/bin/stress  --vm 24 --timeout 5m'
+ ssh -n poti2 '/gnu/store/9wlnqbvkmdwjysi56xcwmym1xaprd2cm-profile/bin/stress  --vm 24 --timeout 5m'
++ date '+%F %T'
+ end_ts='2025-11-28 09:34:40'
+ echo '5m,0,0,24,2,stress_poti_5_nodes,stress_poti_5_nodes_5m_CPU0_IO0_MEM24_N2_32,2025-11-28 09:29:40,2025-11-28 09:34:40'
+ sleep 30
+ IFS=,
+ read -r time cpu io memory nodes exp order
+ STRESS_PARAMETERS=
+ (( cpu > 0 ))
+ STRESS_PARAMETERS+=' --cpu 8'
+ (( io > 0 ))
+ STRESS_PARAMETERS+=' --io 8'
+ (( memory > 0 ))
+ STRESS_PARAMETERS+=' --vm 8'
+ STRESS_PARAMETERS+=' --timeout 5m'
++ date '+%F %T'
+ start_ts='2025-11-28 09:35:10'
++ head -n 1 stress_poti_5_nodes_736356/736356.nodes
++ cut '-d ' -f1
+ for machine in $(head -n "$nodes" "$HOSTFILE" | cut -d" " -f1)
+ sleep 5m
++ which stress
+ ssh -n poti1 '/gnu/store/9wlnqbvkmdwjysi56xcwmym1xaprd2cm-profile/bin/stress  --cpu 8 --io 8 --vm 8 --timeout 5m'
++ date '+%F %T'
+ end_ts='2025-11-28 09:40:10'
+ echo '5m,8,8,8,1,stress_poti_5_nodes,stress_poti_5_nodes_5m_CPU8_IO8_MEM8_N1_33,2025-11-28 09:35:10,2025-11-28 09:40:10'
+ sleep 30
+ IFS=,
+ read -r time cpu io memory nodes exp order
+ STRESS_PARAMETERS=
+ (( cpu > 0 ))
+ STRESS_PARAMETERS+=' --cpu 24'
+ (( io > 0 ))
+ (( memory > 0 ))
+ STRESS_PARAMETERS+=' --timeout 5m'
++ date '+%F %T'
+ start_ts='2025-11-28 09:40:40'
++ head -n 5 stress_poti_5_nodes_736356/736356.nodes
++ cut '-d ' -f1
+ for machine in $(head -n "$nodes" "$HOSTFILE" | cut -d" " -f1)
+ for machine in $(head -n "$nodes" "$HOSTFILE" | cut -d" " -f1)
+ for machine in $(head -n "$nodes" "$HOSTFILE" | cut -d" " -f1)
+ for machine in $(head -n "$nodes" "$HOSTFILE" | cut -d" " -f1)
+ for machine in $(head -n "$nodes" "$HOSTFILE" | cut -d" " -f1)
++ which stress
++ which stress
+ sleep 5m
++ which stress
++ which stress
++ which stress
+ ssh -n poti2 '/gnu/store/9wlnqbvkmdwjysi56xcwmym1xaprd2cm-profile/bin/stress  --cpu 24 --timeout 5m'
+ ssh -n poti5 '/gnu/store/9wlnqbvkmdwjysi56xcwmym1xaprd2cm-profile/bin/stress  --cpu 24 --timeout 5m'
+ ssh -n poti4 '/gnu/store/9wlnqbvkmdwjysi56xcwmym1xaprd2cm-profile/bin/stress  --cpu 24 --timeout 5m'
+ ssh -n poti3 '/gnu/store/9wlnqbvkmdwjysi56xcwmym1xaprd2cm-profile/bin/stress  --cpu 24 --timeout 5m'
+ ssh -n poti1 '/gnu/store/9wlnqbvkmdwjysi56xcwmym1xaprd2cm-profile/bin/stress  --cpu 24 --timeout 5m'
++ date '+%F %T'
+ end_ts='2025-11-28 09:45:40'
+ echo '5m,24,0,0,5,stress_poti_5_nodes,stress_poti_5_nodes_5m_CPU24_IO0_MEM0_N5_34,2025-11-28 09:40:40,2025-11-28 09:45:40'
+ sleep 30
+ IFS=,
+ read -r time cpu io memory nodes exp order
+ STRESS_PARAMETERS=
+ (( cpu > 0 ))
+ STRESS_PARAMETERS+=' --cpu 12'
+ (( io > 0 ))
+ STRESS_PARAMETERS+=' --io 12'
+ (( memory > 0 ))
+ STRESS_PARAMETERS+=' --timeout 5m'
++ date '+%F %T'
+ start_ts='2025-11-28 09:46:10'
++ head -n 4 stress_poti_5_nodes_736356/736356.nodes
++ cut '-d ' -f1
+ for machine in $(head -n "$nodes" "$HOSTFILE" | cut -d" " -f1)
+ for machine in $(head -n "$nodes" "$HOSTFILE" | cut -d" " -f1)
+ for machine in $(head -n "$nodes" "$HOSTFILE" | cut -d" " -f1)
+ for machine in $(head -n "$nodes" "$HOSTFILE" | cut -d" " -f1)
+ sleep 5m
++ which stress
++ which stress
++ which stress
++ which stress
+ ssh -n poti2 '/gnu/store/9wlnqbvkmdwjysi56xcwmym1xaprd2cm-profile/bin/stress  --cpu 12 --io 12 --timeout 5m'
+ ssh -n poti4 '/gnu/store/9wlnqbvkmdwjysi56xcwmym1xaprd2cm-profile/bin/stress  --cpu 12 --io 12 --timeout 5m'
+ ssh -n poti3 '/gnu/store/9wlnqbvkmdwjysi56xcwmym1xaprd2cm-profile/bin/stress  --cpu 12 --io 12 --timeout 5m'
+ ssh -n poti1 '/gnu/store/9wlnqbvkmdwjysi56xcwmym1xaprd2cm-profile/bin/stress  --cpu 12 --io 12 --timeout 5m'
++ date '+%F %T'
+ end_ts='2025-11-28 09:51:10'
+ echo '5m,12,12,0,4,stress_poti_5_nodes,stress_poti_5_nodes_5m_CPU12_IO12_MEM0_N4_35,2025-11-28 09:46:10,2025-11-28 09:51:10'
+ sleep 30
+ IFS=,
+ read -r time cpu io memory nodes exp order
+ STRESS_PARAMETERS=
+ (( cpu > 0 ))
+ (( io > 0 ))
+ STRESS_PARAMETERS+=' --io 12'
+ (( memory > 0 ))
+ STRESS_PARAMETERS+=' --vm 12'
+ STRESS_PARAMETERS+=' --timeout 5m'
++ date '+%F %T'
+ start_ts='2025-11-28 09:51:40'
++ head -n 1 stress_poti_5_nodes_736356/736356.nodes
++ cut '-d ' -f1
+ for machine in $(head -n "$nodes" "$HOSTFILE" | cut -d" " -f1)
+ sleep 5m
++ which stress
+ ssh -n poti1 '/gnu/store/9wlnqbvkmdwjysi56xcwmym1xaprd2cm-profile/bin/stress  --io 12 --vm 12 --timeout 5m'
++ date '+%F %T'
+ end_ts='2025-11-28 09:56:40'
+ echo '5m,0,12,12,1,stress_poti_5_nodes,stress_poti_5_nodes_5m_CPU0_IO12_MEM12_N1_36,2025-11-28 09:51:40,2025-11-28 09:56:40'
+ sleep 30
+ IFS=,
+ read -r time cpu io memory nodes exp order
+ STRESS_PARAMETERS=
+ (( cpu > 0 ))
+ STRESS_PARAMETERS+=' --cpu 12'
+ (( io > 0 ))
+ STRESS_PARAMETERS+=' --io 12'
+ (( memory > 0 ))
+ STRESS_PARAMETERS+=' --timeout 5m'
++ date '+%F %T'
+ start_ts='2025-11-28 09:57:10'
++ head -n 2 stress_poti_5_nodes_736356/736356.nodes
++ cut '-d ' -f1
+ for machine in $(head -n "$nodes" "$HOSTFILE" | cut -d" " -f1)
+ for machine in $(head -n "$nodes" "$HOSTFILE" | cut -d" " -f1)
+ sleep 5m
++ which stress
++ which stress
+ ssh -n poti1 '/gnu/store/9wlnqbvkmdwjysi56xcwmym1xaprd2cm-profile/bin/stress  --cpu 12 --io 12 --timeout 5m'
+ ssh -n poti2 '/gnu/store/9wlnqbvkmdwjysi56xcwmym1xaprd2cm-profile/bin/stress  --cpu 12 --io 12 --timeout 5m'
++ date '+%F %T'
+ end_ts='2025-11-28 10:02:11'
+ echo '5m,12,12,0,2,stress_poti_5_nodes,stress_poti_5_nodes_5m_CPU12_IO12_MEM0_N2_37,2025-11-28 09:57:10,2025-11-28 10:02:11'
+ sleep 30
+ IFS=,
+ read -r time cpu io memory nodes exp order
+ STRESS_PARAMETERS=
+ (( cpu > 0 ))
+ (( io > 0 ))
+ (( memory > 0 ))
+ STRESS_PARAMETERS+=' --vm 24'
+ STRESS_PARAMETERS+=' --timeout 5m'
++ date '+%F %T'
+ start_ts='2025-11-28 10:02:41'
++ head -n 3 stress_poti_5_nodes_736356/736356.nodes
++ cut '-d ' -f1
+ for machine in $(head -n "$nodes" "$HOSTFILE" | cut -d" " -f1)
+ for machine in $(head -n "$nodes" "$HOSTFILE" | cut -d" " -f1)
+ for machine in $(head -n "$nodes" "$HOSTFILE" | cut -d" " -f1)
+ sleep 5m
++ which stress
++ which stress
++ which stress
+ ssh -n poti1 '/gnu/store/9wlnqbvkmdwjysi56xcwmym1xaprd2cm-profile/bin/stress  --vm 24 --timeout 5m'
+ ssh -n poti3 '/gnu/store/9wlnqbvkmdwjysi56xcwmym1xaprd2cm-profile/bin/stress  --vm 24 --timeout 5m'
+ ssh -n poti2 '/gnu/store/9wlnqbvkmdwjysi56xcwmym1xaprd2cm-profile/bin/stress  --vm 24 --timeout 5m'
++ date '+%F %T'
+ end_ts='2025-11-28 10:07:41'
+ echo '5m,0,0,24,3,stress_poti_5_nodes,stress_poti_5_nodes_5m_CPU0_IO0_MEM24_N3_38,2025-11-28 10:02:41,2025-11-28 10:07:41'
+ sleep 30
+ IFS=,
+ read -r time cpu io memory nodes exp order
+ STRESS_PARAMETERS=
+ (( cpu > 0 ))
+ STRESS_PARAMETERS+=' --cpu 24'
+ (( io > 0 ))
+ (( memory > 0 ))
+ STRESS_PARAMETERS+=' --timeout 5m'
++ date '+%F %T'
+ start_ts='2025-11-28 10:08:11'
++ head -n 4 stress_poti_5_nodes_736356/736356.nodes
++ cut '-d ' -f1
+ for machine in $(head -n "$nodes" "$HOSTFILE" | cut -d" " -f1)
+ for machine in $(head -n "$nodes" "$HOSTFILE" | cut -d" " -f1)
+ for machine in $(head -n "$nodes" "$HOSTFILE" | cut -d" " -f1)
+ for machine in $(head -n "$nodes" "$HOSTFILE" | cut -d" " -f1)
+ sleep 5m
++ which stress
++ which stress
++ which stress
++ which stress
+ ssh -n poti1 '/gnu/store/9wlnqbvkmdwjysi56xcwmym1xaprd2cm-profile/bin/stress  --cpu 24 --timeout 5m'
+ ssh -n poti4 '/gnu/store/9wlnqbvkmdwjysi56xcwmym1xaprd2cm-profile/bin/stress  --cpu 24 --timeout 5m'
+ ssh -n poti3 '/gnu/store/9wlnqbvkmdwjysi56xcwmym1xaprd2cm-profile/bin/stress  --cpu 24 --timeout 5m'
+ ssh -n poti2 '/gnu/store/9wlnqbvkmdwjysi56xcwmym1xaprd2cm-profile/bin/stress  --cpu 24 --timeout 5m'
++ date '+%F %T'
+ end_ts='2025-11-28 10:13:11'
+ echo '5m,24,0,0,4,stress_poti_5_nodes,stress_poti_5_nodes_5m_CPU24_IO0_MEM0_N4_39,2025-11-28 10:08:11,2025-11-28 10:13:11'
+ sleep 30
+ IFS=,
+ read -r time cpu io memory nodes exp order
+ STRESS_PARAMETERS=
+ (( cpu > 0 ))
+ STRESS_PARAMETERS+=' --cpu 12'
+ (( io > 0 ))
+ (( memory > 0 ))
+ STRESS_PARAMETERS+=' --vm 12'
+ STRESS_PARAMETERS+=' --timeout 5m'
++ date '+%F %T'
+ start_ts='2025-11-28 10:13:41'
++ head -n 5 stress_poti_5_nodes_736356/736356.nodes
++ cut '-d ' -f1
+ for machine in $(head -n "$nodes" "$HOSTFILE" | cut -d" " -f1)
+ for machine in $(head -n "$nodes" "$HOSTFILE" | cut -d" " -f1)
+ for machine in $(head -n "$nodes" "$HOSTFILE" | cut -d" " -f1)
+ for machine in $(head -n "$nodes" "$HOSTFILE" | cut -d" " -f1)
+ for machine in $(head -n "$nodes" "$HOSTFILE" | cut -d" " -f1)
+ sleep 5m
++ which stress
++ which stress
++ which stress
++ which stress
++ which stress
+ ssh -n poti2 '/gnu/store/9wlnqbvkmdwjysi56xcwmym1xaprd2cm-profile/bin/stress  --cpu 12 --vm 12 --timeout 5m'
+ ssh -n poti5 '/gnu/store/9wlnqbvkmdwjysi56xcwmym1xaprd2cm-profile/bin/stress  --cpu 12 --vm 12 --timeout 5m'
+ ssh -n poti4 '/gnu/store/9wlnqbvkmdwjysi56xcwmym1xaprd2cm-profile/bin/stress  --cpu 12 --vm 12 --timeout 5m'
+ ssh -n poti3 '/gnu/store/9wlnqbvkmdwjysi56xcwmym1xaprd2cm-profile/bin/stress  --cpu 12 --vm 12 --timeout 5m'
+ ssh -n poti1 '/gnu/store/9wlnqbvkmdwjysi56xcwmym1xaprd2cm-profile/bin/stress  --cpu 12 --vm 12 --timeout 5m'
++ date '+%F %T'
+ end_ts='2025-11-28 10:18:41'
+ echo '5m,12,0,12,5,stress_poti_5_nodes,stress_poti_5_nodes_5m_CPU12_IO0_MEM12_N5_40,2025-11-28 10:13:41,2025-11-28 10:18:41'
+ sleep 30
+ IFS=,
+ read -r time cpu io memory nodes exp order
+ STRESS_PARAMETERS=
+ (( cpu > 0 ))
+ STRESS_PARAMETERS+=' --cpu 8'
+ (( io > 0 ))
+ STRESS_PARAMETERS+=' --io 8'
+ (( memory > 0 ))
+ STRESS_PARAMETERS+=' --vm 8'
+ STRESS_PARAMETERS+=' --timeout 5m'
++ date '+%F %T'
+ start_ts='2025-11-28 10:19:11'
++ head -n 1 stress_poti_5_nodes_736356/736356.nodes
++ cut '-d ' -f1
+ for machine in $(head -n "$nodes" "$HOSTFILE" | cut -d" " -f1)
+ sleep 5m
++ which stress
+ ssh -n poti1 '/gnu/store/9wlnqbvkmdwjysi56xcwmym1xaprd2cm-profile/bin/stress  --cpu 8 --io 8 --vm 8 --timeout 5m'
++ date '+%F %T'
+ end_ts='2025-11-28 10:24:11'
+ echo '5m,8,8,8,1,stress_poti_5_nodes,stress_poti_5_nodes_5m_CPU8_IO8_MEM8_N1_41,2025-11-28 10:19:11,2025-11-28 10:24:11'
+ sleep 30
+ IFS=,
+ read -r time cpu io memory nodes exp order
+ STRESS_PARAMETERS=
+ (( cpu > 0 ))
+ STRESS_PARAMETERS+=' --cpu 12'
+ (( io > 0 ))
+ (( memory > 0 ))
+ STRESS_PARAMETERS+=' --vm 12'
+ STRESS_PARAMETERS+=' --timeout 5m'
++ date '+%F %T'
+ start_ts='2025-11-28 10:24:41'
++ head -n 4 stress_poti_5_nodes_736356/736356.nodes
++ cut '-d ' -f1
+ for machine in $(head -n "$nodes" "$HOSTFILE" | cut -d" " -f1)
+ for machine in $(head -n "$nodes" "$HOSTFILE" | cut -d" " -f1)
+ for machine in $(head -n "$nodes" "$HOSTFILE" | cut -d" " -f1)
+ for machine in $(head -n "$nodes" "$HOSTFILE" | cut -d" " -f1)
+ sleep 5m
++ which stress
++ which stress
++ which stress
++ which stress
+ ssh -n poti3 '/gnu/store/9wlnqbvkmdwjysi56xcwmym1xaprd2cm-profile/bin/stress  --cpu 12 --vm 12 --timeout 5m'
+ ssh -n poti1 '/gnu/store/9wlnqbvkmdwjysi56xcwmym1xaprd2cm-profile/bin/stress  --cpu 12 --vm 12 --timeout 5m'
+ ssh -n poti4 '/gnu/store/9wlnqbvkmdwjysi56xcwmym1xaprd2cm-profile/bin/stress  --cpu 12 --vm 12 --timeout 5m'
+ ssh -n poti2 '/gnu/store/9wlnqbvkmdwjysi56xcwmym1xaprd2cm-profile/bin/stress  --cpu 12 --vm 12 --timeout 5m'
++ date '+%F %T'
+ end_ts='2025-11-28 10:29:41'
+ echo '5m,12,0,12,4,stress_poti_5_nodes,stress_poti_5_nodes_5m_CPU12_IO0_MEM12_N4_42,2025-11-28 10:24:41,2025-11-28 10:29:41'
+ sleep 30
+ IFS=,
+ read -r time cpu io memory nodes exp order
+ STRESS_PARAMETERS=
+ (( cpu > 0 ))
+ (( io > 0 ))
+ (( memory > 0 ))
+ STRESS_PARAMETERS+=' --vm 24'
+ STRESS_PARAMETERS+=' --timeout 5m'
++ date '+%F %T'
+ start_ts='2025-11-28 10:30:11'
++ head -n 4 stress_poti_5_nodes_736356/736356.nodes
++ cut '-d ' -f1
+ for machine in $(head -n "$nodes" "$HOSTFILE" | cut -d" " -f1)
+ for machine in $(head -n "$nodes" "$HOSTFILE" | cut -d" " -f1)
+ for machine in $(head -n "$nodes" "$HOSTFILE" | cut -d" " -f1)
+ for machine in $(head -n "$nodes" "$HOSTFILE" | cut -d" " -f1)
+ sleep 5m
++ which stress
++ which stress
++ which stress
++ which stress
+ ssh -n poti2 '/gnu/store/9wlnqbvkmdwjysi56xcwmym1xaprd2cm-profile/bin/stress  --vm 24 --timeout 5m'
+ ssh -n poti1 '/gnu/store/9wlnqbvkmdwjysi56xcwmym1xaprd2cm-profile/bin/stress  --vm 24 --timeout 5m'
+ ssh -n poti4 '/gnu/store/9wlnqbvkmdwjysi56xcwmym1xaprd2cm-profile/bin/stress  --vm 24 --timeout 5m'
+ ssh -n poti3 '/gnu/store/9wlnqbvkmdwjysi56xcwmym1xaprd2cm-profile/bin/stress  --vm 24 --timeout 5m'
++ date '+%F %T'
+ end_ts='2025-11-28 10:35:11'
+ echo '5m,0,0,24,4,stress_poti_5_nodes,stress_poti_5_nodes_5m_CPU0_IO0_MEM24_N4_43,2025-11-28 10:30:11,2025-11-28 10:35:11'
+ sleep 30
+ IFS=,
+ read -r time cpu io memory nodes exp order
+ STRESS_PARAMETERS=
+ (( cpu > 0 ))
+ (( io > 0 ))
+ STRESS_PARAMETERS+=' --io 24'
+ (( memory > 0 ))
+ STRESS_PARAMETERS+=' --timeout 5m'
++ date '+%F %T'
+ start_ts='2025-11-28 10:35:41'
++ head -n 3 stress_poti_5_nodes_736356/736356.nodes
++ cut '-d ' -f1
+ for machine in $(head -n "$nodes" "$HOSTFILE" | cut -d" " -f1)
+ for machine in $(head -n "$nodes" "$HOSTFILE" | cut -d" " -f1)
+ for machine in $(head -n "$nodes" "$HOSTFILE" | cut -d" " -f1)
+ sleep 5m
++ which stress
++ which stress
++ which stress
+ ssh -n poti3 '/gnu/store/9wlnqbvkmdwjysi56xcwmym1xaprd2cm-profile/bin/stress  --io 24 --timeout 5m'
+ ssh -n poti2 '/gnu/store/9wlnqbvkmdwjysi56xcwmym1xaprd2cm-profile/bin/stress  --io 24 --timeout 5m'
+ ssh -n poti1 '/gnu/store/9wlnqbvkmdwjysi56xcwmym1xaprd2cm-profile/bin/stress  --io 24 --timeout 5m'
++ date '+%F %T'
+ end_ts='2025-11-28 10:40:41'
+ echo '5m,0,24,0,3,stress_poti_5_nodes,stress_poti_5_nodes_5m_CPU0_IO24_MEM0_N3_44,2025-11-28 10:35:41,2025-11-28 10:40:41'
+ sleep 30
+ IFS=,
+ read -r time cpu io memory nodes exp order
+ STRESS_PARAMETERS=
+ (( cpu > 0 ))
+ STRESS_PARAMETERS+=' --cpu 12'
+ (( io > 0 ))
+ (( memory > 0 ))
+ STRESS_PARAMETERS+=' --vm 12'
+ STRESS_PARAMETERS+=' --timeout 5m'
++ date '+%F %T'
+ start_ts='2025-11-28 10:41:11'
++ head -n 1 stress_poti_5_nodes_736356/736356.nodes
++ cut '-d ' -f1
+ for machine in $(head -n "$nodes" "$HOSTFILE" | cut -d" " -f1)
+ sleep 5m
++ which stress
+ ssh -n poti1 '/gnu/store/9wlnqbvkmdwjysi56xcwmym1xaprd2cm-profile/bin/stress  --cpu 12 --vm 12 --timeout 5m'
++ date '+%F %T'
+ end_ts='2025-11-28 10:46:11'
+ echo '5m,12,0,12,1,stress_poti_5_nodes,stress_poti_5_nodes_5m_CPU12_IO0_MEM12_N1_45,2025-11-28 10:41:11,2025-11-28 10:46:11'
+ sleep 30
+ IFS=,
+ read -r time cpu io memory nodes exp order
+ STRESS_PARAMETERS=
+ (( cpu > 0 ))
+ (( io > 0 ))
+ STRESS_PARAMETERS+=' --io 12'
+ (( memory > 0 ))
+ STRESS_PARAMETERS+=' --vm 12'
+ STRESS_PARAMETERS+=' --timeout 5m'
++ date '+%F %T'
+ start_ts='2025-11-28 10:46:41'
++ head -n 5 stress_poti_5_nodes_736356/736356.nodes
++ cut '-d ' -f1
+ for machine in $(head -n "$nodes" "$HOSTFILE" | cut -d" " -f1)
+ for machine in $(head -n "$nodes" "$HOSTFILE" | cut -d" " -f1)
+ for machine in $(head -n "$nodes" "$HOSTFILE" | cut -d" " -f1)
+ for machine in $(head -n "$nodes" "$HOSTFILE" | cut -d" " -f1)
+ for machine in $(head -n "$nodes" "$HOSTFILE" | cut -d" " -f1)
+ sleep 5m
++ which stress
++ which stress
++ which stress
++ which stress
++ which stress
+ ssh -n poti5 '/gnu/store/9wlnqbvkmdwjysi56xcwmym1xaprd2cm-profile/bin/stress  --io 12 --vm 12 --timeout 5m'
+ ssh -n poti1 '/gnu/store/9wlnqbvkmdwjysi56xcwmym1xaprd2cm-profile/bin/stress  --io 12 --vm 12 --timeout 5m'
+ ssh -n poti3 '/gnu/store/9wlnqbvkmdwjysi56xcwmym1xaprd2cm-profile/bin/stress  --io 12 --vm 12 --timeout 5m'
+ ssh -n poti2 '/gnu/store/9wlnqbvkmdwjysi56xcwmym1xaprd2cm-profile/bin/stress  --io 12 --vm 12 --timeout 5m'
+ ssh -n poti4 '/gnu/store/9wlnqbvkmdwjysi56xcwmym1xaprd2cm-profile/bin/stress  --io 12 --vm 12 --timeout 5m'
++ date '+%F %T'
+ end_ts='2025-11-28 10:51:41'
+ echo '5m,0,12,12,5,stress_poti_5_nodes,stress_poti_5_nodes_5m_CPU0_IO12_MEM12_N5_46,2025-11-28 10:46:41,2025-11-28 10:51:41'
+ sleep 30
+ IFS=,
+ read -r time cpu io memory nodes exp order
+ STRESS_PARAMETERS=
+ (( cpu > 0 ))
+ STRESS_PARAMETERS+=' --cpu 12'
+ (( io > 0 ))
+ STRESS_PARAMETERS+=' --io 12'
+ (( memory > 0 ))
+ STRESS_PARAMETERS+=' --timeout 5m'
++ date '+%F %T'
+ start_ts='2025-11-28 10:52:11'
++ head -n 4 stress_poti_5_nodes_736356/736356.nodes
++ cut '-d ' -f1
+ for machine in $(head -n "$nodes" "$HOSTFILE" | cut -d" " -f1)
+ for machine in $(head -n "$nodes" "$HOSTFILE" | cut -d" " -f1)
+ for machine in $(head -n "$nodes" "$HOSTFILE" | cut -d" " -f1)
+ for machine in $(head -n "$nodes" "$HOSTFILE" | cut -d" " -f1)
+ sleep 5m
++ which stress
++ which stress
++ which stress
++ which stress
+ ssh -n poti1 '/gnu/store/9wlnqbvkmdwjysi56xcwmym1xaprd2cm-profile/bin/stress  --cpu 12 --io 12 --timeout 5m'
+ ssh -n poti2 '/gnu/store/9wlnqbvkmdwjysi56xcwmym1xaprd2cm-profile/bin/stress  --cpu 12 --io 12 --timeout 5m'
+ ssh -n poti4 '/gnu/store/9wlnqbvkmdwjysi56xcwmym1xaprd2cm-profile/bin/stress  --cpu 12 --io 12 --timeout 5m'
+ ssh -n poti3 '/gnu/store/9wlnqbvkmdwjysi56xcwmym1xaprd2cm-profile/bin/stress  --cpu 12 --io 12 --timeout 5m'
++ date '+%F %T'
+ end_ts='2025-11-28 10:57:11'
+ echo '5m,12,12,0,4,stress_poti_5_nodes,stress_poti_5_nodes_5m_CPU12_IO12_MEM0_N4_47,2025-11-28 10:52:11,2025-11-28 10:57:11'
+ sleep 30
+ IFS=,
+ read -r time cpu io memory nodes exp order
+ STRESS_PARAMETERS=
+ (( cpu > 0 ))
+ (( io > 0 ))
+ (( memory > 0 ))
+ STRESS_PARAMETERS+=' --vm 24'
+ STRESS_PARAMETERS+=' --timeout 5m'
++ date '+%F %T'
+ start_ts='2025-11-28 10:57:41'
++ head -n 5 stress_poti_5_nodes_736356/736356.nodes
++ cut '-d ' -f1
+ for machine in $(head -n "$nodes" "$HOSTFILE" | cut -d" " -f1)
+ for machine in $(head -n "$nodes" "$HOSTFILE" | cut -d" " -f1)
+ for machine in $(head -n "$nodes" "$HOSTFILE" | cut -d" " -f1)
+ for machine in $(head -n "$nodes" "$HOSTFILE" | cut -d" " -f1)
+ for machine in $(head -n "$nodes" "$HOSTFILE" | cut -d" " -f1)
+ sleep 5m
++ which stress
++ which stress
++ which stress
++ which stress
++ which stress
+ ssh -n poti5 '/gnu/store/9wlnqbvkmdwjysi56xcwmym1xaprd2cm-profile/bin/stress  --vm 24 --timeout 5m'
+ ssh -n poti2 '/gnu/store/9wlnqbvkmdwjysi56xcwmym1xaprd2cm-profile/bin/stress  --vm 24 --timeout 5m'
+ ssh -n poti1 '/gnu/store/9wlnqbvkmdwjysi56xcwmym1xaprd2cm-profile/bin/stress  --vm 24 --timeout 5m'
+ ssh -n poti3 '/gnu/store/9wlnqbvkmdwjysi56xcwmym1xaprd2cm-profile/bin/stress  --vm 24 --timeout 5m'
+ ssh -n poti4 '/gnu/store/9wlnqbvkmdwjysi56xcwmym1xaprd2cm-profile/bin/stress  --vm 24 --timeout 5m'
++ date '+%F %T'
+ end_ts='2025-11-28 11:02:41'
+ echo '5m,0,0,24,5,stress_poti_5_nodes,stress_poti_5_nodes_5m_CPU0_IO0_MEM24_N5_48,2025-11-28 10:57:41,2025-11-28 11:02:41'
+ sleep 30
+ IFS=,
+ read -r time cpu io memory nodes exp order
+ STRESS_PARAMETERS=
+ (( cpu > 0 ))
+ (( io > 0 ))
+ STRESS_PARAMETERS+=' --io 12'
+ (( memory > 0 ))
+ STRESS_PARAMETERS+=' --vm 12'
+ STRESS_PARAMETERS+=' --timeout 5m'
++ date '+%F %T'
+ start_ts='2025-11-28 11:03:11'
++ head -n 3 stress_poti_5_nodes_736356/736356.nodes
++ cut '-d ' -f1
+ for machine in $(head -n "$nodes" "$HOSTFILE" | cut -d" " -f1)
+ for machine in $(head -n "$nodes" "$HOSTFILE" | cut -d" " -f1)
+ for machine in $(head -n "$nodes" "$HOSTFILE" | cut -d" " -f1)
+ sleep 5m
++ which stress
++ which stress
++ which stress
+ ssh -n poti2 '/gnu/store/9wlnqbvkmdwjysi56xcwmym1xaprd2cm-profile/bin/stress  --io 12 --vm 12 --timeout 5m'
+ ssh -n poti3 '/gnu/store/9wlnqbvkmdwjysi56xcwmym1xaprd2cm-profile/bin/stress  --io 12 --vm 12 --timeout 5m'
+ ssh -n poti1 '/gnu/store/9wlnqbvkmdwjysi56xcwmym1xaprd2cm-profile/bin/stress  --io 12 --vm 12 --timeout 5m'
++ date '+%F %T'
+ end_ts='2025-11-28 11:08:11'
+ echo '5m,0,12,12,3,stress_poti_5_nodes,stress_poti_5_nodes_5m_CPU0_IO12_MEM12_N3_49,2025-11-28 11:03:11,2025-11-28 11:08:11'
+ sleep 30
+ IFS=,
+ read -r time cpu io memory nodes exp order
+ STRESS_PARAMETERS=
+ (( cpu > 0 ))
+ STRESS_PARAMETERS+=' --cpu 8'
+ (( io > 0 ))
+ STRESS_PARAMETERS+=' --io 8'
+ (( memory > 0 ))
+ STRESS_PARAMETERS+=' --vm 8'
+ STRESS_PARAMETERS+=' --timeout 5m'
++ date '+%F %T'
+ start_ts='2025-11-28 11:08:41'
++ head -n 4 stress_poti_5_nodes_736356/736356.nodes
++ cut '-d ' -f1
+ for machine in $(head -n "$nodes" "$HOSTFILE" | cut -d" " -f1)
+ for machine in $(head -n "$nodes" "$HOSTFILE" | cut -d" " -f1)
+ for machine in $(head -n "$nodes" "$HOSTFILE" | cut -d" " -f1)
+ for machine in $(head -n "$nodes" "$HOSTFILE" | cut -d" " -f1)
+ sleep 5m
++ which stress
++ which stress
++ which stress
++ which stress
+ ssh -n poti2 '/gnu/store/9wlnqbvkmdwjysi56xcwmym1xaprd2cm-profile/bin/stress  --cpu 8 --io 8 --vm 8 --timeout 5m'
+ ssh -n poti3 '/gnu/store/9wlnqbvkmdwjysi56xcwmym1xaprd2cm-profile/bin/stress  --cpu 8 --io 8 --vm 8 --timeout 5m'
+ ssh -n poti4 '/gnu/store/9wlnqbvkmdwjysi56xcwmym1xaprd2cm-profile/bin/stress  --cpu 8 --io 8 --vm 8 --timeout 5m'
+ ssh -n poti1 '/gnu/store/9wlnqbvkmdwjysi56xcwmym1xaprd2cm-profile/bin/stress  --cpu 8 --io 8 --vm 8 --timeout 5m'
++ date '+%F %T'
+ end_ts='2025-11-28 11:13:41'
+ echo '5m,8,8,8,4,stress_poti_5_nodes,stress_poti_5_nodes_5m_CPU8_IO8_MEM8_N4_50,2025-11-28 11:08:41,2025-11-28 11:13:41'
+ sleep 30
+ IFS=,
+ read -r time cpu io memory nodes exp order
+ STRESS_PARAMETERS=
+ (( cpu > 0 ))
+ (( io > 0 ))
+ STRESS_PARAMETERS+=' --io 24'
+ (( memory > 0 ))
+ STRESS_PARAMETERS+=' --timeout 5m'
++ date '+%F %T'
+ start_ts='2025-11-28 11:14:12'
++ head -n 1 stress_poti_5_nodes_736356/736356.nodes
++ cut '-d ' -f1
+ for machine in $(head -n "$nodes" "$HOSTFILE" | cut -d" " -f1)
+ sleep 5m
++ which stress
+ ssh -n poti1 '/gnu/store/9wlnqbvkmdwjysi56xcwmym1xaprd2cm-profile/bin/stress  --io 24 --timeout 5m'
++ date '+%F %T'
+ end_ts='2025-11-28 11:19:12'
+ echo '5m,0,24,0,1,stress_poti_5_nodes,stress_poti_5_nodes_5m_CPU0_IO24_MEM0_N1_51,2025-11-28 11:14:12,2025-11-28 11:19:12'
+ sleep 30
+ IFS=,
+ read -r time cpu io memory nodes exp order
+ STRESS_PARAMETERS=
+ (( cpu > 0 ))
+ STRESS_PARAMETERS+=' --cpu 12'
+ (( io > 0 ))
+ (( memory > 0 ))
+ STRESS_PARAMETERS+=' --vm 12'
+ STRESS_PARAMETERS+=' --timeout 5m'
++ date '+%F %T'
+ start_ts='2025-11-28 11:19:42'
++ head -n 3 stress_poti_5_nodes_736356/736356.nodes
++ cut '-d ' -f1
+ for machine in $(head -n "$nodes" "$HOSTFILE" | cut -d" " -f1)
+ for machine in $(head -n "$nodes" "$HOSTFILE" | cut -d" " -f1)
+ for machine in $(head -n "$nodes" "$HOSTFILE" | cut -d" " -f1)
+ sleep 5m
++ which stress
++ which stress
++ which stress
+ ssh -n poti3 '/gnu/store/9wlnqbvkmdwjysi56xcwmym1xaprd2cm-profile/bin/stress  --cpu 12 --vm 12 --timeout 5m'
+ ssh -n poti2 '/gnu/store/9wlnqbvkmdwjysi56xcwmym1xaprd2cm-profile/bin/stress  --cpu 12 --vm 12 --timeout 5m'
+ ssh -n poti1 '/gnu/store/9wlnqbvkmdwjysi56xcwmym1xaprd2cm-profile/bin/stress  --cpu 12 --vm 12 --timeout 5m'
++ date '+%F %T'
+ end_ts='2025-11-28 11:24:42'
+ echo '5m,12,0,12,3,stress_poti_5_nodes,stress_poti_5_nodes_5m_CPU12_IO0_MEM12_N3_52,2025-11-28 11:19:42,2025-11-28 11:24:42'
+ sleep 30
+ IFS=,
+ read -r time cpu io memory nodes exp order
+ STRESS_PARAMETERS=
+ (( cpu > 0 ))
+ STRESS_PARAMETERS+=' --cpu 8'
+ (( io > 0 ))
+ STRESS_PARAMETERS+=' --io 8'
+ (( memory > 0 ))
+ STRESS_PARAMETERS+=' --vm 8'
+ STRESS_PARAMETERS+=' --timeout 5m'
++ date '+%F %T'
+ start_ts='2025-11-28 11:25:12'
++ head -n 5 stress_poti_5_nodes_736356/736356.nodes
++ cut '-d ' -f1
+ for machine in $(head -n "$nodes" "$HOSTFILE" | cut -d" " -f1)
+ for machine in $(head -n "$nodes" "$HOSTFILE" | cut -d" " -f1)
+ for machine in $(head -n "$nodes" "$HOSTFILE" | cut -d" " -f1)
+ for machine in $(head -n "$nodes" "$HOSTFILE" | cut -d" " -f1)
+ for machine in $(head -n "$nodes" "$HOSTFILE" | cut -d" " -f1)
+ sleep 5m
++ which stress
++ which stress
++ which stress
++ which stress
++ which stress
+ ssh -n poti5 '/gnu/store/9wlnqbvkmdwjysi56xcwmym1xaprd2cm-profile/bin/stress  --cpu 8 --io 8 --vm 8 --timeout 5m'
+ ssh -n poti4 '/gnu/store/9wlnqbvkmdwjysi56xcwmym1xaprd2cm-profile/bin/stress  --cpu 8 --io 8 --vm 8 --timeout 5m'
+ ssh -n poti3 '/gnu/store/9wlnqbvkmdwjysi56xcwmym1xaprd2cm-profile/bin/stress  --cpu 8 --io 8 --vm 8 --timeout 5m'
+ ssh -n poti2 '/gnu/store/9wlnqbvkmdwjysi56xcwmym1xaprd2cm-profile/bin/stress  --cpu 8 --io 8 --vm 8 --timeout 5m'
+ ssh -n poti1 '/gnu/store/9wlnqbvkmdwjysi56xcwmym1xaprd2cm-profile/bin/stress  --cpu 8 --io 8 --vm 8 --timeout 5m'
++ date '+%F %T'
+ end_ts='2025-11-28 11:30:12'
+ echo '5m,8,8,8,5,stress_poti_5_nodes,stress_poti_5_nodes_5m_CPU8_IO8_MEM8_N5_53,2025-11-28 11:25:12,2025-11-28 11:30:12'
+ sleep 30
+ IFS=,
+ read -r time cpu io memory nodes exp order
+ STRESS_PARAMETERS=
+ (( cpu > 0 ))
+ (( io > 0 ))
+ (( memory > 0 ))
+ STRESS_PARAMETERS+=' --vm 24'
+ STRESS_PARAMETERS+=' --timeout 5m'
++ date '+%F %T'
+ start_ts='2025-11-28 11:30:42'
++ head -n 1 stress_poti_5_nodes_736356/736356.nodes
++ cut '-d ' -f1
+ for machine in $(head -n "$nodes" "$HOSTFILE" | cut -d" " -f1)
+ sleep 5m
++ which stress
+ ssh -n poti1 '/gnu/store/9wlnqbvkmdwjysi56xcwmym1xaprd2cm-profile/bin/stress  --vm 24 --timeout 5m'
++ date '+%F %T'
+ end_ts='2025-11-28 11:35:42'
+ echo '5m,0,0,24,1,stress_poti_5_nodes,stress_poti_5_nodes_5m_CPU0_IO0_MEM24_N1_54,2025-11-28 11:30:42,2025-11-28 11:35:42'
+ sleep 30
+ IFS=,
+ read -r time cpu io memory nodes exp order
+ STRESS_PARAMETERS=
+ (( cpu > 0 ))
+ STRESS_PARAMETERS+=' --cpu 24'
+ (( io > 0 ))
+ (( memory > 0 ))
+ STRESS_PARAMETERS+=' --timeout 5m'
++ date '+%F %T'
+ start_ts='2025-11-28 11:36:12'
++ head -n 2 stress_poti_5_nodes_736356/736356.nodes
++ cut '-d ' -f1
+ for machine in $(head -n "$nodes" "$HOSTFILE" | cut -d" " -f1)
+ for machine in $(head -n "$nodes" "$HOSTFILE" | cut -d" " -f1)
+ sleep 5m
++ which stress
++ which stress
+ ssh -n poti1 '/gnu/store/9wlnqbvkmdwjysi56xcwmym1xaprd2cm-profile/bin/stress  --cpu 24 --timeout 5m'
+ ssh -n poti2 '/gnu/store/9wlnqbvkmdwjysi56xcwmym1xaprd2cm-profile/bin/stress  --cpu 24 --timeout 5m'
++ date '+%F %T'
+ end_ts='2025-11-28 11:41:12'
+ echo '5m,24,0,0,2,stress_poti_5_nodes,stress_poti_5_nodes_5m_CPU24_IO0_MEM0_N2_55,2025-11-28 11:36:12,2025-11-28 11:41:12'
+ sleep 30
+ IFS=,
+ read -r time cpu io memory nodes exp order
+ STRESS_PARAMETERS=
+ (( cpu > 0 ))
+ STRESS_PARAMETERS+=' --cpu 8'
+ (( io > 0 ))
+ STRESS_PARAMETERS+=' --io 8'
+ (( memory > 0 ))
+ STRESS_PARAMETERS+=' --vm 8'
+ STRESS_PARAMETERS+=' --timeout 5m'
++ date '+%F %T'
+ start_ts='2025-11-28 11:41:42'
++ head -n 2 stress_poti_5_nodes_736356/736356.nodes
++ cut '-d ' -f1
+ for machine in $(head -n "$nodes" "$HOSTFILE" | cut -d" " -f1)
+ for machine in $(head -n "$nodes" "$HOSTFILE" | cut -d" " -f1)
+ sleep 5m
++ which stress
++ which stress
+ ssh -n poti1 '/gnu/store/9wlnqbvkmdwjysi56xcwmym1xaprd2cm-profile/bin/stress  --cpu 8 --io 8 --vm 8 --timeout 5m'
+ ssh -n poti2 '/gnu/store/9wlnqbvkmdwjysi56xcwmym1xaprd2cm-profile/bin/stress  --cpu 8 --io 8 --vm 8 --timeout 5m'
++ date '+%F %T'
+ end_ts='2025-11-28 11:46:42'
+ echo '5m,8,8,8,2,stress_poti_5_nodes,stress_poti_5_nodes_5m_CPU8_IO8_MEM8_N2_56,2025-11-28 11:41:42,2025-11-28 11:46:42'
+ sleep 30
+ IFS=,
+ read -r time cpu io memory nodes exp order
+ STRESS_PARAMETERS=
+ (( cpu > 0 ))
+ (( io > 0 ))
+ STRESS_PARAMETERS+=' --io 24'
+ (( memory > 0 ))
+ STRESS_PARAMETERS+=' --timeout 5m'
++ date '+%F %T'
+ start_ts='2025-11-28 11:47:12'
++ head -n 4 stress_poti_5_nodes_736356/736356.nodes
++ cut '-d ' -f1
+ for machine in $(head -n "$nodes" "$HOSTFILE" | cut -d" " -f1)
+ for machine in $(head -n "$nodes" "$HOSTFILE" | cut -d" " -f1)
+ for machine in $(head -n "$nodes" "$HOSTFILE" | cut -d" " -f1)
+ for machine in $(head -n "$nodes" "$HOSTFILE" | cut -d" " -f1)
+ sleep 5m
++ which stress
++ which stress
++ which stress
++ which stress
+ ssh -n poti2 '/gnu/store/9wlnqbvkmdwjysi56xcwmym1xaprd2cm-profile/bin/stress  --io 24 --timeout 5m'
+ ssh -n poti1 '/gnu/store/9wlnqbvkmdwjysi56xcwmym1xaprd2cm-profile/bin/stress  --io 24 --timeout 5m'
+ ssh -n poti4 '/gnu/store/9wlnqbvkmdwjysi56xcwmym1xaprd2cm-profile/bin/stress  --io 24 --timeout 5m'
+ ssh -n poti3 '/gnu/store/9wlnqbvkmdwjysi56xcwmym1xaprd2cm-profile/bin/stress  --io 24 --timeout 5m'
++ date '+%F %T'
+ end_ts='2025-11-28 11:52:12'
+ echo '5m,0,24,0,4,stress_poti_5_nodes,stress_poti_5_nodes_5m_CPU0_IO24_MEM0_N4_57,2025-11-28 11:47:12,2025-11-28 11:52:12'
+ sleep 30
+ IFS=,
+ read -r time cpu io memory nodes exp order
+ STRESS_PARAMETERS=
+ (( cpu > 0 ))
+ (( io > 0 ))
+ STRESS_PARAMETERS+=' --io 24'
+ (( memory > 0 ))
+ STRESS_PARAMETERS+=' --timeout 5m'
++ date '+%F %T'
+ start_ts='2025-11-28 11:52:42'
++ head -n 5 stress_poti_5_nodes_736356/736356.nodes
++ cut '-d ' -f1
+ for machine in $(head -n "$nodes" "$HOSTFILE" | cut -d" " -f1)
+ for machine in $(head -n "$nodes" "$HOSTFILE" | cut -d" " -f1)
+ for machine in $(head -n "$nodes" "$HOSTFILE" | cut -d" " -f1)
+ for machine in $(head -n "$nodes" "$HOSTFILE" | cut -d" " -f1)
+ for machine in $(head -n "$nodes" "$HOSTFILE" | cut -d" " -f1)
+ sleep 5m
++ which stress
++ which stress
++ which stress
++ which stress
++ which stress
+ ssh -n poti2 '/gnu/store/9wlnqbvkmdwjysi56xcwmym1xaprd2cm-profile/bin/stress  --io 24 --timeout 5m'
+ ssh -n poti5 '/gnu/store/9wlnqbvkmdwjysi56xcwmym1xaprd2cm-profile/bin/stress  --io 24 --timeout 5m'
+ ssh -n poti4 '/gnu/store/9wlnqbvkmdwjysi56xcwmym1xaprd2cm-profile/bin/stress  --io 24 --timeout 5m'
+ ssh -n poti3 '/gnu/store/9wlnqbvkmdwjysi56xcwmym1xaprd2cm-profile/bin/stress  --io 24 --timeout 5m'
+ ssh -n poti1 '/gnu/store/9wlnqbvkmdwjysi56xcwmym1xaprd2cm-profile/bin/stress  --io 24 --timeout 5m'
++ date '+%F %T'
+ end_ts='2025-11-28 11:57:42'
+ echo '5m,0,24,0,5,stress_poti_5_nodes,stress_poti_5_nodes_5m_CPU0_IO24_MEM0_N5_58,2025-11-28 11:52:42,2025-11-28 11:57:42'
+ sleep 30
+ IFS=,
+ read -r time cpu io memory nodes exp order
+ STRESS_PARAMETERS=
+ (( cpu > 0 ))
+ STRESS_PARAMETERS+=' --cpu 24'
+ (( io > 0 ))
+ (( memory > 0 ))
+ STRESS_PARAMETERS+=' --timeout 5m'
++ date '+%F %T'
+ start_ts='2025-11-28 11:58:12'
++ head -n 3 stress_poti_5_nodes_736356/736356.nodes
++ cut '-d ' -f1
+ for machine in $(head -n "$nodes" "$HOSTFILE" | cut -d" " -f1)
+ for machine in $(head -n "$nodes" "$HOSTFILE" | cut -d" " -f1)
+ for machine in $(head -n "$nodes" "$HOSTFILE" | cut -d" " -f1)
+ sleep 5m
++ which stress
++ which stress
++ which stress
+ ssh -n poti3 '/gnu/store/9wlnqbvkmdwjysi56xcwmym1xaprd2cm-profile/bin/stress  --cpu 24 --timeout 5m'
+ ssh -n poti1 '/gnu/store/9wlnqbvkmdwjysi56xcwmym1xaprd2cm-profile/bin/stress  --cpu 24 --timeout 5m'
+ ssh -n poti2 '/gnu/store/9wlnqbvkmdwjysi56xcwmym1xaprd2cm-profile/bin/stress  --cpu 24 --timeout 5m'
++ date '+%F %T'
+ end_ts='2025-11-28 12:03:12'
+ echo '5m,24,0,0,3,stress_poti_5_nodes,stress_poti_5_nodes_5m_CPU24_IO0_MEM0_N3_59,2025-11-28 11:58:12,2025-11-28 12:03:12'
+ sleep 30
+ IFS=,
+ read -r time cpu io memory nodes exp order
+ STRESS_PARAMETERS=
+ (( cpu > 0 ))
+ STRESS_PARAMETERS+=' --cpu 24'
+ (( io > 0 ))
+ (( memory > 0 ))
+ STRESS_PARAMETERS+=' --timeout 5m'
++ date '+%F %T'
+ start_ts='2025-11-28 12:03:42'
++ head -n 5 stress_poti_5_nodes_736356/736356.nodes
++ cut '-d ' -f1
+ for machine in $(head -n "$nodes" "$HOSTFILE" | cut -d" " -f1)
+ for machine in $(head -n "$nodes" "$HOSTFILE" | cut -d" " -f1)
+ for machine in $(head -n "$nodes" "$HOSTFILE" | cut -d" " -f1)
+ for machine in $(head -n "$nodes" "$HOSTFILE" | cut -d" " -f1)
+ for machine in $(head -n "$nodes" "$HOSTFILE" | cut -d" " -f1)
+ sleep 5m
++ which stress
++ which stress
++ which stress
++ which stress
++ which stress
+ ssh -n poti4 '/gnu/store/9wlnqbvkmdwjysi56xcwmym1xaprd2cm-profile/bin/stress  --cpu 24 --timeout 5m'
+ ssh -n poti2 '/gnu/store/9wlnqbvkmdwjysi56xcwmym1xaprd2cm-profile/bin/stress  --cpu 24 --timeout 5m'
+ ssh -n poti1 '/gnu/store/9wlnqbvkmdwjysi56xcwmym1xaprd2cm-profile/bin/stress  --cpu 24 --timeout 5m'
+ ssh -n poti5 '/gnu/store/9wlnqbvkmdwjysi56xcwmym1xaprd2cm-profile/bin/stress  --cpu 24 --timeout 5m'
+ ssh -n poti3 '/gnu/store/9wlnqbvkmdwjysi56xcwmym1xaprd2cm-profile/bin/stress  --cpu 24 --timeout 5m'
++ date '+%F %T'
+ end_ts='2025-11-28 12:08:42'
+ echo '5m,24,0,0,5,stress_poti_5_nodes,stress_poti_5_nodes_5m_CPU24_IO0_MEM0_N5_60,2025-11-28 12:03:42,2025-11-28 12:08:42'
+ sleep 30
+ IFS=,
+ read -r time cpu io memory nodes exp order
+ STRESS_PARAMETERS=
+ (( cpu > 0 ))
+ (( io > 0 ))
+ STRESS_PARAMETERS+=' --io 12'
+ (( memory > 0 ))
+ STRESS_PARAMETERS+=' --vm 12'
+ STRESS_PARAMETERS+=' --timeout 5m'
++ date '+%F %T'
+ start_ts='2025-11-28 12:09:12'
++ head -n 2 stress_poti_5_nodes_736356/736356.nodes
++ cut '-d ' -f1
+ for machine in $(head -n "$nodes" "$HOSTFILE" | cut -d" " -f1)
+ for machine in $(head -n "$nodes" "$HOSTFILE" | cut -d" " -f1)
+ sleep 5m
++ which stress
++ which stress
+ ssh -n poti2 '/gnu/store/9wlnqbvkmdwjysi56xcwmym1xaprd2cm-profile/bin/stress  --io 12 --vm 12 --timeout 5m'
+ ssh -n poti1 '/gnu/store/9wlnqbvkmdwjysi56xcwmym1xaprd2cm-profile/bin/stress  --io 12 --vm 12 --timeout 5m'
++ date '+%F %T'
+ end_ts='2025-11-28 12:14:12'
+ echo '5m,0,12,12,2,stress_poti_5_nodes,stress_poti_5_nodes_5m_CPU0_IO12_MEM12_N2_61,2025-11-28 12:09:12,2025-11-28 12:14:12'
+ sleep 30
+ IFS=,
+ read -r time cpu io memory nodes exp order
+ STRESS_PARAMETERS=
+ (( cpu > 0 ))
+ (( io > 0 ))
+ (( memory > 0 ))
+ STRESS_PARAMETERS+=' --vm 24'
+ STRESS_PARAMETERS+=' --timeout 5m'
++ date '+%F %T'
+ start_ts='2025-11-28 12:14:42'
++ head -n 2 stress_poti_5_nodes_736356/736356.nodes
++ cut '-d ' -f1
+ for machine in $(head -n "$nodes" "$HOSTFILE" | cut -d" " -f1)
+ for machine in $(head -n "$nodes" "$HOSTFILE" | cut -d" " -f1)
+ sleep 5m
++ which stress
++ which stress
+ ssh -n poti1 '/gnu/store/9wlnqbvkmdwjysi56xcwmym1xaprd2cm-profile/bin/stress  --vm 24 --timeout 5m'
+ ssh -n poti2 '/gnu/store/9wlnqbvkmdwjysi56xcwmym1xaprd2cm-profile/bin/stress  --vm 24 --timeout 5m'
++ date '+%F %T'
+ end_ts='2025-11-28 12:19:42'
+ echo '5m,0,0,24,2,stress_poti_5_nodes,stress_poti_5_nodes_5m_CPU0_IO0_MEM24_N2_62,2025-11-28 12:14:42,2025-11-28 12:19:42'
+ sleep 30
+ IFS=,
+ read -r time cpu io memory nodes exp order
+ STRESS_PARAMETERS=
+ (( cpu > 0 ))
+ (( io > 0 ))
+ STRESS_PARAMETERS+=' --io 24'
+ (( memory > 0 ))
+ STRESS_PARAMETERS+=' --timeout 5m'
++ date '+%F %T'
+ start_ts='2025-11-28 12:20:12'
++ head -n 2 stress_poti_5_nodes_736356/736356.nodes
++ cut '-d ' -f1
+ for machine in $(head -n "$nodes" "$HOSTFILE" | cut -d" " -f1)
+ for machine in $(head -n "$nodes" "$HOSTFILE" | cut -d" " -f1)
+ sleep 5m
++ which stress
++ which stress
+ ssh -n poti2 '/gnu/store/9wlnqbvkmdwjysi56xcwmym1xaprd2cm-profile/bin/stress  --io 24 --timeout 5m'
+ ssh -n poti1 '/gnu/store/9wlnqbvkmdwjysi56xcwmym1xaprd2cm-profile/bin/stress  --io 24 --timeout 5m'
++ date '+%F %T'
+ end_ts='2025-11-28 12:25:12'
+ echo '5m,0,24,0,2,stress_poti_5_nodes,stress_poti_5_nodes_5m_CPU0_IO24_MEM0_N2_63,2025-11-28 12:20:12,2025-11-28 12:25:12'
+ sleep 30
+ IFS=,
+ read -r time cpu io memory nodes exp order
+ STRESS_PARAMETERS=
+ (( cpu > 0 ))
+ STRESS_PARAMETERS+=' --cpu 12'
+ (( io > 0 ))
+ STRESS_PARAMETERS+=' --io 12'
+ (( memory > 0 ))
+ STRESS_PARAMETERS+=' --timeout 5m'
++ date '+%F %T'
+ start_ts='2025-11-28 12:25:42'
++ head -n 1 stress_poti_5_nodes_736356/736356.nodes
++ cut '-d ' -f1
+ for machine in $(head -n "$nodes" "$HOSTFILE" | cut -d" " -f1)
+ sleep 5m
++ which stress
+ ssh -n poti1 '/gnu/store/9wlnqbvkmdwjysi56xcwmym1xaprd2cm-profile/bin/stress  --cpu 12 --io 12 --timeout 5m'
++ date '+%F %T'
+ end_ts='2025-11-28 12:30:42'
+ echo '5m,12,12,0,1,stress_poti_5_nodes,stress_poti_5_nodes_5m_CPU12_IO12_MEM0_N1_64,2025-11-28 12:25:42,2025-11-28 12:30:42'
+ sleep 30
+ IFS=,
+ read -r time cpu io memory nodes exp order
+ STRESS_PARAMETERS=
+ (( cpu > 0 ))
+ STRESS_PARAMETERS+=' --cpu 12'
+ (( io > 0 ))
+ (( memory > 0 ))
+ STRESS_PARAMETERS+=' --vm 12'
+ STRESS_PARAMETERS+=' --timeout 5m'
++ date '+%F %T'
+ start_ts='2025-11-28 12:31:12'
++ head -n 2 stress_poti_5_nodes_736356/736356.nodes
++ cut '-d ' -f1
+ for machine in $(head -n "$nodes" "$HOSTFILE" | cut -d" " -f1)
+ for machine in $(head -n "$nodes" "$HOSTFILE" | cut -d" " -f1)
+ sleep 5m
++ which stress
++ which stress
+ ssh -n poti2 '/gnu/store/9wlnqbvkmdwjysi56xcwmym1xaprd2cm-profile/bin/stress  --cpu 12 --vm 12 --timeout 5m'
+ ssh -n poti1 '/gnu/store/9wlnqbvkmdwjysi56xcwmym1xaprd2cm-profile/bin/stress  --cpu 12 --vm 12 --timeout 5m'
++ date '+%F %T'
+ end_ts='2025-11-28 12:36:12'
+ echo '5m,12,0,12,2,stress_poti_5_nodes,stress_poti_5_nodes_5m_CPU12_IO0_MEM12_N2_65,2025-11-28 12:31:12,2025-11-28 12:36:12'
+ sleep 30
+ IFS=,
+ read -r time cpu io memory nodes exp order
+ STRESS_PARAMETERS=
+ (( cpu > 0 ))
+ STRESS_PARAMETERS+=' --cpu 8'
+ (( io > 0 ))
+ STRESS_PARAMETERS+=' --io 8'
+ (( memory > 0 ))
+ STRESS_PARAMETERS+=' --vm 8'
+ STRESS_PARAMETERS+=' --timeout 5m'
++ date '+%F %T'
+ start_ts='2025-11-28 12:36:42'
++ head -n 3 stress_poti_5_nodes_736356/736356.nodes
++ cut '-d ' -f1
+ for machine in $(head -n "$nodes" "$HOSTFILE" | cut -d" " -f1)
+ for machine in $(head -n "$nodes" "$HOSTFILE" | cut -d" " -f1)
+ for machine in $(head -n "$nodes" "$HOSTFILE" | cut -d" " -f1)
+ sleep 5m
++ which stress
++ which stress
++ which stress
+ ssh -n poti2 '/gnu/store/9wlnqbvkmdwjysi56xcwmym1xaprd2cm-profile/bin/stress  --cpu 8 --io 8 --vm 8 --timeout 5m'
+ ssh -n poti3 '/gnu/store/9wlnqbvkmdwjysi56xcwmym1xaprd2cm-profile/bin/stress  --cpu 8 --io 8 --vm 8 --timeout 5m'
+ ssh -n poti1 '/gnu/store/9wlnqbvkmdwjysi56xcwmym1xaprd2cm-profile/bin/stress  --cpu 8 --io 8 --vm 8 --timeout 5m'
++ date '+%F %T'
+ end_ts='2025-11-28 12:41:42'
+ echo '5m,8,8,8,3,stress_poti_5_nodes,stress_poti_5_nodes_5m_CPU8_IO8_MEM8_N3_66,2025-11-28 12:36:42,2025-11-28 12:41:42'
+ sleep 30
+ IFS=,
+ read -r time cpu io memory nodes exp order
+ STRESS_PARAMETERS=
+ (( cpu > 0 ))
+ STRESS_PARAMETERS+=' --cpu 12'
+ (( io > 0 ))
+ STRESS_PARAMETERS+=' --io 12'
+ (( memory > 0 ))
+ STRESS_PARAMETERS+=' --timeout 5m'
++ date '+%F %T'
+ start_ts='2025-11-28 12:42:12'
++ head -n 3 stress_poti_5_nodes_736356/736356.nodes
++ cut '-d ' -f1
+ for machine in $(head -n "$nodes" "$HOSTFILE" | cut -d" " -f1)
+ for machine in $(head -n "$nodes" "$HOSTFILE" | cut -d" " -f1)
+ for machine in $(head -n "$nodes" "$HOSTFILE" | cut -d" " -f1)
+ sleep 5m
++ which stress
++ which stress
++ which stress
+ ssh -n poti1 '/gnu/store/9wlnqbvkmdwjysi56xcwmym1xaprd2cm-profile/bin/stress  --cpu 12 --io 12 --timeout 5m'
+ ssh -n poti2 '/gnu/store/9wlnqbvkmdwjysi56xcwmym1xaprd2cm-profile/bin/stress  --cpu 12 --io 12 --timeout 5m'
+ ssh -n poti3 '/gnu/store/9wlnqbvkmdwjysi56xcwmym1xaprd2cm-profile/bin/stress  --cpu 12 --io 12 --timeout 5m'
++ date '+%F %T'
+ end_ts='2025-11-28 12:47:12'
+ echo '5m,12,12,0,3,stress_poti_5_nodes,stress_poti_5_nodes_5m_CPU12_IO12_MEM0_N3_67,2025-11-28 12:42:12,2025-11-28 12:47:12'
+ sleep 30
+ IFS=,
+ read -r time cpu io memory nodes exp order
+ STRESS_PARAMETERS=
+ (( cpu > 0 ))
+ (( io > 0 ))
+ STRESS_PARAMETERS+=' --io 12'
+ (( memory > 0 ))
+ STRESS_PARAMETERS+=' --vm 12'
+ STRESS_PARAMETERS+=' --timeout 5m'
++ date '+%F %T'
+ start_ts='2025-11-28 12:47:42'
++ head -n 4 stress_poti_5_nodes_736356/736356.nodes
++ cut '-d ' -f1
+ for machine in $(head -n "$nodes" "$HOSTFILE" | cut -d" " -f1)
+ for machine in $(head -n "$nodes" "$HOSTFILE" | cut -d" " -f1)
+ for machine in $(head -n "$nodes" "$HOSTFILE" | cut -d" " -f1)
+ for machine in $(head -n "$nodes" "$HOSTFILE" | cut -d" " -f1)
+ sleep 5m
++ which stress
++ which stress
++ which stress
++ which stress
+ ssh -n poti1 '/gnu/store/9wlnqbvkmdwjysi56xcwmym1xaprd2cm-profile/bin/stress  --io 12 --vm 12 --timeout 5m'
+ ssh -n poti2 '/gnu/store/9wlnqbvkmdwjysi56xcwmym1xaprd2cm-profile/bin/stress  --io 12 --vm 12 --timeout 5m'
+ ssh -n poti3 '/gnu/store/9wlnqbvkmdwjysi56xcwmym1xaprd2cm-profile/bin/stress  --io 12 --vm 12 --timeout 5m'
+ ssh -n poti4 '/gnu/store/9wlnqbvkmdwjysi56xcwmym1xaprd2cm-profile/bin/stress  --io 12 --vm 12 --timeout 5m'
++ date '+%F %T'
+ end_ts='2025-11-28 12:52:42'
+ echo '5m,0,12,12,4,stress_poti_5_nodes,stress_poti_5_nodes_5m_CPU0_IO12_MEM12_N4_68,2025-11-28 12:47:42,2025-11-28 12:52:42'
+ sleep 30
+ IFS=,
+ read -r time cpu io memory nodes exp order
+ STRESS_PARAMETERS=
+ (( cpu > 0 ))
+ STRESS_PARAMETERS+=' --cpu 12'
+ (( io > 0 ))
+ STRESS_PARAMETERS+=' --io 12'
+ (( memory > 0 ))
+ STRESS_PARAMETERS+=' --timeout 5m'
++ date '+%F %T'
+ start_ts='2025-11-28 12:53:12'
++ head -n 5 stress_poti_5_nodes_736356/736356.nodes
++ cut '-d ' -f1
+ for machine in $(head -n "$nodes" "$HOSTFILE" | cut -d" " -f1)
+ for machine in $(head -n "$nodes" "$HOSTFILE" | cut -d" " -f1)
+ for machine in $(head -n "$nodes" "$HOSTFILE" | cut -d" " -f1)
+ for machine in $(head -n "$nodes" "$HOSTFILE" | cut -d" " -f1)
+ for machine in $(head -n "$nodes" "$HOSTFILE" | cut -d" " -f1)
+ sleep 5m
++ which stress
++ which stress
++ which stress
++ which stress
++ which stress
+ ssh -n poti3 '/gnu/store/9wlnqbvkmdwjysi56xcwmym1xaprd2cm-profile/bin/stress  --cpu 12 --io 12 --timeout 5m'
+ ssh -n poti5 '/gnu/store/9wlnqbvkmdwjysi56xcwmym1xaprd2cm-profile/bin/stress  --cpu 12 --io 12 --timeout 5m'
+ ssh -n poti4 '/gnu/store/9wlnqbvkmdwjysi56xcwmym1xaprd2cm-profile/bin/stress  --cpu 12 --io 12 --timeout 5m'
+ ssh -n poti2 '/gnu/store/9wlnqbvkmdwjysi56xcwmym1xaprd2cm-profile/bin/stress  --cpu 12 --io 12 --timeout 5m'
+ ssh -n poti1 '/gnu/store/9wlnqbvkmdwjysi56xcwmym1xaprd2cm-profile/bin/stress  --cpu 12 --io 12 --timeout 5m'
++ date '+%F %T'
+ end_ts='2025-11-28 12:58:12'
+ echo '5m,12,12,0,5,stress_poti_5_nodes,stress_poti_5_nodes_5m_CPU12_IO12_MEM0_N5_69,2025-11-28 12:53:12,2025-11-28 12:58:12'
+ sleep 30
+ IFS=,
+ read -r time cpu io memory nodes exp order
+ STRESS_PARAMETERS=
+ (( cpu > 0 ))
+ STRESS_PARAMETERS+=' --cpu 24'
+ (( io > 0 ))
+ (( memory > 0 ))
+ STRESS_PARAMETERS+=' --timeout 5m'
++ date '+%F %T'
+ start_ts='2025-11-28 12:58:42'
++ head -n 1 stress_poti_5_nodes_736356/736356.nodes
++ cut '-d ' -f1
+ for machine in $(head -n "$nodes" "$HOSTFILE" | cut -d" " -f1)
+ sleep 5m
++ which stress
+ ssh -n poti1 '/gnu/store/9wlnqbvkmdwjysi56xcwmym1xaprd2cm-profile/bin/stress  --cpu 24 --timeout 5m'
++ date '+%F %T'
+ end_ts='2025-11-28 13:03:42'
+ echo '5m,24,0,0,1,stress_poti_5_nodes,stress_poti_5_nodes_5m_CPU24_IO0_MEM0_N1_70,2025-11-28 12:58:42,2025-11-28 13:03:42'
+ sleep 30
+ IFS=,
+ read -r time cpu io memory nodes exp order
+ echo 'End of executions'
