+ KEY=stress_poti_5_nodes_734316
+ GUIX_DAEMON_SOCKET=guix://192.168.30.23
+ export GUIX_DAEMON_SOCKET
+ GUIX_LOCPATH=/var/guix/profiles/per-user/root/guix-profile/lib/locale
+ export GUIX_LOCPATH
+ for GUIX_PROFILE in "$HOME/.config/guix/current"
+ '[' -f /home/users/ojsmarcondes/.config/guix/current/etc/profile ']'
+ . /home/users/ojsmarcondes/.config/guix/current/etc/profile
++ export PATH=/home/users/ojsmarcondes/.config/guix/current/bin:/usr/local/bin:/usr/bin:/bin:/usr/local/games:/usr/games:/usr/local/go/bin:/usr/local/cuda/bin
++ PATH=/home/users/ojsmarcondes/.config/guix/current/bin:/usr/local/bin:/usr/bin:/bin:/usr/local/games:/usr/games:/usr/local/go/bin:/usr/local/cuda/bin
+ GUIX_MANIFEST=stress_poti_5_nodes_734316/stress_poti_5_nodes_734316.scm
+ cat
+ set +u
++ guix shell -m stress_poti_5_nodes_734316/stress_poti_5_nodes_734316.scm --search-paths
hint: Consider installing the `glibc-locales' package and defining
`GUIX_LOCPATH', along these lines:

     guix install glibc-locales
     export GUIX_LOCPATH="$HOME/.guix-profile/lib/locale"

See the "Application Setup" section in the manual, for more info.

substitute: substitute: [Kupdating substitutes from 'https://ci.guix.gnu.org'...   0.0%substitute: [Kupdating substitutes from 'https://ci.guix.gnu.org'...  50.0%substitute: [Kupdating substitutes from 'https://ci.guix.gnu.org'... 100.0%
The following derivation will be built:
  /gnu/store/iljb77gx2xwbrnbpi1lxsqmaljh2r2rf-profile.drv

0.0 MB will be downloaded
..
building CA certificate bundle...
listing Emacs sub-directories...
building fonts directory...
building directory of Info manuals...
building profile with 1 package...
+ eval 'export PATH="/gnu/store/9wlnqbvkmdwjysi56xcwmym1xaprd2cm-profile/bin${PATH:+:}$PATH"'
++ export PATH=/gnu/store/9wlnqbvkmdwjysi56xcwmym1xaprd2cm-profile/bin:/home/users/ojsmarcondes/.config/guix/current/bin:/usr/local/bin:/usr/bin:/bin:/usr/local/games:/usr/games:/usr/local/go/bin:/usr/local/cuda/bin
++ PATH=/gnu/store/9wlnqbvkmdwjysi56xcwmym1xaprd2cm-profile/bin:/home/users/ojsmarcondes/.config/guix/current/bin:/usr/local/bin:/usr/bin:/bin:/usr/local/games:/usr/games:/usr/local/go/bin:/usr/local/cuda/bin
+ set -u
+ HOSTFILE=stress_poti_5_nodes_734316/734316.nodes
+ srun -l hostname
+ sort -n
+ awk '{print $2}'
+ CSV_FILE=stress_poti_5_nodes_experimental_project.csv
+ rsync stress_poti_5_nodes_experimental_project.csv ./stress_poti_5_nodes_734316/
+ rsync /var/spool/slurmd/job734316/slurm_script ./stress_poti_5_nodes_734316/stress_poti_5_nodes_734316.slurm
++ cat stress_poti_5_nodes_734316/734316.nodes
++ cut '-d ' -f1
+ for machine in $(cat $HOSTFILE | cut -d" " -f1)
+ ssh poti1 'for i in $(seq 0 $(( $(nproc) - 1 ))); do maxf=$(cat /sys/devices/system/cpu/cpu$i/cpufreq/cpuinfo_max_freq); cpufreq-set -c $i -g performance -d $maxf -u $maxf; done'
+ for machine in $(cat $HOSTFILE | cut -d" " -f1)
+ ssh poti2 'for i in $(seq 0 $(( $(nproc) - 1 ))); do maxf=$(cat /sys/devices/system/cpu/cpu$i/cpufreq/cpuinfo_max_freq); cpufreq-set -c $i -g performance -d $maxf -u $maxf; done'
+ for machine in $(cat $HOSTFILE | cut -d" " -f1)
+ ssh poti3 'for i in $(seq 0 $(( $(nproc) - 1 ))); do maxf=$(cat /sys/devices/system/cpu/cpu$i/cpufreq/cpuinfo_max_freq); cpufreq-set -c $i -g performance -d $maxf -u $maxf; done'
+ for machine in $(cat $HOSTFILE | cut -d" " -f1)
+ ssh poti4 'for i in $(seq 0 $(( $(nproc) - 1 ))); do maxf=$(cat /sys/devices/system/cpu/cpu$i/cpufreq/cpuinfo_max_freq); cpufreq-set -c $i -g performance -d $maxf -u $maxf; done'
+ for machine in $(cat $HOSTFILE | cut -d" " -f1)
+ ssh poti5 'for i in $(seq 0 $(( $(nproc) - 1 ))); do maxf=$(cat /sys/devices/system/cpu/cpu$i/cpufreq/cpuinfo_max_freq); cpufreq-set -c $i -g performance -d $maxf -u $maxf; done'
+ OUT_FILE=stress_poti_5_nodes_734316/stress_poti_5_nodes_734316_output.csv
+ echo time,cpu,io,memory,nodes,exp,order,start_ts,end_ts
+ sleep 30
+ tail -n +2 stress_poti_5_nodes_experimental_project.csv
+ IFS=,
+ read -r time cpu io memory nodes exp order
++ date '+%F %T'
+ start_ts='2025-11-24 22:06:02'
+ pids=()
++ head -n 3 stress_poti_5_nodes_734316/734316.nodes
++ cut '-d ' -f1
+ for machine in $(head -n "$nodes" "$HOSTFILE" | cut -d" " -f1)
+ for machine in $(head -n "$nodes" "$HOSTFILE" | cut -d" " -f1)
+ for machine in $(head -n "$nodes" "$HOSTFILE" | cut -d" " -f1)
+ sleep 10m
++ which stress
++ which stress
++ which stress
+ ssh '/gnu/store/9wlnqbvkmdwjysi56xcwmym1xaprd2cm-profile/bin/stress --cpu 8 --io 8 --vm 8 --timeout 10m'
+ ssh '/gnu/store/9wlnqbvkmdwjysi56xcwmym1xaprd2cm-profile/bin/stress --cpu 8 --io 8 --vm 8 --timeout 10m'
+ ssh '/gnu/store/9wlnqbvkmdwjysi56xcwmym1xaprd2cm-profile/bin/stress --cpu 8 --io 8 --vm 8 --timeout 10m'
hostname contains invalid characters
hostname contains invalid characters
hostname contains invalid characters
++ date '+%F %T'
+ end_ts='2025-11-24 22:16:02'
+ echo '10m,8,8,8,3,stress_poti_5_nodes,stress_poti_5_nodes_10m_CPU8_IO8_MEM8_N3_1,2025-11-24 22:06:02,2025-11-24 22:16:02'
+ sleep 30
+ IFS=,
+ read -r time cpu io memory nodes exp order
++ date '+%F %T'
+ start_ts='2025-11-24 22:16:32'
+ pids=()
++ head -n 3 stress_poti_5_nodes_734316/734316.nodes
++ cut '-d ' -f1
+ for machine in $(head -n "$nodes" "$HOSTFILE" | cut -d" " -f1)
+ for machine in $(head -n "$nodes" "$HOSTFILE" | cut -d" " -f1)
+ for machine in $(head -n "$nodes" "$HOSTFILE" | cut -d" " -f1)
+ sleep 10m
++ which stress
++ which stress
++ which stress
+ ssh '/gnu/store/9wlnqbvkmdwjysi56xcwmym1xaprd2cm-profile/bin/stress --cpu 12 --io 12 --vm 0 --timeout 10m'
+ ssh '/gnu/store/9wlnqbvkmdwjysi56xcwmym1xaprd2cm-profile/bin/stress --cpu 12 --io 12 --vm 0 --timeout 10m'
+ ssh '/gnu/store/9wlnqbvkmdwjysi56xcwmym1xaprd2cm-profile/bin/stress --cpu 12 --io 12 --vm 0 --timeout 10m'
hostname contains invalid characters
hostname contains invalid characters
hostname contains invalid characters
++ date '+%F %T'
+ end_ts='2025-11-24 22:26:32'
+ echo '10m,12,12,0,3,stress_poti_5_nodes,stress_poti_5_nodes_10m_CPU12_IO12_MEM0_N3_2,2025-11-24 22:16:32,2025-11-24 22:26:32'
+ sleep 30
+ IFS=,
+ read -r time cpu io memory nodes exp order
++ date '+%F %T'
+ start_ts='2025-11-24 22:27:02'
+ pids=()
++ head -n 5 stress_poti_5_nodes_734316/734316.nodes
++ cut '-d ' -f1
+ for machine in $(head -n "$nodes" "$HOSTFILE" | cut -d" " -f1)
+ for machine in $(head -n "$nodes" "$HOSTFILE" | cut -d" " -f1)
+ for machine in $(head -n "$nodes" "$HOSTFILE" | cut -d" " -f1)
+ for machine in $(head -n "$nodes" "$HOSTFILE" | cut -d" " -f1)
+ for machine in $(head -n "$nodes" "$HOSTFILE" | cut -d" " -f1)
+ sleep 10m
++ which stress
++ which stress
++ which stress
++ which stress
++ which stress
+ ssh '/gnu/store/9wlnqbvkmdwjysi56xcwmym1xaprd2cm-profile/bin/stress --cpu 0 --io 24 --vm 0 --timeout 10m'
+ ssh '/gnu/store/9wlnqbvkmdwjysi56xcwmym1xaprd2cm-profile/bin/stress --cpu 0 --io 24 --vm 0 --timeout 10m'
+ ssh '/gnu/store/9wlnqbvkmdwjysi56xcwmym1xaprd2cm-profile/bin/stress --cpu 0 --io 24 --vm 0 --timeout 10m'
+ ssh '/gnu/store/9wlnqbvkmdwjysi56xcwmym1xaprd2cm-profile/bin/stress --cpu 0 --io 24 --vm 0 --timeout 10m'
+ ssh '/gnu/store/9wlnqbvkmdwjysi56xcwmym1xaprd2cm-profile/bin/stress --cpu 0 --io 24 --vm 0 --timeout 10m'
hostname contains invalid characters
hostname contains invalid characters
hostname contains invalid characters
hostname contains invalid characters
hostname contains invalid characters
++ date '+%F %T'
+ end_ts='2025-11-24 22:37:02'
+ echo '10m,0,24,0,5,stress_poti_5_nodes,stress_poti_5_nodes_10m_CPU0_IO24_MEM0_N5_3,2025-11-24 22:27:02,2025-11-24 22:37:02'
+ sleep 30
+ IFS=,
+ read -r time cpu io memory nodes exp order
++ date '+%F %T'
+ start_ts='2025-11-24 22:37:32'
+ pids=()
++ head -n 4 stress_poti_5_nodes_734316/734316.nodes
++ cut '-d ' -f1
+ for machine in $(head -n "$nodes" "$HOSTFILE" | cut -d" " -f1)
+ for machine in $(head -n "$nodes" "$HOSTFILE" | cut -d" " -f1)
+ for machine in $(head -n "$nodes" "$HOSTFILE" | cut -d" " -f1)
+ for machine in $(head -n "$nodes" "$HOSTFILE" | cut -d" " -f1)
+ sleep 10m
++ which stress
++ which stress
++ which stress
++ which stress
+ ssh '/gnu/store/9wlnqbvkmdwjysi56xcwmym1xaprd2cm-profile/bin/stress --cpu 0 --io 12 --vm 12 --timeout 10m'
+ ssh '/gnu/store/9wlnqbvkmdwjysi56xcwmym1xaprd2cm-profile/bin/stress --cpu 0 --io 12 --vm 12 --timeout 10m'
+ ssh '/gnu/store/9wlnqbvkmdwjysi56xcwmym1xaprd2cm-profile/bin/stress --cpu 0 --io 12 --vm 12 --timeout 10m'
+ ssh '/gnu/store/9wlnqbvkmdwjysi56xcwmym1xaprd2cm-profile/bin/stress --cpu 0 --io 12 --vm 12 --timeout 10m'
hostname contains invalid characters
hostname contains invalid characters
hostname contains invalid characters
hostname contains invalid characters
++ date '+%F %T'
+ end_ts='2025-11-24 22:47:32'
+ echo '10m,0,12,12,4,stress_poti_5_nodes,stress_poti_5_nodes_10m_CPU0_IO12_MEM12_N4_4,2025-11-24 22:37:32,2025-11-24 22:47:32'
+ sleep 30
+ IFS=,
+ read -r time cpu io memory nodes exp order
++ date '+%F %T'
+ start_ts='2025-11-24 22:48:02'
+ pids=()
++ head -n 1 stress_poti_5_nodes_734316/734316.nodes
++ cut '-d ' -f1
+ for machine in $(head -n "$nodes" "$HOSTFILE" | cut -d" " -f1)
+ sleep 10m
++ which stress
+ ssh '/gnu/store/9wlnqbvkmdwjysi56xcwmym1xaprd2cm-profile/bin/stress --cpu 8 --io 8 --vm 8 --timeout 10m'
hostname contains invalid characters
++ date '+%F %T'
+ end_ts='2025-11-24 22:58:02'
+ echo '10m,8,8,8,1,stress_poti_5_nodes,stress_poti_5_nodes_10m_CPU8_IO8_MEM8_N1_5,2025-11-24 22:48:02,2025-11-24 22:58:02'
+ sleep 30
+ IFS=,
+ read -r time cpu io memory nodes exp order
++ date '+%F %T'
+ start_ts='2025-11-24 22:58:32'
+ pids=()
++ head -n 2 stress_poti_5_nodes_734316/734316.nodes
++ cut '-d ' -f1
+ for machine in $(head -n "$nodes" "$HOSTFILE" | cut -d" " -f1)
+ for machine in $(head -n "$nodes" "$HOSTFILE" | cut -d" " -f1)
+ sleep 10m
++ which stress
++ which stress
+ ssh '/gnu/store/9wlnqbvkmdwjysi56xcwmym1xaprd2cm-profile/bin/stress --cpu 24 --io 0 --vm 0 --timeout 10m'
+ ssh '/gnu/store/9wlnqbvkmdwjysi56xcwmym1xaprd2cm-profile/bin/stress --cpu 24 --io 0 --vm 0 --timeout 10m'
hostname contains invalid characters
hostname contains invalid characters
++ date '+%F %T'
+ end_ts='2025-11-24 23:08:32'
+ echo '10m,24,0,0,2,stress_poti_5_nodes,stress_poti_5_nodes_10m_CPU24_IO0_MEM0_N2_6,2025-11-24 22:58:32,2025-11-24 23:08:32'
+ sleep 30
+ IFS=,
+ read -r time cpu io memory nodes exp order
++ date '+%F %T'
+ start_ts='2025-11-24 23:09:02'
+ pids=()
++ head -n 2 stress_poti_5_nodes_734316/734316.nodes
++ cut '-d ' -f1
+ for machine in $(head -n "$nodes" "$HOSTFILE" | cut -d" " -f1)
+ for machine in $(head -n "$nodes" "$HOSTFILE" | cut -d" " -f1)
+ sleep 10m
++ which stress
++ which stress
+ ssh '/gnu/store/9wlnqbvkmdwjysi56xcwmym1xaprd2cm-profile/bin/stress --cpu 0 --io 24 --vm 0 --timeout 10m'
+ ssh '/gnu/store/9wlnqbvkmdwjysi56xcwmym1xaprd2cm-profile/bin/stress --cpu 0 --io 24 --vm 0 --timeout 10m'
hostname contains invalid characters
hostname contains invalid characters
++ date '+%F %T'
+ end_ts='2025-11-24 23:19:02'
+ echo '10m,0,24,0,2,stress_poti_5_nodes,stress_poti_5_nodes_10m_CPU0_IO24_MEM0_N2_7,2025-11-24 23:09:02,2025-11-24 23:19:02'
+ sleep 30
+ IFS=,
+ read -r time cpu io memory nodes exp order
++ date '+%F %T'
+ start_ts='2025-11-24 23:19:32'
+ pids=()
++ head -n 2 stress_poti_5_nodes_734316/734316.nodes
++ cut '-d ' -f1
+ for machine in $(head -n "$nodes" "$HOSTFILE" | cut -d" " -f1)
+ for machine in $(head -n "$nodes" "$HOSTFILE" | cut -d" " -f1)
+ sleep 10m
++ which stress
++ which stress
+ ssh '/gnu/store/9wlnqbvkmdwjysi56xcwmym1xaprd2cm-profile/bin/stress --cpu 0 --io 12 --vm 12 --timeout 10m'
+ ssh '/gnu/store/9wlnqbvkmdwjysi56xcwmym1xaprd2cm-profile/bin/stress --cpu 0 --io 12 --vm 12 --timeout 10m'
hostname contains invalid characters
hostname contains invalid characters
++ date '+%F %T'
+ end_ts='2025-11-24 23:29:32'
+ echo '10m,0,12,12,2,stress_poti_5_nodes,stress_poti_5_nodes_10m_CPU0_IO12_MEM12_N2_8,2025-11-24 23:19:32,2025-11-24 23:29:32'
+ sleep 30
+ IFS=,
+ read -r time cpu io memory nodes exp order
++ date '+%F %T'
+ start_ts='2025-11-24 23:30:02'
+ pids=()
++ head -n 1 stress_poti_5_nodes_734316/734316.nodes
++ cut '-d ' -f1
+ for machine in $(head -n "$nodes" "$HOSTFILE" | cut -d" " -f1)
+ sleep 10m
++ which stress
+ ssh '/gnu/store/9wlnqbvkmdwjysi56xcwmym1xaprd2cm-profile/bin/stress --cpu 0 --io 0 --vm 24 --timeout 10m'
hostname contains invalid characters
++ date '+%F %T'
+ end_ts='2025-11-24 23:40:02'
+ echo '10m,0,0,24,1,stress_poti_5_nodes,stress_poti_5_nodes_10m_CPU0_IO0_MEM24_N1_9,2025-11-24 23:30:02,2025-11-24 23:40:02'
+ sleep 30
+ IFS=,
+ read -r time cpu io memory nodes exp order
++ date '+%F %T'
+ start_ts='2025-11-24 23:40:32'
+ pids=()
++ head -n 2 stress_poti_5_nodes_734316/734316.nodes
++ cut '-d ' -f1
+ for machine in $(head -n "$nodes" "$HOSTFILE" | cut -d" " -f1)
+ for machine in $(head -n "$nodes" "$HOSTFILE" | cut -d" " -f1)
+ sleep 10m
++ which stress
++ which stress
+ ssh '/gnu/store/9wlnqbvkmdwjysi56xcwmym1xaprd2cm-profile/bin/stress --cpu 12 --io 0 --vm 12 --timeout 10m'
+ ssh '/gnu/store/9wlnqbvkmdwjysi56xcwmym1xaprd2cm-profile/bin/stress --cpu 12 --io 0 --vm 12 --timeout 10m'
hostname contains invalid characters
hostname contains invalid characters
++ date '+%F %T'
+ end_ts='2025-11-24 23:50:32'
+ echo '10m,12,0,12,2,stress_poti_5_nodes,stress_poti_5_nodes_10m_CPU12_IO0_MEM12_N2_10,2025-11-24 23:40:32,2025-11-24 23:50:32'
+ sleep 30
+ IFS=,
+ read -r time cpu io memory nodes exp order
++ date '+%F %T'
+ start_ts='2025-11-24 23:51:02'
+ pids=()
++ head -n 3 stress_poti_5_nodes_734316/734316.nodes
++ cut '-d ' -f1
+ for machine in $(head -n "$nodes" "$HOSTFILE" | cut -d" " -f1)
+ for machine in $(head -n "$nodes" "$HOSTFILE" | cut -d" " -f1)
+ for machine in $(head -n "$nodes" "$HOSTFILE" | cut -d" " -f1)
+ sleep 10m
++ which stress
++ which stress
++ which stress
+ ssh '/gnu/store/9wlnqbvkmdwjysi56xcwmym1xaprd2cm-profile/bin/stress --cpu 0 --io 0 --vm 24 --timeout 10m'
+ ssh '/gnu/store/9wlnqbvkmdwjysi56xcwmym1xaprd2cm-profile/bin/stress --cpu 0 --io 0 --vm 24 --timeout 10m'
+ ssh '/gnu/store/9wlnqbvkmdwjysi56xcwmym1xaprd2cm-profile/bin/stress --cpu 0 --io 0 --vm 24 --timeout 10m'
hostname contains invalid characters
hostname contains invalid characters
hostname contains invalid characters
++ date '+%F %T'
+ end_ts='2025-11-25 00:01:02'
+ echo '10m,0,0,24,3,stress_poti_5_nodes,stress_poti_5_nodes_10m_CPU0_IO0_MEM24_N3_11,2025-11-24 23:51:02,2025-11-25 00:01:02'
+ sleep 30
+ IFS=,
+ read -r time cpu io memory nodes exp order
++ date '+%F %T'
+ start_ts='2025-11-25 00:01:32'
+ pids=()
++ head -n 1 stress_poti_5_nodes_734316/734316.nodes
++ cut '-d ' -f1
+ for machine in $(head -n "$nodes" "$HOSTFILE" | cut -d" " -f1)
+ sleep 10m
++ which stress
+ ssh '/gnu/store/9wlnqbvkmdwjysi56xcwmym1xaprd2cm-profile/bin/stress --cpu 0 --io 24 --vm 0 --timeout 10m'
hostname contains invalid characters
++ date '+%F %T'
+ end_ts='2025-11-25 00:11:32'
+ echo '10m,0,24,0,1,stress_poti_5_nodes,stress_poti_5_nodes_10m_CPU0_IO24_MEM0_N1_12,2025-11-25 00:01:32,2025-11-25 00:11:32'
+ sleep 30
+ IFS=,
+ read -r time cpu io memory nodes exp order
++ date '+%F %T'
+ start_ts='2025-11-25 00:12:02'
+ pids=()
++ head -n 1 stress_poti_5_nodes_734316/734316.nodes
++ cut '-d ' -f1
+ for machine in $(head -n "$nodes" "$HOSTFILE" | cut -d" " -f1)
+ sleep 10m
++ which stress
+ ssh '/gnu/store/9wlnqbvkmdwjysi56xcwmym1xaprd2cm-profile/bin/stress --cpu 0 --io 12 --vm 12 --timeout 10m'
hostname contains invalid characters
++ date '+%F %T'
+ end_ts='2025-11-25 00:22:02'
+ echo '10m,0,12,12,1,stress_poti_5_nodes,stress_poti_5_nodes_10m_CPU0_IO12_MEM12_N1_13,2025-11-25 00:12:02,2025-11-25 00:22:02'
+ sleep 30
+ IFS=,
+ read -r time cpu io memory nodes exp order
++ date '+%F %T'
+ start_ts='2025-11-25 00:22:33'
+ pids=()
++ head -n 5 stress_poti_5_nodes_734316/734316.nodes
++ cut '-d ' -f1
+ for machine in $(head -n "$nodes" "$HOSTFILE" | cut -d" " -f1)
+ for machine in $(head -n "$nodes" "$HOSTFILE" | cut -d" " -f1)
+ for machine in $(head -n "$nodes" "$HOSTFILE" | cut -d" " -f1)
+ for machine in $(head -n "$nodes" "$HOSTFILE" | cut -d" " -f1)
+ for machine in $(head -n "$nodes" "$HOSTFILE" | cut -d" " -f1)
+ sleep 10m
++ which stress
++ which stress
++ which stress
++ which stress
++ which stress
+ ssh '/gnu/store/9wlnqbvkmdwjysi56xcwmym1xaprd2cm-profile/bin/stress --cpu 0 --io 12 --vm 12 --timeout 10m'
+ ssh '/gnu/store/9wlnqbvkmdwjysi56xcwmym1xaprd2cm-profile/bin/stress --cpu 0 --io 12 --vm 12 --timeout 10m'
+ ssh '/gnu/store/9wlnqbvkmdwjysi56xcwmym1xaprd2cm-profile/bin/stress --cpu 0 --io 12 --vm 12 --timeout 10m'
+ ssh '/gnu/store/9wlnqbvkmdwjysi56xcwmym1xaprd2cm-profile/bin/stress --cpu 0 --io 12 --vm 12 --timeout 10m'
+ ssh '/gnu/store/9wlnqbvkmdwjysi56xcwmym1xaprd2cm-profile/bin/stress --cpu 0 --io 12 --vm 12 --timeout 10m'
hostname contains invalid characters
hostname contains invalid characters
hostname contains invalid characters
hostname contains invalid characters
hostname contains invalid characters
++ date '+%F %T'
+ end_ts='2025-11-25 00:32:33'
+ echo '10m,0,12,12,5,stress_poti_5_nodes,stress_poti_5_nodes_10m_CPU0_IO12_MEM12_N5_14,2025-11-25 00:22:33,2025-11-25 00:32:33'
+ sleep 30
+ IFS=,
+ read -r time cpu io memory nodes exp order
++ date '+%F %T'
+ start_ts='2025-11-25 00:33:03'
+ pids=()
++ head -n 4 stress_poti_5_nodes_734316/734316.nodes
++ cut '-d ' -f1
+ for machine in $(head -n "$nodes" "$HOSTFILE" | cut -d" " -f1)
+ for machine in $(head -n "$nodes" "$HOSTFILE" | cut -d" " -f1)
+ for machine in $(head -n "$nodes" "$HOSTFILE" | cut -d" " -f1)
+ for machine in $(head -n "$nodes" "$HOSTFILE" | cut -d" " -f1)
+ sleep 10m
++ which stress
++ which stress
++ which stress
++ which stress
+ ssh '/gnu/store/9wlnqbvkmdwjysi56xcwmym1xaprd2cm-profile/bin/stress --cpu 8 --io 8 --vm 8 --timeout 10m'
+ ssh '/gnu/store/9wlnqbvkmdwjysi56xcwmym1xaprd2cm-profile/bin/stress --cpu 8 --io 8 --vm 8 --timeout 10m'
+ ssh '/gnu/store/9wlnqbvkmdwjysi56xcwmym1xaprd2cm-profile/bin/stress --cpu 8 --io 8 --vm 8 --timeout 10m'
+ ssh '/gnu/store/9wlnqbvkmdwjysi56xcwmym1xaprd2cm-profile/bin/stress --cpu 8 --io 8 --vm 8 --timeout 10m'
hostname contains invalid characters
hostname contains invalid characters
hostname contains invalid characters
hostname contains invalid characters
++ date '+%F %T'
+ end_ts='2025-11-25 00:43:03'
+ echo '10m,8,8,8,4,stress_poti_5_nodes,stress_poti_5_nodes_10m_CPU8_IO8_MEM8_N4_15,2025-11-25 00:33:03,2025-11-25 00:43:03'
+ sleep 30
+ IFS=,
+ read -r time cpu io memory nodes exp order
++ date '+%F %T'
+ start_ts='2025-11-25 00:43:33'
+ pids=()
++ head -n 5 stress_poti_5_nodes_734316/734316.nodes
++ cut '-d ' -f1
+ for machine in $(head -n "$nodes" "$HOSTFILE" | cut -d" " -f1)
+ for machine in $(head -n "$nodes" "$HOSTFILE" | cut -d" " -f1)
+ for machine in $(head -n "$nodes" "$HOSTFILE" | cut -d" " -f1)
+ for machine in $(head -n "$nodes" "$HOSTFILE" | cut -d" " -f1)
+ for machine in $(head -n "$nodes" "$HOSTFILE" | cut -d" " -f1)
+ sleep 10m
++ which stress
++ which stress
++ which stress
++ which stress
++ which stress
+ ssh '/gnu/store/9wlnqbvkmdwjysi56xcwmym1xaprd2cm-profile/bin/stress --cpu 12 --io 12 --vm 0 --timeout 10m'
+ ssh '/gnu/store/9wlnqbvkmdwjysi56xcwmym1xaprd2cm-profile/bin/stress --cpu 12 --io 12 --vm 0 --timeout 10m'
+ ssh '/gnu/store/9wlnqbvkmdwjysi56xcwmym1xaprd2cm-profile/bin/stress --cpu 12 --io 12 --vm 0 --timeout 10m'
+ ssh '/gnu/store/9wlnqbvkmdwjysi56xcwmym1xaprd2cm-profile/bin/stress --cpu 12 --io 12 --vm 0 --timeout 10m'
+ ssh '/gnu/store/9wlnqbvkmdwjysi56xcwmym1xaprd2cm-profile/bin/stress --cpu 12 --io 12 --vm 0 --timeout 10m'
hostname contains invalid characters
hostname contains invalid characters
hostname contains invalid characters
hostname contains invalid characters
hostname contains invalid characters
++ date '+%F %T'
+ end_ts='2025-11-25 00:53:33'
+ echo '10m,12,12,0,5,stress_poti_5_nodes,stress_poti_5_nodes_10m_CPU12_IO12_MEM0_N5_16,2025-11-25 00:43:33,2025-11-25 00:53:33'
+ sleep 30
+ IFS=,
+ read -r time cpu io memory nodes exp order
++ date '+%F %T'
+ start_ts='2025-11-25 00:54:03'
+ pids=()
++ head -n 1 stress_poti_5_nodes_734316/734316.nodes
++ cut '-d ' -f1
+ for machine in $(head -n "$nodes" "$HOSTFILE" | cut -d" " -f1)
+ sleep 10m
++ which stress
+ ssh '/gnu/store/9wlnqbvkmdwjysi56xcwmym1xaprd2cm-profile/bin/stress --cpu 12 --io 12 --vm 0 --timeout 10m'
hostname contains invalid characters
++ date '+%F %T'
+ end_ts='2025-11-25 01:04:03'
+ echo '10m,12,12,0,1,stress_poti_5_nodes,stress_poti_5_nodes_10m_CPU12_IO12_MEM0_N1_17,2025-11-25 00:54:03,2025-11-25 01:04:03'
+ sleep 30
+ IFS=,
+ read -r time cpu io memory nodes exp order
++ date '+%F %T'
+ start_ts='2025-11-25 01:04:33'
+ pids=()
++ head -n 4 stress_poti_5_nodes_734316/734316.nodes
++ cut '-d ' -f1
+ for machine in $(head -n "$nodes" "$HOSTFILE" | cut -d" " -f1)
+ for machine in $(head -n "$nodes" "$HOSTFILE" | cut -d" " -f1)
+ for machine in $(head -n "$nodes" "$HOSTFILE" | cut -d" " -f1)
+ for machine in $(head -n "$nodes" "$HOSTFILE" | cut -d" " -f1)
+ sleep 10m
++ which stress
++ which stress
++ which stress
++ which stress
+ ssh '/gnu/store/9wlnqbvkmdwjysi56xcwmym1xaprd2cm-profile/bin/stress --cpu 0 --io 24 --vm 0 --timeout 10m'
+ ssh '/gnu/store/9wlnqbvkmdwjysi56xcwmym1xaprd2cm-profile/bin/stress --cpu 0 --io 24 --vm 0 --timeout 10m'
+ ssh '/gnu/store/9wlnqbvkmdwjysi56xcwmym1xaprd2cm-profile/bin/stress --cpu 0 --io 24 --vm 0 --timeout 10m'
+ ssh '/gnu/store/9wlnqbvkmdwjysi56xcwmym1xaprd2cm-profile/bin/stress --cpu 0 --io 24 --vm 0 --timeout 10m'
hostname contains invalid characters
hostname contains invalid characters
hostname contains invalid characters
hostname contains invalid characters
++ date '+%F %T'
+ end_ts='2025-11-25 01:14:33'
+ echo '10m,0,24,0,4,stress_poti_5_nodes,stress_poti_5_nodes_10m_CPU0_IO24_MEM0_N4_18,2025-11-25 01:04:33,2025-11-25 01:14:33'
+ sleep 30
+ IFS=,
+ read -r time cpu io memory nodes exp order
++ date '+%F %T'
+ start_ts='2025-11-25 01:15:03'
+ pids=()
++ head -n 1 stress_poti_5_nodes_734316/734316.nodes
++ cut '-d ' -f1
+ for machine in $(head -n "$nodes" "$HOSTFILE" | cut -d" " -f1)
+ sleep 10m
++ which stress
+ ssh '/gnu/store/9wlnqbvkmdwjysi56xcwmym1xaprd2cm-profile/bin/stress --cpu 12 --io 0 --vm 12 --timeout 10m'
hostname contains invalid characters
++ date '+%F %T'
+ end_ts='2025-11-25 01:25:03'
+ echo '10m,12,0,12,1,stress_poti_5_nodes,stress_poti_5_nodes_10m_CPU12_IO0_MEM12_N1_19,2025-11-25 01:15:03,2025-11-25 01:25:03'
+ sleep 30
+ IFS=,
+ read -r time cpu io memory nodes exp order
++ date '+%F %T'
+ start_ts='2025-11-25 01:25:33'
+ pids=()
++ head -n 4 stress_poti_5_nodes_734316/734316.nodes
++ cut '-d ' -f1
+ for machine in $(head -n "$nodes" "$HOSTFILE" | cut -d" " -f1)
+ for machine in $(head -n "$nodes" "$HOSTFILE" | cut -d" " -f1)
+ for machine in $(head -n "$nodes" "$HOSTFILE" | cut -d" " -f1)
+ for machine in $(head -n "$nodes" "$HOSTFILE" | cut -d" " -f1)
+ sleep 10m
++ which stress
++ which stress
++ which stress
++ which stress
+ ssh '/gnu/store/9wlnqbvkmdwjysi56xcwmym1xaprd2cm-profile/bin/stress --cpu 0 --io 0 --vm 24 --timeout 10m'
+ ssh '/gnu/store/9wlnqbvkmdwjysi56xcwmym1xaprd2cm-profile/bin/stress --cpu 0 --io 0 --vm 24 --timeout 10m'
+ ssh '/gnu/store/9wlnqbvkmdwjysi56xcwmym1xaprd2cm-profile/bin/stress --cpu 0 --io 0 --vm 24 --timeout 10m'
+ ssh '/gnu/store/9wlnqbvkmdwjysi56xcwmym1xaprd2cm-profile/bin/stress --cpu 0 --io 0 --vm 24 --timeout 10m'
hostname contains invalid characters
hostname contains invalid characters
hostname contains invalid characters
hostname contains invalid characters
++ date '+%F %T'
+ end_ts='2025-11-25 01:35:33'
+ echo '10m,0,0,24,4,stress_poti_5_nodes,stress_poti_5_nodes_10m_CPU0_IO0_MEM24_N4_20,2025-11-25 01:25:33,2025-11-25 01:35:33'
+ sleep 30
+ IFS=,
+ read -r time cpu io memory nodes exp order
++ date '+%F %T'
+ start_ts='2025-11-25 01:36:03'
+ pids=()
++ head -n 5 stress_poti_5_nodes_734316/734316.nodes
++ cut '-d ' -f1
+ for machine in $(head -n "$nodes" "$HOSTFILE" | cut -d" " -f1)
+ for machine in $(head -n "$nodes" "$HOSTFILE" | cut -d" " -f1)
+ for machine in $(head -n "$nodes" "$HOSTFILE" | cut -d" " -f1)
+ for machine in $(head -n "$nodes" "$HOSTFILE" | cut -d" " -f1)
+ for machine in $(head -n "$nodes" "$HOSTFILE" | cut -d" " -f1)
+ sleep 10m
++ which stress
++ which stress
++ which stress
++ which stress
++ which stress
+ ssh '/gnu/store/9wlnqbvkmdwjysi56xcwmym1xaprd2cm-profile/bin/stress --cpu 12 --io 0 --vm 12 --timeout 10m'
+ ssh '/gnu/store/9wlnqbvkmdwjysi56xcwmym1xaprd2cm-profile/bin/stress --cpu 12 --io 0 --vm 12 --timeout 10m'
+ ssh '/gnu/store/9wlnqbvkmdwjysi56xcwmym1xaprd2cm-profile/bin/stress --cpu 12 --io 0 --vm 12 --timeout 10m'
+ ssh '/gnu/store/9wlnqbvkmdwjysi56xcwmym1xaprd2cm-profile/bin/stress --cpu 12 --io 0 --vm 12 --timeout 10m'
+ ssh '/gnu/store/9wlnqbvkmdwjysi56xcwmym1xaprd2cm-profile/bin/stress --cpu 12 --io 0 --vm 12 --timeout 10m'
hostname contains invalid characters
hostname contains invalid characters
hostname contains invalid characters
hostname contains invalid characters
hostname contains invalid characters
++ date '+%F %T'
+ end_ts='2025-11-25 01:46:03'
+ echo '10m,12,0,12,5,stress_poti_5_nodes,stress_poti_5_nodes_10m_CPU12_IO0_MEM12_N5_21,2025-11-25 01:36:03,2025-11-25 01:46:03'
+ sleep 30
+ IFS=,
+ read -r time cpu io memory nodes exp order
++ date '+%F %T'
+ start_ts='2025-11-25 01:46:33'
+ pids=()
++ head -n 1 stress_poti_5_nodes_734316/734316.nodes
++ cut '-d ' -f1
+ for machine in $(head -n "$nodes" "$HOSTFILE" | cut -d" " -f1)
+ sleep 10m
++ which stress
+ ssh '/gnu/store/9wlnqbvkmdwjysi56xcwmym1xaprd2cm-profile/bin/stress --cpu 24 --io 0 --vm 0 --timeout 10m'
hostname contains invalid characters
++ date '+%F %T'
+ end_ts='2025-11-25 01:56:33'
+ echo '10m,24,0,0,1,stress_poti_5_nodes,stress_poti_5_nodes_10m_CPU24_IO0_MEM0_N1_22,2025-11-25 01:46:33,2025-11-25 01:56:33'
+ sleep 30
+ IFS=,
+ read -r time cpu io memory nodes exp order
++ date '+%F %T'
+ start_ts='2025-11-25 01:57:03'
+ pids=()
++ head -n 5 stress_poti_5_nodes_734316/734316.nodes
++ cut '-d ' -f1
+ for machine in $(head -n "$nodes" "$HOSTFILE" | cut -d" " -f1)
+ for machine in $(head -n "$nodes" "$HOSTFILE" | cut -d" " -f1)
+ for machine in $(head -n "$nodes" "$HOSTFILE" | cut -d" " -f1)
+ for machine in $(head -n "$nodes" "$HOSTFILE" | cut -d" " -f1)
+ for machine in $(head -n "$nodes" "$HOSTFILE" | cut -d" " -f1)
+ sleep 10m
++ which stress
++ which stress
++ which stress
++ which stress
++ which stress
+ ssh '/gnu/store/9wlnqbvkmdwjysi56xcwmym1xaprd2cm-profile/bin/stress --cpu 8 --io 8 --vm 8 --timeout 10m'
+ ssh '/gnu/store/9wlnqbvkmdwjysi56xcwmym1xaprd2cm-profile/bin/stress --cpu 8 --io 8 --vm 8 --timeout 10m'
+ ssh '/gnu/store/9wlnqbvkmdwjysi56xcwmym1xaprd2cm-profile/bin/stress --cpu 8 --io 8 --vm 8 --timeout 10m'
+ ssh '/gnu/store/9wlnqbvkmdwjysi56xcwmym1xaprd2cm-profile/bin/stress --cpu 8 --io 8 --vm 8 --timeout 10m'
+ ssh '/gnu/store/9wlnqbvkmdwjysi56xcwmym1xaprd2cm-profile/bin/stress --cpu 8 --io 8 --vm 8 --timeout 10m'
hostname contains invalid characters
hostname contains invalid characters
hostname contains invalid characters
hostname contains invalid characters
hostname contains invalid characters
++ date '+%F %T'
+ end_ts='2025-11-25 02:07:03'
+ echo '10m,8,8,8,5,stress_poti_5_nodes,stress_poti_5_nodes_10m_CPU8_IO8_MEM8_N5_23,2025-11-25 01:57:03,2025-11-25 02:07:03'
+ sleep 30
+ IFS=,
+ read -r time cpu io memory nodes exp order
++ date '+%F %T'
+ start_ts='2025-11-25 02:07:33'
+ pids=()
++ head -n 3 stress_poti_5_nodes_734316/734316.nodes
++ cut '-d ' -f1
+ for machine in $(head -n "$nodes" "$HOSTFILE" | cut -d" " -f1)
+ for machine in $(head -n "$nodes" "$HOSTFILE" | cut -d" " -f1)
+ for machine in $(head -n "$nodes" "$HOSTFILE" | cut -d" " -f1)
+ sleep 10m
++ which stress
++ which stress
++ which stress
+ ssh '/gnu/store/9wlnqbvkmdwjysi56xcwmym1xaprd2cm-profile/bin/stress --cpu 0 --io 24 --vm 0 --timeout 10m'
+ ssh '/gnu/store/9wlnqbvkmdwjysi56xcwmym1xaprd2cm-profile/bin/stress --cpu 0 --io 24 --vm 0 --timeout 10m'
+ ssh '/gnu/store/9wlnqbvkmdwjysi56xcwmym1xaprd2cm-profile/bin/stress --cpu 0 --io 24 --vm 0 --timeout 10m'
hostname contains invalid characters
hostname contains invalid characters
hostname contains invalid characters
++ date '+%F %T'
+ end_ts='2025-11-25 02:17:33'
+ echo '10m,0,24,0,3,stress_poti_5_nodes,stress_poti_5_nodes_10m_CPU0_IO24_MEM0_N3_24,2025-11-25 02:07:33,2025-11-25 02:17:33'
+ sleep 30
+ IFS=,
+ read -r time cpu io memory nodes exp order
++ date '+%F %T'
+ start_ts='2025-11-25 02:18:03'
+ pids=()
++ head -n 3 stress_poti_5_nodes_734316/734316.nodes
++ cut '-d ' -f1
+ for machine in $(head -n "$nodes" "$HOSTFILE" | cut -d" " -f1)
+ for machine in $(head -n "$nodes" "$HOSTFILE" | cut -d" " -f1)
+ for machine in $(head -n "$nodes" "$HOSTFILE" | cut -d" " -f1)
+ sleep 10m
++ which stress
++ which stress
++ which stress
+ ssh '/gnu/store/9wlnqbvkmdwjysi56xcwmym1xaprd2cm-profile/bin/stress --cpu 0 --io 12 --vm 12 --timeout 10m'
+ ssh '/gnu/store/9wlnqbvkmdwjysi56xcwmym1xaprd2cm-profile/bin/stress --cpu 0 --io 12 --vm 12 --timeout 10m'
+ ssh '/gnu/store/9wlnqbvkmdwjysi56xcwmym1xaprd2cm-profile/bin/stress --cpu 0 --io 12 --vm 12 --timeout 10m'
hostname contains invalid characters
hostname contains invalid characters
hostname contains invalid characters
++ date '+%F %T'
+ end_ts='2025-11-25 02:28:03'
+ echo '10m,0,12,12,3,stress_poti_5_nodes,stress_poti_5_nodes_10m_CPU0_IO12_MEM12_N3_25,2025-11-25 02:18:03,2025-11-25 02:28:03'
+ sleep 30
+ IFS=,
+ read -r time cpu io memory nodes exp order
++ date '+%F %T'
+ start_ts='2025-11-25 02:28:33'
+ pids=()
++ head -n 4 stress_poti_5_nodes_734316/734316.nodes
++ cut '-d ' -f1
+ for machine in $(head -n "$nodes" "$HOSTFILE" | cut -d" " -f1)
+ for machine in $(head -n "$nodes" "$HOSTFILE" | cut -d" " -f1)
+ for machine in $(head -n "$nodes" "$HOSTFILE" | cut -d" " -f1)
+ for machine in $(head -n "$nodes" "$HOSTFILE" | cut -d" " -f1)
+ sleep 10m
++ which stress
++ which stress
++ which stress
++ which stress
+ ssh '/gnu/store/9wlnqbvkmdwjysi56xcwmym1xaprd2cm-profile/bin/stress --cpu 12 --io 12 --vm 0 --timeout 10m'
+ ssh '/gnu/store/9wlnqbvkmdwjysi56xcwmym1xaprd2cm-profile/bin/stress --cpu 12 --io 12 --vm 0 --timeout 10m'
+ ssh '/gnu/store/9wlnqbvkmdwjysi56xcwmym1xaprd2cm-profile/bin/stress --cpu 12 --io 12 --vm 0 --timeout 10m'
+ ssh '/gnu/store/9wlnqbvkmdwjysi56xcwmym1xaprd2cm-profile/bin/stress --cpu 12 --io 12 --vm 0 --timeout 10m'
hostname contains invalid characters
hostname contains invalid characters
hostname contains invalid characters
hostname contains invalid characters
++ date '+%F %T'
+ end_ts='2025-11-25 02:38:33'
+ echo '10m,12,12,0,4,stress_poti_5_nodes,stress_poti_5_nodes_10m_CPU12_IO12_MEM0_N4_26,2025-11-25 02:28:33,2025-11-25 02:38:33'
+ sleep 30
+ IFS=,
+ read -r time cpu io memory nodes exp order
++ date '+%F %T'
+ start_ts='2025-11-25 02:39:03'
+ pids=()
++ head -n 3 stress_poti_5_nodes_734316/734316.nodes
++ cut '-d ' -f1
+ for machine in $(head -n "$nodes" "$HOSTFILE" | cut -d" " -f1)
+ for machine in $(head -n "$nodes" "$HOSTFILE" | cut -d" " -f1)
+ for machine in $(head -n "$nodes" "$HOSTFILE" | cut -d" " -f1)
+ sleep 10m
++ which stress
++ which stress
++ which stress
+ ssh '/gnu/store/9wlnqbvkmdwjysi56xcwmym1xaprd2cm-profile/bin/stress --cpu 12 --io 0 --vm 12 --timeout 10m'
+ ssh '/gnu/store/9wlnqbvkmdwjysi56xcwmym1xaprd2cm-profile/bin/stress --cpu 12 --io 0 --vm 12 --timeout 10m'
+ ssh '/gnu/store/9wlnqbvkmdwjysi56xcwmym1xaprd2cm-profile/bin/stress --cpu 12 --io 0 --vm 12 --timeout 10m'
hostname contains invalid characters
hostname contains invalid characters
hostname contains invalid characters
++ date '+%F %T'
+ end_ts='2025-11-25 02:49:03'
+ echo '10m,12,0,12,3,stress_poti_5_nodes,stress_poti_5_nodes_10m_CPU12_IO0_MEM12_N3_27,2025-11-25 02:39:03,2025-11-25 02:49:03'
+ sleep 30
+ IFS=,
+ read -r time cpu io memory nodes exp order
++ date '+%F %T'
+ start_ts='2025-11-25 02:49:33'
+ pids=()
++ head -n 5 stress_poti_5_nodes_734316/734316.nodes
++ cut '-d ' -f1
+ for machine in $(head -n "$nodes" "$HOSTFILE" | cut -d" " -f1)
+ for machine in $(head -n "$nodes" "$HOSTFILE" | cut -d" " -f1)
+ for machine in $(head -n "$nodes" "$HOSTFILE" | cut -d" " -f1)
+ for machine in $(head -n "$nodes" "$HOSTFILE" | cut -d" " -f1)
++ which stress
++ which stress
+ for machine in $(head -n "$nodes" "$HOSTFILE" | cut -d" " -f1)
++ which stress
+ sleep 10m
++ which stress
++ which stress
+ ssh '/gnu/store/9wlnqbvkmdwjysi56xcwmym1xaprd2cm-profile/bin/stress --cpu 24 --io 0 --vm 0 --timeout 10m'
+ ssh '/gnu/store/9wlnqbvkmdwjysi56xcwmym1xaprd2cm-profile/bin/stress --cpu 24 --io 0 --vm 0 --timeout 10m'
+ ssh '/gnu/store/9wlnqbvkmdwjysi56xcwmym1xaprd2cm-profile/bin/stress --cpu 24 --io 0 --vm 0 --timeout 10m'
+ ssh '/gnu/store/9wlnqbvkmdwjysi56xcwmym1xaprd2cm-profile/bin/stress --cpu 24 --io 0 --vm 0 --timeout 10m'
+ ssh '/gnu/store/9wlnqbvkmdwjysi56xcwmym1xaprd2cm-profile/bin/stress --cpu 24 --io 0 --vm 0 --timeout 10m'
hostname contains invalid characters
hostname contains invalid characters
hostname contains invalid characters
hostname contains invalid characters
hostname contains invalid characters
++ date '+%F %T'
+ end_ts='2025-11-25 02:59:33'
+ echo '10m,24,0,0,5,stress_poti_5_nodes,stress_poti_5_nodes_10m_CPU24_IO0_MEM0_N5_28,2025-11-25 02:49:33,2025-11-25 02:59:33'
+ sleep 30
+ IFS=,
+ read -r time cpu io memory nodes exp order
++ date '+%F %T'
+ start_ts='2025-11-25 03:00:03'
+ pids=()
++ head -n 2 stress_poti_5_nodes_734316/734316.nodes
++ cut '-d ' -f1
+ for machine in $(head -n "$nodes" "$HOSTFILE" | cut -d" " -f1)
+ for machine in $(head -n "$nodes" "$HOSTFILE" | cut -d" " -f1)
+ sleep 10m
++ which stress
++ which stress
+ ssh '/gnu/store/9wlnqbvkmdwjysi56xcwmym1xaprd2cm-profile/bin/stress --cpu 12 --io 12 --vm 0 --timeout 10m'
+ ssh '/gnu/store/9wlnqbvkmdwjysi56xcwmym1xaprd2cm-profile/bin/stress --cpu 12 --io 12 --vm 0 --timeout 10m'
hostname contains invalid characters
hostname contains invalid characters
++ date '+%F %T'
+ end_ts='2025-11-25 03:10:03'
+ echo '10m,12,12,0,2,stress_poti_5_nodes,stress_poti_5_nodes_10m_CPU12_IO12_MEM0_N2_29,2025-11-25 03:00:03,2025-11-25 03:10:03'
+ sleep 30
+ IFS=,
+ read -r time cpu io memory nodes exp order
++ date '+%F %T'
+ start_ts='2025-11-25 03:10:33'
+ pids=()
++ head -n 5 stress_poti_5_nodes_734316/734316.nodes
++ cut '-d ' -f1
+ for machine in $(head -n "$nodes" "$HOSTFILE" | cut -d" " -f1)
+ for machine in $(head -n "$nodes" "$HOSTFILE" | cut -d" " -f1)
+ for machine in $(head -n "$nodes" "$HOSTFILE" | cut -d" " -f1)
+ for machine in $(head -n "$nodes" "$HOSTFILE" | cut -d" " -f1)
+ for machine in $(head -n "$nodes" "$HOSTFILE" | cut -d" " -f1)
+ sleep 10m
++ which stress
++ which stress
++ which stress
++ which stress
++ which stress
+ ssh '/gnu/store/9wlnqbvkmdwjysi56xcwmym1xaprd2cm-profile/bin/stress --cpu 0 --io 0 --vm 24 --timeout 10m'
+ ssh '/gnu/store/9wlnqbvkmdwjysi56xcwmym1xaprd2cm-profile/bin/stress --cpu 0 --io 0 --vm 24 --timeout 10m'
+ ssh '/gnu/store/9wlnqbvkmdwjysi56xcwmym1xaprd2cm-profile/bin/stress --cpu 0 --io 0 --vm 24 --timeout 10m'
+ ssh '/gnu/store/9wlnqbvkmdwjysi56xcwmym1xaprd2cm-profile/bin/stress --cpu 0 --io 0 --vm 24 --timeout 10m'
+ ssh '/gnu/store/9wlnqbvkmdwjysi56xcwmym1xaprd2cm-profile/bin/stress --cpu 0 --io 0 --vm 24 --timeout 10m'
hostname contains invalid characters
hostname contains invalid characters
hostname contains invalid characters
hostname contains invalid characters
hostname contains invalid characters
++ date '+%F %T'
+ end_ts='2025-11-25 03:20:33'
+ echo '10m,0,0,24,5,stress_poti_5_nodes,stress_poti_5_nodes_10m_CPU0_IO0_MEM24_N5_30,2025-11-25 03:10:33,2025-11-25 03:20:33'
+ sleep 30
+ IFS=,
+ read -r time cpu io memory nodes exp order
++ date '+%F %T'
+ start_ts='2025-11-25 03:21:03'
+ pids=()
++ head -n 4 stress_poti_5_nodes_734316/734316.nodes
++ cut '-d ' -f1
+ for machine in $(head -n "$nodes" "$HOSTFILE" | cut -d" " -f1)
+ for machine in $(head -n "$nodes" "$HOSTFILE" | cut -d" " -f1)
+ for machine in $(head -n "$nodes" "$HOSTFILE" | cut -d" " -f1)
+ for machine in $(head -n "$nodes" "$HOSTFILE" | cut -d" " -f1)
+ sleep 10m
++ which stress
++ which stress
++ which stress
++ which stress
+ ssh '/gnu/store/9wlnqbvkmdwjysi56xcwmym1xaprd2cm-profile/bin/stress --cpu 12 --io 0 --vm 12 --timeout 10m'
+ ssh '/gnu/store/9wlnqbvkmdwjysi56xcwmym1xaprd2cm-profile/bin/stress --cpu 12 --io 0 --vm 12 --timeout 10m'
+ ssh '/gnu/store/9wlnqbvkmdwjysi56xcwmym1xaprd2cm-profile/bin/stress --cpu 12 --io 0 --vm 12 --timeout 10m'
+ ssh '/gnu/store/9wlnqbvkmdwjysi56xcwmym1xaprd2cm-profile/bin/stress --cpu 12 --io 0 --vm 12 --timeout 10m'
hostname contains invalid characters
hostname contains invalid characters
hostname contains invalid characters
hostname contains invalid characters
++ date '+%F %T'
+ end_ts='2025-11-25 03:31:03'
+ echo '10m,12,0,12,4,stress_poti_5_nodes,stress_poti_5_nodes_10m_CPU12_IO0_MEM12_N4_31,2025-11-25 03:21:03,2025-11-25 03:31:03'
+ sleep 30
+ IFS=,
+ read -r time cpu io memory nodes exp order
++ date '+%F %T'
+ start_ts='2025-11-25 03:31:33'
+ pids=()
++ head -n 2 stress_poti_5_nodes_734316/734316.nodes
++ cut '-d ' -f1
+ for machine in $(head -n "$nodes" "$HOSTFILE" | cut -d" " -f1)
+ for machine in $(head -n "$nodes" "$HOSTFILE" | cut -d" " -f1)
+ sleep 10m
++ which stress
++ which stress
+ ssh '/gnu/store/9wlnqbvkmdwjysi56xcwmym1xaprd2cm-profile/bin/stress --cpu 0 --io 0 --vm 24 --timeout 10m'
+ ssh '/gnu/store/9wlnqbvkmdwjysi56xcwmym1xaprd2cm-profile/bin/stress --cpu 0 --io 0 --vm 24 --timeout 10m'
hostname contains invalid characters
hostname contains invalid characters
++ date '+%F %T'
+ end_ts='2025-11-25 03:41:33'
+ echo '10m,0,0,24,2,stress_poti_5_nodes,stress_poti_5_nodes_10m_CPU0_IO0_MEM24_N2_32,2025-11-25 03:31:33,2025-11-25 03:41:33'
+ sleep 30
+ IFS=,
+ read -r time cpu io memory nodes exp order
++ date '+%F %T'
+ start_ts='2025-11-25 03:42:03'
+ pids=()
++ head -n 4 stress_poti_5_nodes_734316/734316.nodes
++ cut '-d ' -f1
+ for machine in $(head -n "$nodes" "$HOSTFILE" | cut -d" " -f1)
+ for machine in $(head -n "$nodes" "$HOSTFILE" | cut -d" " -f1)
+ for machine in $(head -n "$nodes" "$HOSTFILE" | cut -d" " -f1)
+ for machine in $(head -n "$nodes" "$HOSTFILE" | cut -d" " -f1)
+ sleep 10m
++ which stress
++ which stress
++ which stress
++ which stress
+ ssh '/gnu/store/9wlnqbvkmdwjysi56xcwmym1xaprd2cm-profile/bin/stress --cpu 24 --io 0 --vm 0 --timeout 10m'
+ ssh '/gnu/store/9wlnqbvkmdwjysi56xcwmym1xaprd2cm-profile/bin/stress --cpu 24 --io 0 --vm 0 --timeout 10m'
+ ssh '/gnu/store/9wlnqbvkmdwjysi56xcwmym1xaprd2cm-profile/bin/stress --cpu 24 --io 0 --vm 0 --timeout 10m'
+ ssh '/gnu/store/9wlnqbvkmdwjysi56xcwmym1xaprd2cm-profile/bin/stress --cpu 24 --io 0 --vm 0 --timeout 10m'
hostname contains invalid characters
hostname contains invalid characters
hostname contains invalid characters
hostname contains invalid characters
++ date '+%F %T'
+ end_ts='2025-11-25 03:52:04'
+ echo '10m,24,0,0,4,stress_poti_5_nodes,stress_poti_5_nodes_10m_CPU24_IO0_MEM0_N4_33,2025-11-25 03:42:03,2025-11-25 03:52:04'
+ sleep 30
+ IFS=,
+ read -r time cpu io memory nodes exp order
++ date '+%F %T'
+ start_ts='2025-11-25 03:52:34'
+ pids=()
++ head -n 3 stress_poti_5_nodes_734316/734316.nodes
++ cut '-d ' -f1
+ for machine in $(head -n "$nodes" "$HOSTFILE" | cut -d" " -f1)
+ for machine in $(head -n "$nodes" "$HOSTFILE" | cut -d" " -f1)
+ for machine in $(head -n "$nodes" "$HOSTFILE" | cut -d" " -f1)
+ sleep 10m
++ which stress
++ which stress
++ which stress
+ ssh '/gnu/store/9wlnqbvkmdwjysi56xcwmym1xaprd2cm-profile/bin/stress --cpu 24 --io 0 --vm 0 --timeout 10m'
+ ssh '/gnu/store/9wlnqbvkmdwjysi56xcwmym1xaprd2cm-profile/bin/stress --cpu 24 --io 0 --vm 0 --timeout 10m'
+ ssh '/gnu/store/9wlnqbvkmdwjysi56xcwmym1xaprd2cm-profile/bin/stress --cpu 24 --io 0 --vm 0 --timeout 10m'
hostname contains invalid characters
hostname contains invalid characters
hostname contains invalid characters
++ date '+%F %T'
+ end_ts='2025-11-25 04:02:34'
+ echo '10m,24,0,0,3,stress_poti_5_nodes,stress_poti_5_nodes_10m_CPU24_IO0_MEM0_N3_34,2025-11-25 03:52:34,2025-11-25 04:02:34'
+ sleep 30
+ IFS=,
+ read -r time cpu io memory nodes exp order
++ date '+%F %T'
+ start_ts='2025-11-25 04:03:04'
+ pids=()
++ head -n 2 stress_poti_5_nodes_734316/734316.nodes
++ cut '-d ' -f1
+ for machine in $(head -n "$nodes" "$HOSTFILE" | cut -d" " -f1)
+ for machine in $(head -n "$nodes" "$HOSTFILE" | cut -d" " -f1)
+ sleep 10m
++ which stress
++ which stress
+ ssh '/gnu/store/9wlnqbvkmdwjysi56xcwmym1xaprd2cm-profile/bin/stress --cpu 8 --io 8 --vm 8 --timeout 10m'
+ ssh '/gnu/store/9wlnqbvkmdwjysi56xcwmym1xaprd2cm-profile/bin/stress --cpu 8 --io 8 --vm 8 --timeout 10m'
hostname contains invalid characters
hostname contains invalid characters
++ date '+%F %T'
+ end_ts='2025-11-25 04:13:04'
+ echo '10m,8,8,8,2,stress_poti_5_nodes,stress_poti_5_nodes_10m_CPU8_IO8_MEM8_N2_35,2025-11-25 04:03:04,2025-11-25 04:13:04'
+ sleep 30
+ IFS=,
+ read -r time cpu io memory nodes exp order
+ echo 'End of executions'
